                      :-) GROMACS - gmx mdrun, 2020.4 (-:

                            GROMACS is written by:
     Emile Apol      Rossen Apostolov      Paul Bauer     Herman J.C. Berendsen
    Par Bjelkmar      Christian Blau   Viacheslav Bolnykh     Kevin Boyd    
 Aldert van Buuren   Rudi van Drunen     Anton Feenstra       Alan Gray     
  Gerrit Groenhof     Anca Hamuraru    Vincent Hindriksen  M. Eric Irrgang  
  Aleksei Iupinov   Christoph Junghans     Joe Jordan     Dimitrios Karkoulis
    Peter Kasson        Jiri Kraus      Carsten Kutzner      Per Larsson    
  Justin A. Lemkul    Viveca Lindahl    Magnus Lundborg     Erik Marklund   
    Pascal Merz     Pieter Meulenhoff    Teemu Murtola       Szilard Pall   
    Sander Pronk      Roland Schulz      Michael Shirts    Alexey Shvetsov  
   Alfons Sijbers     Peter Tieleman      Jon Vincent      Teemu Virolainen 
 Christian Wennberg    Maarten Wolf      Artem Zhmurov   
                           and the project leaders:
        Mark Abraham, Berk Hess, Erik Lindahl, and David van der Spoel

Copyright (c) 1991-2000, University of Groningen, The Netherlands.
Copyright (c) 2001-2019, The GROMACS development team at
Uppsala University, Stockholm University and
the Royal Institute of Technology, Sweden.
check out http://www.gromacs.org for more information.

GROMACS is free software; you can redistribute it and/or modify it
under the terms of the GNU Lesser General Public License
as published by the Free Software Foundation; either version 2.1
of the License, or (at your option) any later version.

GROMACS:      gmx mdrun, version 2020.4
Executable:   /share/apps/gromacs/2020.4/openmpi/intel/bin/gmx_mpi
Data prefix:  /share/apps/gromacs/2020.4/openmpi/intel
Working dir:  /home/cl6661/ondemand/data/sys/myjobs/projects/default/11
Process ID:   2947510
Command line:
  gmx_mpi mdrun -v -deffnm step4.1_equilibration

GROMACS version:    2020.4
Verified release checksum is 79c2857291b034542c26e90512b92fd4b184a1c9d6fa59c55f2e24ccf14e7281
Precision:          single
Memory model:       64 bit
MPI library:        MPI
OpenMP support:     disabled
GPU support:        disabled
SIMD instructions:  AVX_512
FFT library:        Intel MKL
RDTSCP usage:       enabled
TNG support:        enabled
Hwloc support:      disabled
Tracing support:    disabled
C compiler:         /share/apps/openmpi/4.0.5/intel/bin/mpicc Intel 19.1.2.20200623
C compiler flags:   -xCORE-AVX512 -qopt-zmm-usage=high -mkl=sequential -wd3180 -std=gnu99 -ip -funroll-all-loops -alias-const -ansi-alias -no-prec-div -fimf-domain-exclusion=14 -qoverride-limits -O3 -DNDEBUG
C++ compiler:       /share/apps/openmpi/4.0.5/intel/bin/mpicxx Intel 19.1.2.20200623
C++ compiler flags: -xCORE-AVX512 -qopt-zmm-usage=high -mkl=sequential -wd3180 -ip -funroll-all-loops -alias-const -ansi-alias -no-prec-div -fimf-domain-exclusion=14 -qoverride-limits -O3 -DNDEBUG


Running on 1 node with total 48 cores, 48 logical cores
Hardware detected on host cs490.hpc.nyu.edu (the node of MPI rank 0):
  CPU info:
    Vendor: Intel
    Brand:  Intel(R) Xeon(R) Platinum 8268 CPU @ 2.90GHz
    Family: 6   Model: 85   Stepping: 7
    Features: aes apic avx avx2 avx512f avx512cd avx512bw avx512vl clfsh cmov cx8 cx16 f16c fma htt intel lahf mmx msr nonstop_tsc pcid pclmuldq pdcm pdpe1gb popcnt pse rdrnd rdtscp sse2 sse3 sse4.1 sse4.2 ssse3 tdt x2apic
    Number of AVX-512 FMA units: 2
  Hardware topology: Basic
    Sockets, cores, and logical processors:
      Socket  0: [   0] [   1] [   2] [   3] [   4] [   5] [   6] [   7] [   8] [   9] [  10] [  11] [  12] [  13] [  14] [  15] [  16] [  17] [  18] [  19] [  20] [  21] [  22] [  23]
      Socket  1: [  24] [  25] [  26] [  27] [  28] [  29] [  30] [  31] [  32] [  33] [  34] [  35] [  36] [  37] [  38] [  39] [  40] [  41] [  42] [  43] [  44] [  45] [  46] [  47]


++++ PLEASE READ AND CITE THE FOLLOWING REFERENCE ++++
M. J. Abraham, T. Murtola, R. Schulz, S. Páll, J. C. Smith, B. Hess, E.
Lindahl
GROMACS: High performance molecular simulations through multi-level
parallelism from laptops to supercomputers
SoftwareX 1 (2015) pp. 19-25
-------- -------- --- Thank You --- -------- --------


++++ PLEASE READ AND CITE THE FOLLOWING REFERENCE ++++
S. Páll, M. J. Abraham, C. Kutzner, B. Hess, E. Lindahl
Tackling Exascale Software Challenges in Molecular Dynamics Simulations with
GROMACS
In S. Markidis & E. Laure (Eds.), Solving Software Challenges for Exascale 8759 (2015) pp. 3-27
-------- -------- --- Thank You --- -------- --------


++++ PLEASE READ AND CITE THE FOLLOWING REFERENCE ++++
S. Pronk, S. Páll, R. Schulz, P. Larsson, P. Bjelkmar, R. Apostolov, M. R.
Shirts, J. C. Smith, P. M. Kasson, D. van der Spoel, B. Hess, and E. Lindahl
GROMACS 4.5: a high-throughput and highly parallel open source molecular
simulation toolkit
Bioinformatics 29 (2013) pp. 845-54
-------- -------- --- Thank You --- -------- --------


++++ PLEASE READ AND CITE THE FOLLOWING REFERENCE ++++
B. Hess and C. Kutzner and D. van der Spoel and E. Lindahl
GROMACS 4: Algorithms for highly efficient, load-balanced, and scalable
molecular simulation
J. Chem. Theory Comput. 4 (2008) pp. 435-447
-------- -------- --- Thank You --- -------- --------


++++ PLEASE READ AND CITE THE FOLLOWING REFERENCE ++++
D. van der Spoel, E. Lindahl, B. Hess, G. Groenhof, A. E. Mark and H. J. C.
Berendsen
GROMACS: Fast, Flexible and Free
J. Comp. Chem. 26 (2005) pp. 1701-1719
-------- -------- --- Thank You --- -------- --------


++++ PLEASE READ AND CITE THE FOLLOWING REFERENCE ++++
E. Lindahl and B. Hess and D. van der Spoel
GROMACS 3.0: A package for molecular simulation and trajectory analysis
J. Mol. Mod. 7 (2001) pp. 306-317
-------- -------- --- Thank You --- -------- --------


++++ PLEASE READ AND CITE THE FOLLOWING REFERENCE ++++
H. J. C. Berendsen, D. van der Spoel and R. van Drunen
GROMACS: A message-passing parallel molecular dynamics implementation
Comp. Phys. Comm. 91 (1995) pp. 43-56
-------- -------- --- Thank You --- -------- --------


++++ PLEASE CITE THE DOI FOR THIS VERSION OF GROMACS ++++
https://doi.org/10.5281/zenodo.4054979
-------- -------- --- Thank You --- -------- --------

Input Parameters:
   integrator                     = md
   tinit                          = 0
   dt                             = 0.001
   nsteps                         = 125000
   init-step                      = 0
   simulation-part                = 1
   comm-mode                      = Linear
   nstcomm                        = 100
   bd-fric                        = 0
   ld-seed                        = -95068017
   emtol                          = 10
   emstep                         = 0.01
   niter                          = 20
   fcstep                         = 0
   nstcgsteep                     = 1000
   nbfgscorr                      = 10
   rtpi                           = 0.05
   nstxout                        = 0
   nstvout                        = 5000
   nstfout                        = 5000
   nstlog                         = 1000
   nstcalcenergy                  = 100
   nstenergy                      = 1000
   nstxout-compressed             = 5000
   compressed-x-precision         = 1000
   cutoff-scheme                  = Verlet
   nstlist                        = 20
   pbc                            = xyz
   periodic-molecules             = false
   verlet-buffer-tolerance        = 0.005
   rlist                          = 1.2
   coulombtype                    = PME
   coulomb-modifier               = Potential-shift
   rcoulomb-switch                = 0
   rcoulomb                       = 1.2
   epsilon-r                      = 1
   epsilon-rf                     = inf
   vdw-type                       = Cut-off
   vdw-modifier                   = Force-switch
   rvdw-switch                    = 1
   rvdw                           = 1.2
   DispCorr                       = No
   table-extension                = 1
   fourierspacing                 = 0.12
   fourier-nx                     = 42
   fourier-ny                     = 42
   fourier-nz                     = 42
   pme-order                      = 4
   ewald-rtol                     = 1e-05
   ewald-rtol-lj                  = 0.001
   lj-pme-comb-rule               = Geometric
   ewald-geometry                 = 0
   epsilon-surface                = 0
   tcoupl                         = Nose-Hoover
   nsttcouple                     = 20
   nh-chain-length                = 1
   print-nose-hoover-chain-variables = false
   pcoupl                         = No
   pcoupltype                     = Isotropic
   nstpcouple                     = -1
   tau-p                          = 1
   compressibility (3x3):
      compressibility[    0]={ 0.00000e+00,  0.00000e+00,  0.00000e+00}
      compressibility[    1]={ 0.00000e+00,  0.00000e+00,  0.00000e+00}
      compressibility[    2]={ 0.00000e+00,  0.00000e+00,  0.00000e+00}
   ref-p (3x3):
      ref-p[    0]={ 0.00000e+00,  0.00000e+00,  0.00000e+00}
      ref-p[    1]={ 0.00000e+00,  0.00000e+00,  0.00000e+00}
      ref-p[    2]={ 0.00000e+00,  0.00000e+00,  0.00000e+00}
   refcoord-scaling               = No
   posres-com (3):
      posres-com[0]= 0.00000e+00
      posres-com[1]= 0.00000e+00
      posres-com[2]= 0.00000e+00
   posres-comB (3):
      posres-comB[0]= 0.00000e+00
      posres-comB[1]= 0.00000e+00
      posres-comB[2]= 0.00000e+00
   QMMM                           = false
   QMconstraints                  = 0
   QMMMscheme                     = 0
   MMChargeScaleFactor            = 1
qm-opts:
   ngQM                           = 0
   constraint-algorithm           = Lincs
   continuation                   = false
   Shake-SOR                      = false
   shake-tol                      = 0.0001
   lincs-order                    = 4
   lincs-iter                     = 1
   lincs-warnangle                = 30
   nwall                          = 0
   wall-type                      = 9-3
   wall-r-linpot                  = -1
   wall-atomtype[0]               = -1
   wall-atomtype[1]               = -1
   wall-density[0]                = 0
   wall-density[1]                = 0
   wall-ewald-zfac                = 3
   pull                           = false
   awh                            = false
   rotation                       = false
   interactiveMD                  = false
   disre                          = No
   disre-weighting                = Conservative
   disre-mixed                    = false
   dr-fc                          = 1000
   dr-tau                         = 0
   nstdisreout                    = 100
   orire-fc                       = 0
   orire-tau                      = 0
   nstorireout                    = 100
   free-energy                    = no
   cos-acceleration               = 0
   deform (3x3):
      deform[    0]={ 0.00000e+00,  0.00000e+00,  0.00000e+00}
      deform[    1]={ 0.00000e+00,  0.00000e+00,  0.00000e+00}
      deform[    2]={ 0.00000e+00,  0.00000e+00,  0.00000e+00}
   simulated-tempering            = false
   swapcoords                     = no
   userint1                       = 0
   userint2                       = 0
   userint3                       = 0
   userint4                       = 0
   userreal1                      = 0
   userreal2                      = 0
   userreal3                      = 0
   userreal4                      = 0
   applied-forces:
     electric-field:
       x:
         E0                       = 0
         omega                    = 0
         t0                       = 0
         sigma                    = 0
       y:
         E0                       = 0
         omega                    = 0
         t0                       = 0
         sigma                    = 0
       z:
         E0                       = 0
         omega                    = 0
         t0                       = 0
         sigma                    = 0
     density-guided-simulation:
       active                     = false
       group                      = protein
       similarity-measure         = inner-product
       atom-spreading-weight      = unity
       force-constant             = 1e+09
       gaussian-transform-spreading-width = 0.2
       gaussian-transform-spreading-range-in-multiples-of-width = 4
       reference-density-filename = reference.mrc
       nst                        = 1
       normalize-densities        = true
       adaptive-force-scaling     = false
       adaptive-force-scaling-time-constant = 4
grpopts:
   nrdf:       23289
   ref-t:         300
   tau-t:           1
annealing:          No
annealing-npoints:           0
   acc:	           0           0           0
   nfreeze:           N           N           N
   energygrp-flags[  0]: 0

Changing nstlist from 20 to 100, rlist from 1.2 to 1.297


Initializing Domain Decomposition on 48 ranks
Dynamic load balancing: auto
Using update groups, nr 3889, average size 3.0 atoms, max. radius 0.078 nm
Minimum cell size due to atom displacement: 0.296 nm
Scaling the initial minimum size with 1/0.8 (option -dds) = 1.25
Guess for relative PME load: 0.20
Will use 36 particle-particle and 12 PME only ranks
This is a guess, check the performance at the end of the log file
Using 12 separate PME ranks, as guessed by mdrun
Optimizing the DD grid for 36 cells with a minimum initial size of 0.370 nm
The maximum allowed number of cells is: X 13 Y 13 Z 13
Domain decomposition grid 6 x 6 x 1, separate PME ranks 12
PME domain decomposition: 6 x 2 x 1
Interleaving PP and PME ranks
This rank does only particle-particle work.
Domain decomposition rank 0, coordinates 0 0 0

The initial number of communication pulses is: X 2 Y 2
The initial domain decomposition cell size is: X 0.83 nm Y 0.83 nm

When dynamic load balancing gets turned on, these settings will change to:
The maximum number of communication pulses is: X 3 Y 3
The minimum size for domain decomposition cells is 0.484 nm
The requested allowed shrink of DD cells (option -dds) is: 0.80
The allowed shrink of domain decomposition cells is: X 0.58 Y 0.58

Using 48 MPI processes

Non-default thread affinity set, disabling internal thread affinity
System total charge: 0.000
Will do PME sum in reciprocal space for electrostatic interactions.

++++ PLEASE READ AND CITE THE FOLLOWING REFERENCE ++++
U. Essmann, L. Perera, M. L. Berkowitz, T. Darden, H. Lee and L. G. Pedersen 
A smooth particle mesh Ewald method
J. Chem. Phys. 103 (1995) pp. 8577-8592
-------- -------- --- Thank You --- -------- --------

Using a Gaussian width (1/beta) of 0.384195 nm for Ewald
Potential shift: LJ r^-12: -2.648e-01 r^-6: -5.349e-01, Ewald -8.333e-06
Initialized non-bonded Ewald tables, spacing: 1.02e-03 size: 1176


Using SIMD 4x8 nonbonded short-range kernels

Using a dual 4x8 pair-list setup updated with dynamic pruning:
  outer list: updated every 100 steps, buffer 0.097 nm, rlist 1.297 nm
  inner list: updated every  23 steps, buffer 0.001 nm, rlist 1.201 nm
At tolerance 0.005 kJ/mol/ps per atom, equivalent classical 1x1 list would be:
  outer list: updated every 100 steps, buffer 0.227 nm, rlist 1.427 nm
  inner list: updated every  23 steps, buffer 0.046 nm, rlist 1.246 nm

Removing pbc first time

++++ PLEASE READ AND CITE THE FOLLOWING REFERENCE ++++
S. Miyamoto and P. A. Kollman
SETTLE: An Analytical Version of the SHAKE and RATTLE Algorithms for Rigid
Water Models
J. Comp. Chem. 13 (1992) pp. 952-962
-------- -------- --- Thank You --- -------- --------


Linking all bonded interactions to atoms


Intra-simulation communication will occur every 20 steps.
There are: 11639 Atoms
Atom distribution over 36 domains: av 323 stddev 22 min 297 max 381

Constraining the starting coordinates (step 0)

Constraining the coordinates at t0-dt (step 0)
Center of mass motion removal mode is Linear
We have the following groups for center of mass motion removal:
  0:  SOLV
RMS relative constraint deviation after constraining: 0.00e+00
Initial temperature: 303.935 K

Started mdrun on rank 0 Tue Oct 11 10:03:22 2022

           Step           Time
              0        0.00000

   Energies (kJ/mol)
        LJ (SR)   Coulomb (SR)   Coul. recip.      Potential    Kinetic En.
    2.56542e+04   -2.13117e+05    6.14398e+02   -1.86849e+05    2.94308e+04
   Total Energy  Conserved En.    Temperature Pressure (bar)
   -1.57418e+05   -1.57418e+05    3.03982e+02   -1.63325e+03


DD  step 99 load imb.: force 12.5%  pme mesh/force 2.675

DD  step 999 load imb.: force  8.5%  pme mesh/force 0.831
           Step           Time
           1000        1.00000

   Energies (kJ/mol)
        LJ (SR)   Coulomb (SR)   Coul. recip.      Potential    Kinetic En.
    1.75018e+04   -1.85758e+05    4.84874e+02   -1.67772e+05    2.26187e+04
   Total Energy  Conserved En.    Temperature Pressure (bar)
   -1.45153e+05   -1.55856e+05    2.33622e+02   -2.22568e+03


DD  step 1999 load imb.: force  7.4%  pme mesh/force 0.825
           Step           Time
           2000        2.00000

   Energies (kJ/mol)
        LJ (SR)   Coulomb (SR)   Coul. recip.      Potential    Kinetic En.
    1.64695e+04   -1.79963e+05    5.37309e+02   -1.62957e+05    2.63639e+04
   Total Energy  Conserved En.    Temperature Pressure (bar)
   -1.36593e+05   -1.55426e+05    2.72305e+02   -1.82985e+03


DD  step 2999 load imb.: force  7.9%  pme mesh/force 0.828
           Step           Time
           3000        3.00000

   Energies (kJ/mol)
        LJ (SR)   Coulomb (SR)   Coul. recip.      Potential    Kinetic En.
    1.66480e+04   -1.77456e+05    5.59835e+02   -1.60249e+05    2.89240e+04
   Total Energy  Conserved En.    Temperature Pressure (bar)
   -1.31325e+05   -1.55168e+05    2.98747e+02   -1.20110e+03


DD  step 3999 load imb.: force  6.9%  pme mesh/force 0.848
           Step           Time
           4000        4.00000

   Energies (kJ/mol)
        LJ (SR)   Coulomb (SR)   Coul. recip.      Potential    Kinetic En.
    1.58928e+04   -1.75746e+05    5.72415e+02   -1.59281e+05    2.99084e+04
   Total Energy  Conserved En.    Temperature Pressure (bar)
   -1.29372e+05   -1.54923e+05    3.08914e+02   -1.35484e+03


DD  step 4999 load imb.: force  8.9%  pme mesh/force 0.815
           Step           Time
           5000        5.00000

   Energies (kJ/mol)
        LJ (SR)   Coulomb (SR)   Coul. recip.      Potential    Kinetic En.
    1.71729e+04   -1.78683e+05    5.90708e+02   -1.60919e+05    2.98045e+04
   Total Energy  Conserved En.    Temperature Pressure (bar)
   -1.31115e+05   -1.54725e+05    3.07841e+02   -9.91464e+02


DD  step 5999 load imb.: force  7.4%  pme mesh/force 0.824
           Step           Time
           6000        6.00000

   Energies (kJ/mol)
        LJ (SR)   Coulomb (SR)   Coul. recip.      Potential    Kinetic En.
    1.67936e+04   -1.77933e+05    5.77342e+02   -1.60562e+05    2.88785e+04
   Total Energy  Conserved En.    Temperature Pressure (bar)
   -1.31684e+05   -1.54751e+05    2.98277e+02   -1.17084e+03


DD  step 6999 load imb.: force  5.1%  pme mesh/force 0.825
           Step           Time
           7000        7.00000

   Energies (kJ/mol)
        LJ (SR)   Coulomb (SR)   Coul. recip.      Potential    Kinetic En.
    1.69925e+04   -1.78575e+05    5.74268e+02   -1.61008e+05    2.87385e+04
   Total Energy  Conserved En.    Temperature Pressure (bar)
   -1.32269e+05   -1.54773e+05    2.96831e+02   -1.09297e+03


DD  step 7999 load imb.: force  6.8%  pme mesh/force 1.010
           Step           Time
           8000        8.00000

   Energies (kJ/mol)
        LJ (SR)   Coulomb (SR)   Coul. recip.      Potential    Kinetic En.
    1.68386e+04   -1.78565e+05    5.40350e+02   -1.61186e+05    2.98171e+04
   Total Energy  Conserved En.    Temperature Pressure (bar)
   -1.31368e+05   -1.54754e+05    3.07971e+02   -1.20785e+03


DD  step 8999 load imb.: force  6.6%  pme mesh/force 0.841
           Step           Time
           9000        9.00000

   Energies (kJ/mol)
        LJ (SR)   Coulomb (SR)   Coul. recip.      Potential    Kinetic En.
    1.80130e+04   -1.79598e+05    5.24667e+02   -1.61060e+05    2.90465e+04
   Total Energy  Conserved En.    Temperature Pressure (bar)
   -1.32014e+05   -1.54734e+05    3.00012e+02   -6.78162e+02


DD  step 9999 load imb.: force 13.5%  pme mesh/force 0.884

step 10000 Turning on dynamic load balancing, because the performance loss due to load imbalance is 6.1 %.
           Step           Time
          10000       10.00000

   Energies (kJ/mol)
        LJ (SR)   Coulomb (SR)   Coul. recip.      Potential    Kinetic En.
    1.70981e+04   -1.79184e+05    5.64812e+02   -1.61521e+05    2.88243e+04
   Total Energy  Conserved En.    Temperature Pressure (bar)
   -1.32697e+05   -1.54805e+05    2.97717e+02   -1.16286e+03


DD  step 10999  vol min/aver 0.878  load imb.: force  5.6%  pme mesh/force 0.865
           Step           Time
          11000       11.00000

   Energies (kJ/mol)
        LJ (SR)   Coulomb (SR)   Coul. recip.      Potential    Kinetic En.
    1.67556e+04   -1.78797e+05    5.39654e+02   -1.61502e+05    2.87801e+04
   Total Energy  Conserved En.    Temperature Pressure (bar)
   -1.32722e+05   -1.54792e+05    2.97260e+02   -1.30872e+03


DD  step 11999  vol min/aver 0.898  load imb.: force  5.8%  pme mesh/force 0.857
           Step           Time
          12000       12.00000

   Energies (kJ/mol)
        LJ (SR)   Coulomb (SR)   Coul. recip.      Potential    Kinetic En.
    1.68981e+04   -1.79228e+05    5.82167e+02   -1.61748e+05    2.89423e+04
   Total Energy  Conserved En.    Temperature Pressure (bar)
   -1.32805e+05   -1.54811e+05    2.98935e+02   -1.36221e+03


DD  step 12999  vol min/aver 0.882  load imb.: force  4.7%  pme mesh/force 0.841
           Step           Time
          13000       13.00000

   Energies (kJ/mol)
        LJ (SR)   Coulomb (SR)   Coul. recip.      Potential    Kinetic En.
    1.63277e+04   -1.77637e+05    6.00854e+02   -1.60709e+05    2.89611e+04
   Total Energy  Conserved En.    Temperature Pressure (bar)
   -1.31747e+05   -1.54811e+05    2.99130e+02   -1.43863e+03


DD  step 13999  vol min/aver 0.916  load imb.: force  6.5%  pme mesh/force 0.910
           Step           Time
          14000       14.00000

   Energies (kJ/mol)
        LJ (SR)   Coulomb (SR)   Coul. recip.      Potential    Kinetic En.
    1.74358e+04   -1.78462e+05    5.71927e+02   -1.60455e+05    2.93278e+04
   Total Energy  Conserved En.    Temperature Pressure (bar)
   -1.31127e+05   -1.54808e+05    3.02918e+02   -7.92446e+02


DD  step 14999  vol min/aver 0.925  load imb.: force  6.1%  pme mesh/force 0.854
           Step           Time
          15000       15.00000

   Energies (kJ/mol)
        LJ (SR)   Coulomb (SR)   Coul. recip.      Potential    Kinetic En.
    1.73175e+04   -1.78611e+05    5.43613e+02   -1.60750e+05    2.97176e+04
   Total Energy  Conserved En.    Temperature Pressure (bar)
   -1.31032e+05   -1.54774e+05    3.06944e+02   -9.54712e+02


DD  step 15999  vol min/aver 0.901  load imb.: force  6.6%  pme mesh/force 0.860
           Step           Time
          16000       16.00000

   Energies (kJ/mol)
        LJ (SR)   Coulomb (SR)   Coul. recip.      Potential    Kinetic En.
    1.70191e+04   -1.78124e+05    5.85945e+02   -1.60519e+05    2.95837e+04
   Total Energy  Conserved En.    Temperature Pressure (bar)
   -1.30935e+05   -1.54760e+05    3.05561e+02   -1.05095e+03


DD  step 16999  vol min/aver 0.856  load imb.: force  5.5%  pme mesh/force 0.854
           Step           Time
          17000       17.00000

   Energies (kJ/mol)
        LJ (SR)   Coulomb (SR)   Coul. recip.      Potential    Kinetic En.
    1.67498e+04   -1.77787e+05    5.42915e+02   -1.60494e+05    2.89147e+04
   Total Energy  Conserved En.    Temperature Pressure (bar)
   -1.31579e+05   -1.54713e+05    2.98651e+02   -1.16347e+03


DD  step 17999  vol min/aver 0.900  load imb.: force  5.9%  pme mesh/force 0.839
           Step           Time
          18000       18.00000

   Energies (kJ/mol)
        LJ (SR)   Coulomb (SR)   Coul. recip.      Potential    Kinetic En.
    1.68275e+04   -1.77906e+05    5.44109e+02   -1.60534e+05    2.92040e+04
   Total Energy  Conserved En.    Temperature Pressure (bar)
   -1.31330e+05   -1.54740e+05    3.01639e+02   -1.13611e+03


DD  step 18999  vol min/aver 0.871  load imb.: force  7.2%  pme mesh/force 1.126
           Step           Time
          19000       19.00000

   Energies (kJ/mol)
        LJ (SR)   Coulomb (SR)   Coul. recip.      Potential    Kinetic En.
    1.68168e+04   -1.78810e+05    5.85537e+02   -1.61408e+05    2.90177e+04
   Total Energy  Conserved En.    Temperature Pressure (bar)
   -1.32390e+05   -1.54734e+05    2.99715e+02   -1.27433e+03


DD  step 19999  vol min/aver 0.886  load imb.: force  6.0%  pme mesh/force 0.853
           Step           Time
          20000       20.00000

   Energies (kJ/mol)
        LJ (SR)   Coulomb (SR)   Coul. recip.      Potential    Kinetic En.
    1.72000e+04   -1.78725e+05    5.88393e+02   -1.60937e+05    2.86458e+04
   Total Energy  Conserved En.    Temperature Pressure (bar)
   -1.32291e+05   -1.54727e+05    2.95873e+02   -1.04927e+03


DD  step 20999  vol min/aver 0.910  load imb.: force  6.9%  pme mesh/force 0.825
           Step           Time
          21000       21.00000

   Energies (kJ/mol)
        LJ (SR)   Coulomb (SR)   Coul. recip.      Potential    Kinetic En.
    1.70628e+04   -1.79022e+05    5.91441e+02   -1.61368e+05    2.87432e+04
   Total Energy  Conserved En.    Temperature Pressure (bar)
   -1.32624e+05   -1.54767e+05    2.96879e+02   -1.15963e+03


DD  step 21999  vol min/aver 0.908  load imb.: force  5.3%  pme mesh/force 0.857
           Step           Time
          22000       22.00000

   Energies (kJ/mol)
        LJ (SR)   Coulomb (SR)   Coul. recip.      Potential    Kinetic En.
    1.65893e+04   -1.78194e+05    5.87830e+02   -1.61017e+05    2.88389e+04
   Total Energy  Conserved En.    Temperature Pressure (bar)
   -1.32178e+05   -1.54799e+05    2.97868e+02   -1.31452e+03


DD  step 22999  vol min/aver 0.881  load imb.: force  6.6%  pme mesh/force 0.832
           Step           Time
          23000       23.00000

   Energies (kJ/mol)
        LJ (SR)   Coulomb (SR)   Coul. recip.      Potential    Kinetic En.
    1.76943e+04   -1.79696e+05    5.27296e+02   -1.61474e+05    2.89527e+04
   Total Energy  Conserved En.    Temperature Pressure (bar)
   -1.32522e+05   -1.54780e+05    2.99043e+02   -8.50328e+02


DD  step 23999  vol min/aver 0.883  load imb.: force  7.0%  pme mesh/force 0.869
           Step           Time
          24000       24.00000

   Energies (kJ/mol)
        LJ (SR)   Coulomb (SR)   Coul. recip.      Potential    Kinetic En.
    1.67748e+04   -1.78534e+05    5.76407e+02   -1.61182e+05    2.92977e+04
   Total Energy  Conserved En.    Temperature Pressure (bar)
   -1.31885e+05   -1.54732e+05    3.02607e+02   -1.28845e+03


DD  step 24999  vol min/aver 0.909  load imb.: force  5.6%  pme mesh/force 0.850
           Step           Time
          25000       25.00000

   Energies (kJ/mol)
        LJ (SR)   Coulomb (SR)   Coul. recip.      Potential    Kinetic En.
    1.64764e+04   -1.78006e+05    6.03174e+02   -1.60926e+05    2.89459e+04
   Total Energy  Conserved En.    Temperature Pressure (bar)
   -1.31980e+05   -1.54723e+05    2.98973e+02   -1.37118e+03


DD  step 25999  vol min/aver 0.918  load imb.: force  6.2%  pme mesh/force 0.842
           Step           Time
          26000       26.00000

   Energies (kJ/mol)
        LJ (SR)   Coulomb (SR)   Coul. recip.      Potential    Kinetic En.
    1.74441e+04   -1.79794e+05    5.76611e+02   -1.61773e+05    2.90363e+04
   Total Energy  Conserved En.    Temperature Pressure (bar)
   -1.32737e+05   -1.54746e+05    2.99907e+02   -1.05691e+03


DD  step 26999  vol min/aver 0.905  load imb.: force  5.8%  pme mesh/force 0.854
           Step           Time
          27000       27.00000

   Energies (kJ/mol)
        LJ (SR)   Coulomb (SR)   Coul. recip.      Potential    Kinetic En.
    1.74525e+04   -1.79249e+05    5.60968e+02   -1.61235e+05    2.94033e+04
   Total Energy  Conserved En.    Temperature Pressure (bar)
   -1.31832e+05   -1.54704e+05    3.03698e+02   -8.93498e+02


DD  step 27999  vol min/aver 0.892  load imb.: force  5.9%  pme mesh/force 0.850
           Step           Time
          28000       28.00000

   Energies (kJ/mol)
        LJ (SR)   Coulomb (SR)   Coul. recip.      Potential    Kinetic En.
    1.69745e+04   -1.78805e+05    5.72331e+02   -1.61258e+05    2.90112e+04
   Total Energy  Conserved En.    Temperature Pressure (bar)
   -1.32247e+05   -1.54718e+05    2.99647e+02   -1.17653e+03


DD  step 28999  vol min/aver 0.880  load imb.: force  5.4%  pme mesh/force 0.866
           Step           Time
          29000       29.00000

   Energies (kJ/mol)
        LJ (SR)   Coulomb (SR)   Coul. recip.      Potential    Kinetic En.
    1.72127e+04   -1.79010e+05    5.35648e+02   -1.61262e+05    2.89192e+04
   Total Energy  Conserved En.    Temperature Pressure (bar)
   -1.32343e+05   -1.54741e+05    2.98697e+02   -1.08581e+03


DD  step 29999  vol min/aver 0.898  load imb.: force  6.5%  pme mesh/force 0.856
           Step           Time
          30000       30.00000

   Energies (kJ/mol)
        LJ (SR)   Coulomb (SR)   Coul. recip.      Potential    Kinetic En.
    1.66981e+04   -1.78065e+05    5.10971e+02   -1.60856e+05    2.90880e+04
   Total Energy  Conserved En.    Temperature Pressure (bar)
   -1.31768e+05   -1.54686e+05    3.00441e+02   -1.22863e+03


DD  step 30999  vol min/aver 0.843  load imb.: force  5.4%  pme mesh/force 0.860
           Step           Time
          31000       31.00000

   Energies (kJ/mol)
        LJ (SR)   Coulomb (SR)   Coul. recip.      Potential    Kinetic En.
    1.70369e+04   -1.79664e+05    5.75709e+02   -1.62052e+05    2.93290e+04
   Total Energy  Conserved En.    Temperature Pressure (bar)
   -1.32723e+05   -1.54712e+05    3.02930e+02   -1.28330e+03


DD  step 31999  vol min/aver 0.872  load imb.: force  7.2%  pme mesh/force 0.852
           Step           Time
          32000       32.00000

   Energies (kJ/mol)
        LJ (SR)   Coulomb (SR)   Coul. recip.      Potential    Kinetic En.
    1.79803e+04   -1.79654e+05    5.63229e+02   -1.61111e+05    2.86437e+04
   Total Energy  Conserved En.    Temperature Pressure (bar)
   -1.32467e+05   -1.54752e+05    2.95851e+02   -6.39688e+02


DD  step 32999  vol min/aver 0.876  load imb.: force  6.4%  pme mesh/force 0.890
           Step           Time
          33000       33.00000

   Energies (kJ/mol)
        LJ (SR)   Coulomb (SR)   Coul. recip.      Potential    Kinetic En.
    1.70404e+04   -1.78293e+05    5.70268e+02   -1.60683e+05    2.83273e+04
   Total Energy  Conserved En.    Temperature Pressure (bar)
   -1.32355e+05   -1.54720e+05    2.92584e+02   -1.09406e+03


DD  step 33999  vol min/aver 0.906  load imb.: force  4.5%  pme mesh/force 0.865
           Step           Time
          34000       34.00000

   Energies (kJ/mol)
        LJ (SR)   Coulomb (SR)   Coul. recip.      Potential    Kinetic En.
    1.75234e+04   -1.79393e+05    5.75781e+02   -1.61294e+05    2.88928e+04
   Total Energy  Conserved En.    Temperature Pressure (bar)
   -1.32401e+05   -1.54713e+05    2.98425e+02   -9.23776e+02


DD  step 34999  vol min/aver 0.907  load imb.: force  5.3%  pme mesh/force 0.852
           Step           Time
          35000       35.00000

   Energies (kJ/mol)
        LJ (SR)   Coulomb (SR)   Coul. recip.      Potential    Kinetic En.
    1.69842e+04   -1.79540e+05    5.80916e+02   -1.61975e+05    2.92760e+04
   Total Energy  Conserved En.    Temperature Pressure (bar)
   -1.32699e+05   -1.54696e+05    3.02382e+02   -1.32319e+03


DD  step 35999  vol min/aver 0.902  load imb.: force  6.6%  pme mesh/force 0.844
           Step           Time
          36000       36.00000

   Energies (kJ/mol)
        LJ (SR)   Coulomb (SR)   Coul. recip.      Potential    Kinetic En.
    1.77071e+04   -1.80034e+05    5.70556e+02   -1.61757e+05    2.86860e+04
   Total Energy  Conserved En.    Temperature Pressure (bar)
   -1.33071e+05   -1.54725e+05    2.96288e+02   -9.41872e+02


DD  step 36999  vol min/aver 0.844  load imb.: force  5.4%  pme mesh/force 0.859
           Step           Time
          37000       37.00000

   Energies (kJ/mol)
        LJ (SR)   Coulomb (SR)   Coul. recip.      Potential    Kinetic En.
    1.67535e+04   -1.78220e+05    5.46370e+02   -1.60920e+05    2.90955e+04
   Total Energy  Conserved En.    Temperature Pressure (bar)
   -1.31825e+05   -1.54762e+05    3.00518e+02   -1.26368e+03


DD  step 37999  vol min/aver 0.907  load imb.: force  5.8%  pme mesh/force 0.872
           Step           Time
          38000       38.00000

   Energies (kJ/mol)
        LJ (SR)   Coulomb (SR)   Coul. recip.      Potential    Kinetic En.
    1.64880e+04   -1.77487e+05    6.12778e+02   -1.60386e+05    2.93287e+04
   Total Energy  Conserved En.    Temperature Pressure (bar)
   -1.31058e+05   -1.54669e+05    3.02927e+02   -1.26915e+03


DD  step 38999  vol min/aver 0.880  load imb.: force  5.9%  pme mesh/force 0.866
           Step           Time
          39000       39.00000

   Energies (kJ/mol)
        LJ (SR)   Coulomb (SR)   Coul. recip.      Potential    Kinetic En.
    1.67954e+04   -1.78386e+05    5.52511e+02   -1.61039e+05    2.89976e+04
   Total Energy  Conserved En.    Temperature Pressure (bar)
   -1.32041e+05   -1.54698e+05    2.99507e+02   -1.25537e+03


DD  step 39999  vol min/aver 0.881  load imb.: force  6.0%  pme mesh/force 0.839
           Step           Time
          40000       40.00000

   Energies (kJ/mol)
        LJ (SR)   Coulomb (SR)   Coul. recip.      Potential    Kinetic En.
    1.69763e+04   -1.78674e+05    5.78977e+02   -1.61118e+05    2.92031e+04
   Total Energy  Conserved En.    Temperature Pressure (bar)
   -1.31915e+05   -1.54718e+05    3.01630e+02   -1.13933e+03


DD  step 40999  vol min/aver 0.869  load imb.: force  4.0%  pme mesh/force 0.862
           Step           Time
          41000       41.00000

   Energies (kJ/mol)
        LJ (SR)   Coulomb (SR)   Coul. recip.      Potential    Kinetic En.
    1.68642e+04   -1.77966e+05    5.78325e+02   -1.60524e+05    2.89708e+04
   Total Energy  Conserved En.    Temperature Pressure (bar)
   -1.31553e+05   -1.54717e+05    2.99230e+02   -1.12294e+03


DD  step 41999  vol min/aver 0.898  load imb.: force  5.3%  pme mesh/force 0.861
           Step           Time
          42000       42.00000

   Energies (kJ/mol)
        LJ (SR)   Coulomb (SR)   Coul. recip.      Potential    Kinetic En.
    1.75282e+04   -1.78210e+05    5.95902e+02   -1.60086e+05    2.89161e+04
   Total Energy  Conserved En.    Temperature Pressure (bar)
   -1.31169e+05   -1.54683e+05    2.98665e+02   -7.01771e+02


DD  step 42999  vol min/aver 0.878  load imb.: force  6.3%  pme mesh/force 0.870
           Step           Time
          43000       43.00000

   Energies (kJ/mol)
        LJ (SR)   Coulomb (SR)   Coul. recip.      Potential    Kinetic En.
    1.78337e+04   -1.79616e+05    5.74603e+02   -1.61207e+05    2.93683e+04
   Total Energy  Conserved En.    Temperature Pressure (bar)
   -1.31839e+05   -1.54666e+05    3.03336e+02   -7.37307e+02


DD  step 43999  vol min/aver 0.908  load imb.: force  6.7%  pme mesh/force 0.877
           Step           Time
          44000       44.00000

   Energies (kJ/mol)
        LJ (SR)   Coulomb (SR)   Coul. recip.      Potential    Kinetic En.
    1.72810e+04   -1.79233e+05    5.72508e+02   -1.61379e+05    2.99308e+04
   Total Energy  Conserved En.    Temperature Pressure (bar)
   -1.31448e+05   -1.54691e+05    3.09146e+02   -1.06928e+03


DD  step 44999  vol min/aver 0.908  load imb.: force  5.0%  pme mesh/force 0.899
           Step           Time
          45000       45.00000

   Energies (kJ/mol)
        LJ (SR)   Coulomb (SR)   Coul. recip.      Potential    Kinetic En.
    1.78138e+04   -1.79573e+05    5.63877e+02   -1.61196e+05    2.88197e+04
   Total Energy  Conserved En.    Temperature Pressure (bar)
   -1.32376e+05   -1.54706e+05    2.97670e+02   -7.74637e+02


DD  step 45999  vol min/aver 0.903  load imb.: force  6.0%  pme mesh/force 0.852
           Step           Time
          46000       46.00000

   Energies (kJ/mol)
        LJ (SR)   Coulomb (SR)   Coul. recip.      Potential    Kinetic En.
    1.72163e+04   -1.78993e+05    5.88966e+02   -1.61188e+05    2.87218e+04
   Total Energy  Conserved En.    Temperature Pressure (bar)
   -1.32466e+05   -1.54675e+05    2.96658e+02   -1.08431e+03


DD  step 46999  vol min/aver 0.833  load imb.: force 11.0%  pme mesh/force 0.848
           Step           Time
          47000       47.00000

   Energies (kJ/mol)
        LJ (SR)   Coulomb (SR)   Coul. recip.      Potential    Kinetic En.
    1.72584e+04   -1.79287e+05    5.22638e+02   -1.61505e+05    2.87201e+04
   Total Energy  Conserved En.    Temperature Pressure (bar)
   -1.32785e+05   -1.54721e+05    2.96640e+02   -1.10413e+03


DD  step 47999  vol min/aver 0.896  load imb.: force  6.4%  pme mesh/force 0.850
           Step           Time
          48000       48.00000

   Energies (kJ/mol)
        LJ (SR)   Coulomb (SR)   Coul. recip.      Potential    Kinetic En.
    1.68964e+04   -1.78485e+05    5.57416e+02   -1.61032e+05    2.94333e+04
   Total Energy  Conserved En.    Temperature Pressure (bar)
   -1.31598e+05   -1.54713e+05    3.04007e+02   -1.14639e+03


DD  step 48999  vol min/aver 0.845  load imb.: force  5.3%  pme mesh/force 0.829
           Step           Time
          49000       49.00000

   Energies (kJ/mol)
        LJ (SR)   Coulomb (SR)   Coul. recip.      Potential    Kinetic En.
    1.74734e+04   -1.79087e+05    5.95401e+02   -1.61019e+05    2.94418e+04
   Total Energy  Conserved En.    Temperature Pressure (bar)
   -1.31577e+05   -1.54678e+05    3.04095e+02   -9.21434e+02


DD  step 49999  vol min/aver 0.908  load imb.: force  5.2%  pme mesh/force 0.866
           Step           Time
          50000       50.00000

   Energies (kJ/mol)
        LJ (SR)   Coulomb (SR)   Coul. recip.      Potential    Kinetic En.
    1.66629e+04   -1.78729e+05    5.69098e+02   -1.61497e+05    2.92777e+04
   Total Energy  Conserved En.    Temperature Pressure (bar)
   -1.32219e+05   -1.54692e+05    3.02400e+02   -1.37888e+03


DD  step 50999  vol min/aver 0.861  load imb.: force  6.7%  pme mesh/force 0.822
           Step           Time
          51000       51.00000

   Energies (kJ/mol)
        LJ (SR)   Coulomb (SR)   Coul. recip.      Potential    Kinetic En.
    1.69541e+04   -1.78190e+05    5.99453e+02   -1.60636e+05    2.88965e+04
   Total Energy  Conserved En.    Temperature Pressure (bar)
   -1.31740e+05   -1.54654e+05    2.98463e+02   -1.08160e+03


DD  step 51999  vol min/aver 0.879  load imb.: force  6.1%  pme mesh/force 0.860
           Step           Time
          52000       52.00000

   Energies (kJ/mol)
        LJ (SR)   Coulomb (SR)   Coul. recip.      Potential    Kinetic En.
    1.67476e+04   -1.78247e+05    5.60926e+02   -1.60939e+05    2.87932e+04
   Total Energy  Conserved En.    Temperature Pressure (bar)
   -1.32145e+05   -1.54670e+05    2.97396e+02   -1.26396e+03


DD  step 52999  vol min/aver 0.867  load imb.: force  6.9%  pme mesh/force 0.849
           Step           Time
          53000       53.00000

   Energies (kJ/mol)
        LJ (SR)   Coulomb (SR)   Coul. recip.      Potential    Kinetic En.
    1.73372e+04   -1.78856e+05    5.60216e+02   -1.60959e+05    2.90536e+04
   Total Energy  Conserved En.    Temperature Pressure (bar)
   -1.31905e+05   -1.54708e+05    3.00085e+02   -8.94910e+02


DD  step 53999  vol min/aver 0.912  load imb.: force  5.0%  pme mesh/force 0.840
           Step           Time
          54000       54.00000

   Energies (kJ/mol)
        LJ (SR)   Coulomb (SR)   Coul. recip.      Potential    Kinetic En.
    1.71102e+04   -1.78728e+05    5.79703e+02   -1.61038e+05    2.87960e+04
   Total Energy  Conserved En.    Temperature Pressure (bar)
   -1.32242e+05   -1.54719e+05    2.97425e+02   -1.07618e+03


DD  step 54999  vol min/aver 0.911  load imb.: force  8.2%  pme mesh/force 0.861
           Step           Time
          55000       55.00000

   Energies (kJ/mol)
        LJ (SR)   Coulomb (SR)   Coul. recip.      Potential    Kinetic En.
    1.64065e+04   -1.78037e+05    5.51531e+02   -1.61079e+05    2.92124e+04
   Total Energy  Conserved En.    Temperature Pressure (bar)
   -1.31866e+05   -1.54692e+05    3.01726e+02   -1.46134e+03


DD  step 55999  vol min/aver 0.924  load imb.: force  5.2%  pme mesh/force 0.853
           Step           Time
          56000       56.00000

   Energies (kJ/mol)
        LJ (SR)   Coulomb (SR)   Coul. recip.      Potential    Kinetic En.
    1.74760e+04   -1.78487e+05    5.79969e+02   -1.60431e+05    2.91232e+04
   Total Energy  Conserved En.    Temperature Pressure (bar)
   -1.31308e+05   -1.54672e+05    3.00805e+02   -8.42940e+02


DD  step 56999  vol min/aver 0.891  load imb.: force  5.5%  pme mesh/force 0.841
           Step           Time
          57000       57.00000

   Energies (kJ/mol)
        LJ (SR)   Coulomb (SR)   Coul. recip.      Potential    Kinetic En.
    1.74495e+04   -1.78939e+05    5.69810e+02   -1.60919e+05    2.88645e+04
   Total Energy  Conserved En.    Temperature Pressure (bar)
   -1.32055e+05   -1.54637e+05    2.98132e+02   -8.77694e+02


DD  step 57999  vol min/aver 0.854  load imb.: force  7.7%  pme mesh/force 0.861
           Step           Time
          58000       58.00000

   Energies (kJ/mol)
        LJ (SR)   Coulomb (SR)   Coul. recip.      Potential    Kinetic En.
    1.76401e+04   -1.79426e+05    5.44475e+02   -1.61242e+05    2.93365e+04
   Total Energy  Conserved En.    Temperature Pressure (bar)
   -1.31905e+05   -1.54616e+05    3.03007e+02   -7.64102e+02


DD  step 58999  vol min/aver 0.923  load imb.: force 14.0%  pme mesh/force 0.904
           Step           Time
          59000       59.00000

   Energies (kJ/mol)
        LJ (SR)   Coulomb (SR)   Coul. recip.      Potential    Kinetic En.
    1.74128e+04   -1.79406e+05    5.53071e+02   -1.61440e+05    2.89192e+04
   Total Energy  Conserved En.    Temperature Pressure (bar)
   -1.32521e+05   -1.54675e+05    2.98697e+02   -1.05645e+03


DD  step 59999  vol min/aver 0.876  load imb.: force  5.2%  pme mesh/force 0.840
           Step           Time
          60000       60.00000

   Energies (kJ/mol)
        LJ (SR)   Coulomb (SR)   Coul. recip.      Potential    Kinetic En.
    1.71028e+04   -1.79220e+05    6.06450e+02   -1.61511e+05    2.91506e+04
   Total Energy  Conserved En.    Temperature Pressure (bar)
   -1.32360e+05   -1.54688e+05    3.01088e+02   -1.15606e+03


DD  step 60999  vol min/aver 0.864  load imb.: force  6.1%  pme mesh/force 0.866
           Step           Time
          61000       61.00000

   Energies (kJ/mol)
        LJ (SR)   Coulomb (SR)   Coul. recip.      Potential    Kinetic En.
    1.67787e+04   -1.78460e+05    5.41366e+02   -1.61140e+05    2.91445e+04
   Total Energy  Conserved En.    Temperature Pressure (bar)
   -1.31996e+05   -1.54686e+05    3.01025e+02   -1.30701e+03


DD  step 61999  vol min/aver 0.922  load imb.: force  5.0%  pme mesh/force 0.865
           Step           Time
          62000       62.00000

   Energies (kJ/mol)
        LJ (SR)   Coulomb (SR)   Coul. recip.      Potential    Kinetic En.
    1.68201e+04   -1.78645e+05    5.70121e+02   -1.61255e+05    2.83990e+04
   Total Energy  Conserved En.    Temperature Pressure (bar)
   -1.32856e+05   -1.54704e+05    2.93325e+02   -1.32460e+03


DD  step 62999  vol min/aver 0.869  load imb.: force  4.6%  pme mesh/force 0.871
           Step           Time
          63000       63.00000

   Energies (kJ/mol)
        LJ (SR)   Coulomb (SR)   Coul. recip.      Potential    Kinetic En.
    1.74996e+04   -1.79086e+05    5.63869e+02   -1.61023e+05    2.87876e+04
   Total Energy  Conserved En.    Temperature Pressure (bar)
   -1.32235e+05   -1.54691e+05    2.97338e+02   -8.91986e+02


DD  step 63999  vol min/aver 0.897  load imb.: force  5.8%  pme mesh/force 0.855
           Step           Time
          64000       64.00000

   Energies (kJ/mol)
        LJ (SR)   Coulomb (SR)   Coul. recip.      Potential    Kinetic En.
    1.76354e+04   -1.79443e+05    5.89604e+02   -1.61218e+05    2.88257e+04
   Total Energy  Conserved En.    Temperature Pressure (bar)
   -1.32392e+05   -1.54670e+05    2.97732e+02   -8.70460e+02


DD  step 64999  vol min/aver 0.872  load imb.: force  6.3%  pme mesh/force 0.854
           Step           Time
          65000       65.00000

   Energies (kJ/mol)
        LJ (SR)   Coulomb (SR)   Coul. recip.      Potential    Kinetic En.
    1.71831e+04   -1.79783e+05    5.61232e+02   -1.62038e+05    2.86361e+04
   Total Energy  Conserved En.    Temperature Pressure (bar)
   -1.33402e+05   -1.54665e+05    2.95773e+02   -1.21579e+03


DD  step 65999  vol min/aver 0.866  load imb.: force  4.3%  pme mesh/force 0.848
           Step           Time
          66000       66.00000

   Energies (kJ/mol)
        LJ (SR)   Coulomb (SR)   Coul. recip.      Potential    Kinetic En.
    1.75811e+04   -1.79751e+05    5.68124e+02   -1.61601e+05    2.89152e+04
   Total Energy  Conserved En.    Temperature Pressure (bar)
   -1.32686e+05   -1.54684e+05    2.98656e+02   -1.00219e+03


DD  step 66999  vol min/aver 0.865  load imb.: force  5.7%  pme mesh/force 0.844
           Step           Time
          67000       67.00000

   Energies (kJ/mol)
        LJ (SR)   Coulomb (SR)   Coul. recip.      Potential    Kinetic En.
    1.71752e+04   -1.78754e+05    5.26877e+02   -1.61052e+05    2.87752e+04
   Total Energy  Conserved En.    Temperature Pressure (bar)
   -1.32277e+05   -1.54681e+05    2.97210e+02   -1.08260e+03


DD  step 67999  vol min/aver 0.864  load imb.: force  5.6%  pme mesh/force 0.860
           Step           Time
          68000       68.00000

   Energies (kJ/mol)
        LJ (SR)   Coulomb (SR)   Coul. recip.      Potential    Kinetic En.
    1.69531e+04   -1.78321e+05    5.56519e+02   -1.60811e+05    2.87988e+04
   Total Energy  Conserved En.    Temperature Pressure (bar)
   -1.32012e+05   -1.54679e+05    2.97454e+02   -1.14164e+03


DD  step 68999  vol min/aver 0.837  load imb.: force  4.9%  pme mesh/force 0.855
           Step           Time
          69000       69.00000

   Energies (kJ/mol)
        LJ (SR)   Coulomb (SR)   Coul. recip.      Potential    Kinetic En.
    1.73511e+04   -1.78507e+05    5.64223e+02   -1.60591e+05    2.91826e+04
   Total Energy  Conserved En.    Temperature Pressure (bar)
   -1.31409e+05   -1.54656e+05    3.01417e+02   -9.06042e+02


DD  step 69999  vol min/aver 0.822  load imb.: force  7.7%  pme mesh/force 0.833
           Step           Time
          70000       70.00000

   Energies (kJ/mol)
        LJ (SR)   Coulomb (SR)   Coul. recip.      Potential    Kinetic En.
    1.65026e+04   -1.78686e+05    5.58546e+02   -1.61625e+05    2.95440e+04
   Total Energy  Conserved En.    Temperature Pressure (bar)
   -1.32081e+05   -1.54627e+05    3.05151e+02   -1.50150e+03


DD  step 70999  vol min/aver 0.882  load imb.: force  4.5%  pme mesh/force 0.859
           Step           Time
          71000       71.00000

   Energies (kJ/mol)
        LJ (SR)   Coulomb (SR)   Coul. recip.      Potential    Kinetic En.
    1.71229e+04   -1.78997e+05    5.56633e+02   -1.61317e+05    2.86385e+04
   Total Energy  Conserved En.    Temperature Pressure (bar)
   -1.32679e+05   -1.54639e+05    2.95798e+02   -1.15922e+03


DD  step 71999  vol min/aver 0.884  load imb.: force  4.6%  pme mesh/force 0.863
           Step           Time
          72000       72.00000

   Energies (kJ/mol)
        LJ (SR)   Coulomb (SR)   Coul. recip.      Potential    Kinetic En.
    1.63315e+04   -1.78499e+05    5.86883e+02   -1.61580e+05    2.90796e+04
   Total Energy  Conserved En.    Temperature Pressure (bar)
   -1.32501e+05   -1.54626e+05    3.00354e+02   -1.50317e+03


DD  step 72999  vol min/aver 0.924  load imb.: force  6.3%  pme mesh/force 0.868
           Step           Time
          73000       73.00000

   Energies (kJ/mol)
        LJ (SR)   Coulomb (SR)   Coul. recip.      Potential    Kinetic En.
    1.74186e+04   -1.79564e+05    5.78821e+02   -1.61566e+05    2.87003e+04
   Total Energy  Conserved En.    Temperature Pressure (bar)
   -1.32866e+05   -1.54664e+05    2.96437e+02   -1.03412e+03


DD  step 73999  vol min/aver 0.886  load imb.: force  6.2%  pme mesh/force 0.877
           Step           Time
          74000       74.00000

   Energies (kJ/mol)
        LJ (SR)   Coulomb (SR)   Coul. recip.      Potential    Kinetic En.
    1.75560e+04   -1.79153e+05    5.66875e+02   -1.61030e+05    2.88199e+04
   Total Energy  Conserved En.    Temperature Pressure (bar)
   -1.32210e+05   -1.54669e+05    2.97672e+02   -8.63698e+02


DD  step 74999  vol min/aver 0.845  load imb.: force  6.3%  pme mesh/force 0.862
           Step           Time
          75000       75.00000

   Energies (kJ/mol)
        LJ (SR)   Coulomb (SR)   Coul. recip.      Potential    Kinetic En.
    1.60828e+04   -1.77940e+05    5.66719e+02   -1.61290e+05    2.91105e+04
   Total Energy  Conserved En.    Temperature Pressure (bar)
   -1.32180e+05   -1.54681e+05    3.00673e+02   -1.64939e+03


DD  step 75999  vol min/aver 0.877  load imb.: force  5.0%  pme mesh/force 0.838
           Step           Time
          76000       76.00000

   Energies (kJ/mol)
        LJ (SR)   Coulomb (SR)   Coul. recip.      Potential    Kinetic En.
    1.67115e+04   -1.77853e+05    5.96581e+02   -1.60545e+05    2.86431e+04
   Total Energy  Conserved En.    Temperature Pressure (bar)
   -1.31902e+05   -1.54622e+05    2.95846e+02   -1.19709e+03


DD  step 76999  vol min/aver 0.909  load imb.: force  5.5%  pme mesh/force 0.822
           Step           Time
          77000       77.00000

   Energies (kJ/mol)
        LJ (SR)   Coulomb (SR)   Coul. recip.      Potential    Kinetic En.
    1.78828e+04   -1.79354e+05    6.03919e+02   -1.60867e+05    2.96109e+04
   Total Energy  Conserved En.    Temperature Pressure (bar)
   -1.31256e+05   -1.54617e+05    3.05841e+02   -6.13521e+02


DD  step 77999  vol min/aver 0.908  load imb.: force  6.3%  pme mesh/force 0.853
           Step           Time
          78000       78.00000

   Energies (kJ/mol)
        LJ (SR)   Coulomb (SR)   Coul. recip.      Potential    Kinetic En.
    1.71839e+04   -1.78929e+05    5.72857e+02   -1.61172e+05    2.88968e+04
   Total Energy  Conserved En.    Temperature Pressure (bar)
   -1.32275e+05   -1.54629e+05    2.98466e+02   -1.10037e+03


DD  step 78999  vol min/aver 0.876  load imb.: force  6.8%  pme mesh/force 0.849
           Step           Time
          79000       79.00000

   Energies (kJ/mol)
        LJ (SR)   Coulomb (SR)   Coul. recip.      Potential    Kinetic En.
    1.78623e+04   -1.79508e+05    5.53023e+02   -1.61092e+05    2.89606e+04
   Total Energy  Conserved En.    Temperature Pressure (bar)
   -1.32132e+05   -1.54645e+05    2.99125e+02   -7.35259e+02


DD  step 79999  vol min/aver 0.898  load imb.: force  5.0%  pme mesh/force 0.840
           Step           Time
          80000       80.00000

   Energies (kJ/mol)
        LJ (SR)   Coulomb (SR)   Coul. recip.      Potential    Kinetic En.
    1.67671e+04   -1.78896e+05    6.27909e+02   -1.61501e+05    2.91058e+04
   Total Energy  Conserved En.    Temperature Pressure (bar)
   -1.32395e+05   -1.54648e+05    3.00625e+02   -1.38603e+03


DD  step 80999  vol min/aver 0.831  load imb.: force  8.8%  pme mesh/force 0.839
           Step           Time
          81000       81.00000

   Energies (kJ/mol)
        LJ (SR)   Coulomb (SR)   Coul. recip.      Potential    Kinetic En.
    1.68759e+04   -1.78381e+05    5.54430e+02   -1.60951e+05    2.88737e+04
   Total Energy  Conserved En.    Temperature Pressure (bar)
   -1.32077e+05   -1.54632e+05    2.98227e+02   -1.22146e+03


DD  step 81999  vol min/aver 0.913  load imb.: force  5.8%  pme mesh/force 0.837
           Step           Time
          82000       82.00000

   Energies (kJ/mol)
        LJ (SR)   Coulomb (SR)   Coul. recip.      Potential    Kinetic En.
    1.70784e+04   -1.78817e+05    5.93441e+02   -1.61145e+05    2.90693e+04
   Total Energy  Conserved En.    Temperature Pressure (bar)
   -1.32076e+05   -1.54629e+05    3.00247e+02   -1.09309e+03


DD  step 82999  vol min/aver 0.883  load imb.: force  4.8%  pme mesh/force 0.847
           Step           Time
          83000       83.00000

   Energies (kJ/mol)
        LJ (SR)   Coulomb (SR)   Coul. recip.      Potential    Kinetic En.
    1.67132e+04   -1.78571e+05    5.73576e+02   -1.61285e+05    2.94098e+04
   Total Energy  Conserved En.    Temperature Pressure (bar)
   -1.31875e+05   -1.54642e+05    3.03764e+02   -1.28739e+03


DD  step 83999  vol min/aver 0.850  load imb.: force  5.0%  pme mesh/force 0.902
           Step           Time
          84000       84.00000

   Energies (kJ/mol)
        LJ (SR)   Coulomb (SR)   Coul. recip.      Potential    Kinetic En.
    1.73391e+04   -1.79144e+05    5.80163e+02   -1.61225e+05    2.85507e+04
   Total Energy  Conserved En.    Temperature Pressure (bar)
   -1.32674e+05   -1.54658e+05    2.94891e+02   -1.04624e+03


DD  step 84999  vol min/aver 0.913  load imb.: force  6.2%  pme mesh/force 0.855
           Step           Time
          85000       85.00000

   Energies (kJ/mol)
        LJ (SR)   Coulomb (SR)   Coul. recip.      Potential    Kinetic En.
    1.68819e+04   -1.78857e+05    5.79153e+02   -1.61396e+05    2.85414e+04
   Total Energy  Conserved En.    Temperature Pressure (bar)
   -1.32854e+05   -1.54654e+05    2.94795e+02   -1.25409e+03


DD  step 85999  vol min/aver 0.906  load imb.: force  4.1%  pme mesh/force 0.862
           Step           Time
          86000       86.00000

   Energies (kJ/mol)
        LJ (SR)   Coulomb (SR)   Coul. recip.      Potential    Kinetic En.
    1.71007e+04   -1.78656e+05    5.53552e+02   -1.61001e+05    2.88619e+04
   Total Energy  Conserved En.    Temperature Pressure (bar)
   -1.32139e+05   -1.54663e+05    2.98106e+02   -1.09054e+03


DD  step 86999  vol min/aver 0.915  load imb.: force  5.7%  pme mesh/force 0.843
           Step           Time
          87000       87.00000

   Energies (kJ/mol)
        LJ (SR)   Coulomb (SR)   Coul. recip.      Potential    Kinetic En.
    1.76780e+04   -1.79799e+05    5.91417e+02   -1.61529e+05    2.84041e+04
   Total Energy  Conserved En.    Temperature Pressure (bar)
   -1.33125e+05   -1.54644e+05    2.93377e+02   -9.59750e+02


DD  step 87999  vol min/aver 0.890  load imb.: force  4.9%  pme mesh/force 0.866
           Step           Time
          88000       88.00000

   Energies (kJ/mol)
        LJ (SR)   Coulomb (SR)   Coul. recip.      Potential    Kinetic En.
    1.75977e+04   -1.79695e+05    5.87320e+02   -1.61510e+05    2.85602e+04
   Total Energy  Conserved En.    Temperature Pressure (bar)
   -1.32949e+05   -1.54668e+05    2.94989e+02   -9.68129e+02


DD  step 88999  vol min/aver 0.887  load imb.: force  6.3%  pme mesh/force 0.854
           Step           Time
          89000       89.00000

   Energies (kJ/mol)
        LJ (SR)   Coulomb (SR)   Coul. recip.      Potential    Kinetic En.
    1.75438e+04   -1.79356e+05    5.88848e+02   -1.61223e+05    2.90487e+04
   Total Energy  Conserved En.    Temperature Pressure (bar)
   -1.32175e+05   -1.54636e+05    3.00035e+02   -9.12374e+02


DD  step 89999  vol min/aver 0.891  load imb.: force  4.3%  pme mesh/force 0.841
           Step           Time
          90000       90.00000

   Energies (kJ/mol)
        LJ (SR)   Coulomb (SR)   Coul. recip.      Potential    Kinetic En.
    1.71191e+04   -1.79155e+05    5.55757e+02   -1.61480e+05    2.91812e+04
   Total Energy  Conserved En.    Temperature Pressure (bar)
   -1.32299e+05   -1.54630e+05    3.01404e+02   -1.14386e+03


DD  step 90999  vol min/aver 0.872  load imb.: force  6.5%  pme mesh/force 0.831
           Step           Time
          91000       91.00000

   Energies (kJ/mol)
        LJ (SR)   Coulomb (SR)   Coul. recip.      Potential    Kinetic En.
    1.70252e+04   -1.78430e+05    5.05180e+02   -1.60900e+05    2.88585e+04
   Total Energy  Conserved En.    Temperature Pressure (bar)
   -1.32042e+05   -1.54627e+05    2.98071e+02   -1.06798e+03


DD  step 91999  vol min/aver 0.876  load imb.: force  5.3%  pme mesh/force 0.846
           Step           Time
          92000       92.00000

   Energies (kJ/mol)
        LJ (SR)   Coulomb (SR)   Coul. recip.      Potential    Kinetic En.
    1.69639e+04   -1.78484e+05    5.40103e+02   -1.60980e+05    2.85148e+04
   Total Energy  Conserved En.    Temperature Pressure (bar)
   -1.32465e+05   -1.54604e+05    2.94520e+02   -1.11545e+03


DD  step 92999  vol min/aver 0.892  load imb.: force  7.7%  pme mesh/force 0.875
           Step           Time
          93000       93.00000

   Energies (kJ/mol)
        LJ (SR)   Coulomb (SR)   Coul. recip.      Potential    Kinetic En.
    1.73458e+04   -1.79354e+05    5.73756e+02   -1.61435e+05    2.92196e+04
   Total Energy  Conserved En.    Temperature Pressure (bar)
   -1.32215e+05   -1.54599e+05    3.01800e+02   -9.64851e+02


DD  step 93999  vol min/aver 0.909  load imb.: force  6.1%  pme mesh/force 0.854
           Step           Time
          94000       94.00000

   Energies (kJ/mol)
        LJ (SR)   Coulomb (SR)   Coul. recip.      Potential    Kinetic En.
    1.72009e+04   -1.79149e+05    5.63974e+02   -1.61384e+05    2.88215e+04
   Total Energy  Conserved En.    Temperature Pressure (bar)
   -1.32562e+05   -1.54629e+05    2.97688e+02   -1.10826e+03


DD  step 94999  vol min/aver 0.885  load imb.: force  6.0%  pme mesh/force 0.854
           Step           Time
          95000       95.00000

   Energies (kJ/mol)
        LJ (SR)   Coulomb (SR)   Coul. recip.      Potential    Kinetic En.
    1.81919e+04   -1.79602e+05    5.66476e+02   -1.60844e+05    2.88991e+04
   Total Energy  Conserved En.    Temperature Pressure (bar)
   -1.31945e+05   -1.54601e+05    2.98490e+02   -4.96400e+02


DD  step 95999  vol min/aver 0.868  load imb.: force  5.9%  pme mesh/force 0.832
           Step           Time
          96000       96.00000

   Energies (kJ/mol)
        LJ (SR)   Coulomb (SR)   Coul. recip.      Potential    Kinetic En.
    1.75532e+04   -1.79755e+05    5.66884e+02   -1.61635e+05    2.86393e+04
   Total Energy  Conserved En.    Temperature Pressure (bar)
   -1.32996e+05   -1.54618e+05    2.95806e+02   -9.43024e+02


DD  step 96999  vol min/aver 0.874  load imb.: force  7.3%  pme mesh/force 0.866
           Step           Time
          97000       97.00000

   Energies (kJ/mol)
        LJ (SR)   Coulomb (SR)   Coul. recip.      Potential    Kinetic En.
    1.72871e+04   -1.79536e+05    5.48788e+02   -1.61700e+05    2.85063e+04
   Total Energy  Conserved En.    Temperature Pressure (bar)
   -1.33193e+05   -1.54646e+05    2.94433e+02   -1.14855e+03


DD  step 97999  vol min/aver 0.903  load imb.: force  6.8%  pme mesh/force 0.865
           Step           Time
          98000       98.00000

   Energies (kJ/mol)
        LJ (SR)   Coulomb (SR)   Coul. recip.      Potential    Kinetic En.
    1.68849e+04   -1.79140e+05    5.47674e+02   -1.61708e+05    2.87529e+04
   Total Energy  Conserved En.    Temperature Pressure (bar)
   -1.32955e+05   -1.54637e+05    2.96979e+02   -1.24237e+03


DD  step 98999  vol min/aver 0.886  load imb.: force  6.0%  pme mesh/force 0.856
           Step           Time
          99000       99.00000

   Energies (kJ/mol)
        LJ (SR)   Coulomb (SR)   Coul. recip.      Potential    Kinetic En.
    1.74101e+04   -1.79514e+05    5.66468e+02   -1.61537e+05    2.86345e+04
   Total Energy  Conserved En.    Temperature Pressure (bar)
   -1.32903e+05   -1.54639e+05    2.95756e+02   -1.04189e+03


DD  step 99999  vol min/aver 0.885  load imb.: force  6.2%  pme mesh/force 0.837
           Step           Time
         100000      100.00000

   Energies (kJ/mol)
        LJ (SR)   Coulomb (SR)   Coul. recip.      Potential    Kinetic En.
    1.75301e+04   -1.79395e+05    5.67963e+02   -1.61297e+05    2.86019e+04
   Total Energy  Conserved En.    Temperature Pressure (bar)
   -1.32695e+05   -1.54621e+05    2.95420e+02   -9.65914e+02


DD  step 100999  vol min/aver 0.867  load imb.: force  5.7%  pme mesh/force 0.857
           Step           Time
         101000      101.00000

   Energies (kJ/mol)
        LJ (SR)   Coulomb (SR)   Coul. recip.      Potential    Kinetic En.
    1.72130e+04   -1.79068e+05    5.46344e+02   -1.61309e+05    2.87516e+04
   Total Energy  Conserved En.    Temperature Pressure (bar)
   -1.32558e+05   -1.54601e+05    2.96966e+02   -1.08744e+03


DD  step 101999  vol min/aver 0.881  load imb.: force  6.3%  pme mesh/force 0.861
           Step           Time
         102000      102.00000

   Energies (kJ/mol)
        LJ (SR)   Coulomb (SR)   Coul. recip.      Potential    Kinetic En.
    1.75737e+04   -1.79861e+05    6.36293e+02   -1.61651e+05    2.95545e+04
   Total Energy  Conserved En.    Temperature Pressure (bar)
   -1.32097e+05   -1.54588e+05    3.05259e+02   -9.32541e+02


DD  step 102999  vol min/aver 0.899  load imb.: force  7.7%  pme mesh/force 0.823
           Step           Time
         103000      103.00000

   Energies (kJ/mol)
        LJ (SR)   Coulomb (SR)   Coul. recip.      Potential    Kinetic En.
    1.63036e+04   -1.77632e+05    5.90287e+02   -1.60738e+05    2.92473e+04
   Total Energy  Conserved En.    Temperature Pressure (bar)
   -1.31491e+05   -1.54624e+05    3.02086e+02   -1.48039e+03


DD  step 103999  vol min/aver 0.868  load imb.: force  4.8%  pme mesh/force 0.858
           Step           Time
         104000      104.00000

   Energies (kJ/mol)
        LJ (SR)   Coulomb (SR)   Coul. recip.      Potential    Kinetic En.
    1.72411e+04   -1.79132e+05    5.49778e+02   -1.61341e+05    2.91327e+04
   Total Energy  Conserved En.    Temperature Pressure (bar)
   -1.32209e+05   -1.54603e+05    3.00902e+02   -1.04096e+03


DD  step 104999  vol min/aver 0.898  load imb.: force  5.5%  pme mesh/force 0.858
           Step           Time
         105000      105.00000

   Energies (kJ/mol)
        LJ (SR)   Coulomb (SR)   Coul. recip.      Potential    Kinetic En.
    1.65429e+04   -1.78476e+05    5.99404e+02   -1.61333e+05    2.92536e+04
   Total Energy  Conserved En.    Temperature Pressure (bar)
   -1.32080e+05   -1.54586e+05    3.02151e+02   -1.38639e+03


DD  step 105999  vol min/aver 0.899  load imb.: force  4.9%  pme mesh/force 0.844
           Step           Time
         106000      106.00000

   Energies (kJ/mol)
        LJ (SR)   Coulomb (SR)   Coul. recip.      Potential    Kinetic En.
    1.73015e+04   -1.79062e+05    5.47141e+02   -1.61213e+05    2.92303e+04
   Total Energy  Conserved En.    Temperature Pressure (bar)
   -1.31983e+05   -1.54609e+05    3.01911e+02   -1.02545e+03


DD  step 106999  vol min/aver 0.886  load imb.: force  6.6%  pme mesh/force 0.877
           Step           Time
         107000      107.00000

   Energies (kJ/mol)
        LJ (SR)   Coulomb (SR)   Coul. recip.      Potential    Kinetic En.
    1.59908e+04   -1.77168e+05    5.55204e+02   -1.60622e+05    2.92025e+04
   Total Energy  Conserved En.    Temperature Pressure (bar)
   -1.31419e+05   -1.54581e+05    3.01623e+02   -1.57866e+03


DD  step 107999  vol min/aver 0.875  load imb.: force  4.2%  pme mesh/force 0.865
           Step           Time
         108000      108.00000

   Energies (kJ/mol)
        LJ (SR)   Coulomb (SR)   Coul. recip.      Potential    Kinetic En.
    1.72836e+04   -1.79040e+05    6.02293e+02   -1.61154e+05    2.88224e+04
   Total Energy  Conserved En.    Temperature Pressure (bar)
   -1.32332e+05   -1.54565e+05    2.97698e+02   -1.03093e+03


DD  step 108999  vol min/aver 0.892  load imb.: force  5.1%  pme mesh/force 0.847
           Step           Time
         109000      109.00000

   Energies (kJ/mol)
        LJ (SR)   Coulomb (SR)   Coul. recip.      Potential    Kinetic En.
    1.75796e+04   -1.79513e+05    5.58547e+02   -1.61375e+05    2.88097e+04
   Total Energy  Conserved En.    Temperature Pressure (bar)
   -1.32565e+05   -1.54622e+05    2.97566e+02   -9.19688e+02


DD  step 109999  vol min/aver 0.898  load imb.: force  5.2%  pme mesh/force 0.854
           Step           Time
         110000      110.00000

   Energies (kJ/mol)
        LJ (SR)   Coulomb (SR)   Coul. recip.      Potential    Kinetic En.
    1.73964e+04   -1.79681e+05    5.73564e+02   -1.61711e+05    2.89213e+04
   Total Energy  Conserved En.    Temperature Pressure (bar)
   -1.32790e+05   -1.54632e+05    2.98719e+02   -1.06092e+03


DD  step 110999  vol min/aver 0.880  load imb.: force  6.3%  pme mesh/force 0.854
           Step           Time
         111000      111.00000

   Energies (kJ/mol)
        LJ (SR)   Coulomb (SR)   Coul. recip.      Potential    Kinetic En.
    1.71943e+04   -1.78807e+05    5.58490e+02   -1.61055e+05    2.91065e+04
   Total Energy  Conserved En.    Temperature Pressure (bar)
   -1.31948e+05   -1.54626e+05    3.00632e+02   -1.00464e+03


DD  step 111999  vol min/aver 0.881  load imb.: force  5.1%  pme mesh/force 0.847
           Step           Time
         112000      112.00000

   Energies (kJ/mol)
        LJ (SR)   Coulomb (SR)   Coul. recip.      Potential    Kinetic En.
    1.71446e+04   -1.78665e+05    6.07581e+02   -1.60913e+05    2.92769e+04
   Total Energy  Conserved En.    Temperature Pressure (bar)
   -1.31636e+05   -1.54572e+05    3.02392e+02   -1.03599e+03


DD  step 112999  vol min/aver 0.895  load imb.: force  6.9%  pme mesh/force 0.869
           Step           Time
         113000      113.00000

   Energies (kJ/mol)
        LJ (SR)   Coulomb (SR)   Coul. recip.      Potential    Kinetic En.
    1.71468e+04   -1.78519e+05    6.15391e+02   -1.60757e+05    2.89549e+04
   Total Energy  Conserved En.    Temperature Pressure (bar)
   -1.31802e+05   -1.54546e+05    2.99066e+02   -1.04787e+03


DD  step 113999  vol min/aver 0.899  load imb.: force  5.4%  pme mesh/force 0.861
           Step           Time
         114000      114.00000

   Energies (kJ/mol)
        LJ (SR)   Coulomb (SR)   Coul. recip.      Potential    Kinetic En.
    1.71964e+04   -1.79435e+05    5.63132e+02   -1.61675e+05    2.91766e+04
   Total Energy  Conserved En.    Temperature Pressure (bar)
   -1.32499e+05   -1.54535e+05    3.01356e+02   -1.11358e+03


DD  step 114999  vol min/aver 0.891  load imb.: force  5.3%  pme mesh/force 0.853
           Step           Time
         115000      115.00000

   Energies (kJ/mol)
        LJ (SR)   Coulomb (SR)   Coul. recip.      Potential    Kinetic En.
    1.68213e+04   -1.78268e+05    5.43872e+02   -1.60903e+05    2.93015e+04
   Total Energy  Conserved En.    Temperature Pressure (bar)
   -1.31601e+05   -1.54574e+05    3.02646e+02   -1.20015e+03


DD  step 115999  vol min/aver 0.903  load imb.: force  7.5%  pme mesh/force 0.856
           Step           Time
         116000      116.00000

   Energies (kJ/mol)
        LJ (SR)   Coulomb (SR)   Coul. recip.      Potential    Kinetic En.
    1.72343e+04   -1.79316e+05    5.48192e+02   -1.61533e+05    2.90223e+04
   Total Energy  Conserved En.    Temperature Pressure (bar)
   -1.32511e+05   -1.54547e+05    2.99762e+02   -1.07211e+03


DD  step 116999  vol min/aver 0.877  load imb.: force  4.9%  pme mesh/force 0.857
           Step           Time
         117000      117.00000

   Energies (kJ/mol)
        LJ (SR)   Coulomb (SR)   Coul. recip.      Potential    Kinetic En.
    1.68014e+04   -1.78709e+05    5.84792e+02   -1.61323e+05    2.88725e+04
   Total Energy  Conserved En.    Temperature Pressure (bar)
   -1.32450e+05   -1.54519e+05    2.98215e+02   -1.26001e+03


DD  step 117999  vol min/aver 0.868  load imb.: force  8.2%  pme mesh/force 0.849
           Step           Time
         118000      118.00000

   Energies (kJ/mol)
        LJ (SR)   Coulomb (SR)   Coul. recip.      Potential    Kinetic En.
    1.69547e+04   -1.79271e+05    5.39109e+02   -1.61777e+05    2.88425e+04
   Total Energy  Conserved En.    Temperature Pressure (bar)
   -1.32934e+05   -1.54532e+05    2.97905e+02   -1.30178e+03


DD  step 118999  vol min/aver 0.853  load imb.: force  6.5%  pme mesh/force 0.860
           Step           Time
         119000      119.00000

   Energies (kJ/mol)
        LJ (SR)   Coulomb (SR)   Coul. recip.      Potential    Kinetic En.
    1.73811e+04   -1.79364e+05    5.29082e+02   -1.61454e+05    2.93448e+04
   Total Energy  Conserved En.    Temperature Pressure (bar)
   -1.32109e+05   -1.54572e+05    3.03093e+02   -1.03126e+03


DD  step 119999  vol min/aver 0.911  load imb.: force  6.7%  pme mesh/force 0.845
           Step           Time
         120000      120.00000

   Energies (kJ/mol)
        LJ (SR)   Coulomb (SR)   Coul. recip.      Potential    Kinetic En.
    1.65643e+04   -1.79274e+05    5.44574e+02   -1.62165e+05    2.93798e+04
   Total Energy  Conserved En.    Temperature Pressure (bar)
   -1.32785e+05   -1.54574e+05    3.03455e+02   -1.47996e+03


DD  step 120999  vol min/aver 0.839  load imb.: force  5.5%  pme mesh/force 0.888
           Step           Time
         121000      121.00000

   Energies (kJ/mol)
        LJ (SR)   Coulomb (SR)   Coul. recip.      Potential    Kinetic En.
    1.71045e+04   -1.78998e+05    5.70096e+02   -1.61323e+05    2.95824e+04
   Total Energy  Conserved En.    Temperature Pressure (bar)
   -1.31741e+05   -1.54580e+05    3.05547e+02   -1.12030e+03


DD  step 121999  vol min/aver 0.872  load imb.: force  6.2%  pme mesh/force 0.855
           Step           Time
         122000      122.00000

   Energies (kJ/mol)
        LJ (SR)   Coulomb (SR)   Coul. recip.      Potential    Kinetic En.
    1.66823e+04   -1.78715e+05    5.90425e+02   -1.61442e+05    2.93185e+04
   Total Energy  Conserved En.    Temperature Pressure (bar)
   -1.32123e+05   -1.54600e+05    3.02822e+02   -1.34886e+03


DD  step 122999  vol min/aver 0.922  load imb.: force  5.3%  pme mesh/force 0.851
           Step           Time
         123000      123.00000

   Energies (kJ/mol)
        LJ (SR)   Coulomb (SR)   Coul. recip.      Potential    Kinetic En.
    1.65694e+04   -1.78376e+05    5.84719e+02   -1.61221e+05    2.91024e+04
   Total Energy  Conserved En.    Temperature Pressure (bar)
   -1.32119e+05   -1.54579e+05    3.00589e+02   -1.40463e+03


DD  step 123999  vol min/aver 0.912  load imb.: force  5.5%  pme mesh/force 0.854
           Step           Time
         124000      124.00000

   Energies (kJ/mol)
        LJ (SR)   Coulomb (SR)   Coul. recip.      Potential    Kinetic En.
    1.63763e+04   -1.78176e+05    5.73567e+02   -1.61226e+05    2.88226e+04
   Total Energy  Conserved En.    Temperature Pressure (bar)
   -1.32403e+05   -1.54618e+05    2.97700e+02   -1.45923e+03


DD  step 124999  vol min/aver 0.902  load imb.: force  6.3%  pme mesh/force 0.859
           Step           Time
         125000      125.00000

Writing checkpoint, step 125000 at Tue Oct 11 10:04:13 2022


   Energies (kJ/mol)
        LJ (SR)   Coulomb (SR)   Coul. recip.      Potential    Kinetic En.
    1.71726e+04   -1.78728e+05    5.62674e+02   -1.60993e+05    2.93295e+04
   Total Energy  Conserved En.    Temperature Pressure (bar)
   -1.31663e+05   -1.54590e+05    3.02935e+02   -1.05789e+03


	<======  ###############  ==>
	<====  A V E R A G E S  ====>
	<==  ###############  ======>

	Statistics over 125001 steps using 1251 frames

   Energies (kJ/mol)
        LJ (SR)   Coulomb (SR)   Coul. recip.      Potential    Kinetic En.
    1.70707e+04   -1.78824e+05    5.69591e+02   -1.61184e+05    2.90564e+04
   Total Energy  Conserved En.    Temperature Pressure (bar)
   -1.32127e+05   -1.54691e+05    3.00115e+02   -1.12771e+03

   Total Virial (kJ/mol)
    1.39024e+04    1.49612e+01    1.70802e+01
    1.44799e+01    1.39328e+04    1.98327e+00
    1.68039e+01    1.60064e+00    1.39548e+04

   Pressure (bar)
   -1.11822e+03   -4.23988e+00   -5.57256e+00
   -4.11201e+00   -1.13010e+03   -1.50370e-01
   -5.49914e+00   -4.87108e-02   -1.13482e+03


	M E G A - F L O P S   A C C O U N T I N G

 NB=Group-cutoff nonbonded kernels    NxN=N-by-N cluster Verlet kernels
 RF=Reaction-Field  VdW=Van der Waals  QSTab=quadratic-spline table
 W3=SPC/TIP3p  W4=TIP4p (single or pairs)
 V&F=Potential and force  V=Potential only  F=Force only

 Computing:                               M-Number         M-Flops  % Flops
-----------------------------------------------------------------------------
 Pair Search distance check            8667.408304       78006.675     0.1
 NxN Ewald Elec. + LJ [F]           1296881.305632   101156741.839    94.7
 NxN Ewald Elec. + LJ [V&F]           13110.293408     1691227.850     1.6
 NxN Ewald Elec. [F]                   6982.414560      425927.288     0.4
 NxN Ewald Elec. [V&F]                   70.580384        5928.752     0.0
 Calc Weights                          4364.659917      157127.757     0.1
 Spread Q Bspline                     93112.744896      186225.490     0.2
 Gather F Bspline                     93112.744896      558676.469     0.5
 3D-FFT                              299631.897036     2397055.176     2.2
 Solve PME                              441.003528       28224.226     0.0
 Reset In Box                            14.560389          43.681     0.0
 CG-CoM                                  14.572028          43.716     0.0
 Virial                                  16.587009         298.566     0.0
 Stop-CM                                 14.572028         145.720     0.0
 Calc-Ekin                              145.510778        3928.791     0.0
 Constraint-V                          1453.148250       11625.186     0.0
 Constraint-Vir                          14.542875         349.029     0.0
 Settle                                 484.386625      156456.880     0.1
-----------------------------------------------------------------------------
 Total                                               106858033.092   100.0
-----------------------------------------------------------------------------


    D O M A I N   D E C O M P O S I T I O N   S T A T I S T I C S

 av. #atoms communicated per step for force:  2 x 63692.3


Dynamic load balancing report:
 DLB was turned on during the run due to measured imbalance.
 Average load imbalance: 6.2%.
 The balanceable part of the MD step is 85%, load imbalance is computed from this.
 Part of the total run time spent waiting due to load imbalance: 5.3%.
 Steps where the load balancing was limited by -rdd, -rcon and/or -dds: X 0 % Y 0 %
 Average PME mesh/force load: 0.861
 Part of the total run time spent waiting due to PP/PME imbalance: 3.1 %

NOTE: 5.3 % of the available CPU time was lost due to load imbalance
      in the domain decomposition.
      You can consider manually changing the decomposition (option -dd);
      e.g. by using fewer domains along the box dimension in which there is
      considerable inhomogeneity in the simulated system.

     R E A L   C Y C L E   A N D   T I M E   A C C O U N T I N G

On 36 MPI ranks doing PP, and
on 12 MPI ranks doing PME

 Computing:          Num   Num      Call    Wall time         Giga-Cycles
                     Ranks Threads  Count      (s)         total sum    %
-----------------------------------------------------------------------------
 Domain decomp.        36    1       1251       0.407         42.434   0.6
 DD comm. load         36    1       1250       0.003          0.349   0.0
 DD comm. bounds       36    1       1151       0.041          4.315   0.1
 Send X to PME         36    1     125001       0.097         10.092   0.1
 Neighbor search       36    1       1251       0.874         91.037   1.3
 Comm. coord.          36    1     123750       3.122        325.204   4.5
 Force                 36    1     125001      38.833       4044.579  56.4
 Wait + Comm. F        36    1     125001       4.706        490.180   6.8
 PME mesh *            12    1     125001      38.147       1324.393  18.5
 PME wait for PP *                             13.166        457.088   6.4
 Wait + Recv. PME F    36    1     125001       1.016        105.825   1.5
 NB X/F buffer ops.    36    1     372501       1.271        132.360   1.8
 Write traj.           36    1         26       0.010          1.085   0.0
 Update                36    1     125001       0.195         20.300   0.3
 Constraints           36    1     125003       0.416         43.308   0.6
 Comm. energies        36    1       6251       0.556         57.951   0.8
 Rest                                           0.091          9.508   0.1
-----------------------------------------------------------------------------
 Total                                         51.640       7171.367 100.0
-----------------------------------------------------------------------------
(*) Note that with separate PME ranks, the walltime column actually sums to
    twice the total reported, but the cycle count total and % are correct.
-----------------------------------------------------------------------------
 Breakdown of PME mesh computation
-----------------------------------------------------------------------------
 PME redist. X/F       12    1     250002       6.034        209.482   2.9
 PME spread            12    1     125001       7.656        265.811   3.7
 PME gather            12    1     125001       6.511        226.056   3.2
 PME 3D-FFT            12    1     250002      11.468        398.152   5.6
 PME 3D-FFT Comm.      12    1     500004       5.620        195.112   2.7
 PME solve Elec        12    1     125001       0.774         26.880   0.4
-----------------------------------------------------------------------------

               Core t (s)   Wall t (s)        (%)
       Time:     2478.706       51.640     4800.0
                 (ns/day)    (hour/ns)
Performance:      209.141        0.115
Finished mdrun on rank 0 Tue Oct 11 10:04:14 2022

