                      :-) GROMACS - gmx mdrun, 2020.4 (-:

                            GROMACS is written by:
     Emile Apol      Rossen Apostolov      Paul Bauer     Herman J.C. Berendsen
    Par Bjelkmar      Christian Blau   Viacheslav Bolnykh     Kevin Boyd    
 Aldert van Buuren   Rudi van Drunen     Anton Feenstra       Alan Gray     
  Gerrit Groenhof     Anca Hamuraru    Vincent Hindriksen  M. Eric Irrgang  
  Aleksei Iupinov   Christoph Junghans     Joe Jordan     Dimitrios Karkoulis
    Peter Kasson        Jiri Kraus      Carsten Kutzner      Per Larsson    
  Justin A. Lemkul    Viveca Lindahl    Magnus Lundborg     Erik Marklund   
    Pascal Merz     Pieter Meulenhoff    Teemu Murtola       Szilard Pall   
    Sander Pronk      Roland Schulz      Michael Shirts    Alexey Shvetsov  
   Alfons Sijbers     Peter Tieleman      Jon Vincent      Teemu Virolainen 
 Christian Wennberg    Maarten Wolf      Artem Zhmurov   
                           and the project leaders:
        Mark Abraham, Berk Hess, Erik Lindahl, and David van der Spoel

Copyright (c) 1991-2000, University of Groningen, The Netherlands.
Copyright (c) 2001-2019, The GROMACS development team at
Uppsala University, Stockholm University and
the Royal Institute of Technology, Sweden.
check out http://www.gromacs.org for more information.

GROMACS is free software; you can redistribute it and/or modify it
under the terms of the GNU Lesser General Public License
as published by the Free Software Foundation; either version 2.1
of the License, or (at your option) any later version.

GROMACS:      gmx mdrun, version 2020.4
Executable:   /share/apps/gromacs/2020.4/openmpi/intel/bin/gmx_mpi
Data prefix:  /share/apps/gromacs/2020.4/openmpi/intel
Working dir:  /home/cl6661/ondemand/data/sys/myjobs/projects/default/4
Process ID:   3287500
Command line:
  gmx_mpi mdrun -deffnm md_0_1

GROMACS version:    2020.4
Verified release checksum is 79c2857291b034542c26e90512b92fd4b184a1c9d6fa59c55f2e24ccf14e7281
Precision:          single
Memory model:       64 bit
MPI library:        MPI
OpenMP support:     disabled
GPU support:        disabled
SIMD instructions:  AVX_512
FFT library:        Intel MKL
RDTSCP usage:       enabled
TNG support:        enabled
Hwloc support:      disabled
Tracing support:    disabled
C compiler:         /share/apps/openmpi/4.0.5/intel/bin/mpicc Intel 19.1.2.20200623
C compiler flags:   -xCORE-AVX512 -qopt-zmm-usage=high -mkl=sequential -wd3180 -std=gnu99 -ip -funroll-all-loops -alias-const -ansi-alias -no-prec-div -fimf-domain-exclusion=14 -qoverride-limits -O3 -DNDEBUG
C++ compiler:       /share/apps/openmpi/4.0.5/intel/bin/mpicxx Intel 19.1.2.20200623
C++ compiler flags: -xCORE-AVX512 -qopt-zmm-usage=high -mkl=sequential -wd3180 -ip -funroll-all-loops -alias-const -ansi-alias -no-prec-div -fimf-domain-exclusion=14 -qoverride-limits -O3 -DNDEBUG


Running on 1 node with total 48 cores, 48 logical cores
Hardware detected on host cs360.hpc.nyu.edu (the node of MPI rank 0):
  CPU info:
    Vendor: Intel
    Brand:  Intel(R) Xeon(R) Platinum 8268 CPU @ 2.90GHz
    Family: 6   Model: 85   Stepping: 7
    Features: aes apic avx avx2 avx512f avx512cd avx512bw avx512vl clfsh cmov cx8 cx16 f16c fma htt intel lahf mmx msr nonstop_tsc pcid pclmuldq pdcm pdpe1gb popcnt pse rdrnd rdtscp sse2 sse3 sse4.1 sse4.2 ssse3 tdt x2apic
    Number of AVX-512 FMA units: 2
  Hardware topology: Only logical processor count


++++ PLEASE READ AND CITE THE FOLLOWING REFERENCE ++++
M. J. Abraham, T. Murtola, R. Schulz, S. Páll, J. C. Smith, B. Hess, E.
Lindahl
GROMACS: High performance molecular simulations through multi-level
parallelism from laptops to supercomputers
SoftwareX 1 (2015) pp. 19-25
-------- -------- --- Thank You --- -------- --------


++++ PLEASE READ AND CITE THE FOLLOWING REFERENCE ++++
S. Páll, M. J. Abraham, C. Kutzner, B. Hess, E. Lindahl
Tackling Exascale Software Challenges in Molecular Dynamics Simulations with
GROMACS
In S. Markidis & E. Laure (Eds.), Solving Software Challenges for Exascale 8759 (2015) pp. 3-27
-------- -------- --- Thank You --- -------- --------


++++ PLEASE READ AND CITE THE FOLLOWING REFERENCE ++++
S. Pronk, S. Páll, R. Schulz, P. Larsson, P. Bjelkmar, R. Apostolov, M. R.
Shirts, J. C. Smith, P. M. Kasson, D. van der Spoel, B. Hess, and E. Lindahl
GROMACS 4.5: a high-throughput and highly parallel open source molecular
simulation toolkit
Bioinformatics 29 (2013) pp. 845-54
-------- -------- --- Thank You --- -------- --------


++++ PLEASE READ AND CITE THE FOLLOWING REFERENCE ++++
B. Hess and C. Kutzner and D. van der Spoel and E. Lindahl
GROMACS 4: Algorithms for highly efficient, load-balanced, and scalable
molecular simulation
J. Chem. Theory Comput. 4 (2008) pp. 435-447
-------- -------- --- Thank You --- -------- --------


++++ PLEASE READ AND CITE THE FOLLOWING REFERENCE ++++
D. van der Spoel, E. Lindahl, B. Hess, G. Groenhof, A. E. Mark and H. J. C.
Berendsen
GROMACS: Fast, Flexible and Free
J. Comp. Chem. 26 (2005) pp. 1701-1719
-------- -------- --- Thank You --- -------- --------


++++ PLEASE READ AND CITE THE FOLLOWING REFERENCE ++++
E. Lindahl and B. Hess and D. van der Spoel
GROMACS 3.0: A package for molecular simulation and trajectory analysis
J. Mol. Mod. 7 (2001) pp. 306-317
-------- -------- --- Thank You --- -------- --------


++++ PLEASE READ AND CITE THE FOLLOWING REFERENCE ++++
H. J. C. Berendsen, D. van der Spoel and R. van Drunen
GROMACS: A message-passing parallel molecular dynamics implementation
Comp. Phys. Comm. 91 (1995) pp. 43-56
-------- -------- --- Thank You --- -------- --------


++++ PLEASE CITE THE DOI FOR THIS VERSION OF GROMACS ++++
https://doi.org/10.5281/zenodo.4054979
-------- -------- --- Thank You --- -------- --------

Input Parameters:
   integrator                     = md
   tinit                          = 0
   dt                             = 0.002
   nsteps                         = 500000
   init-step                      = 0
   simulation-part                = 1
   comm-mode                      = Linear
   nstcomm                        = 100
   bd-fric                        = 0
   ld-seed                        = 838404681
   emtol                          = 10
   emstep                         = 0.01
   niter                          = 20
   fcstep                         = 0
   nstcgsteep                     = 1000
   nbfgscorr                      = 10
   rtpi                           = 0.05
   nstxout                        = 0
   nstvout                        = 0
   nstfout                        = 0
   nstlog                         = 5000
   nstcalcenergy                  = 100
   nstenergy                      = 5000
   nstxout-compressed             = 5000
   compressed-x-precision         = 1000
   cutoff-scheme                  = Verlet
   nstlist                        = 10
   pbc                            = xyz
   periodic-molecules             = false
   verlet-buffer-tolerance        = 0.005
   rlist                          = 1
   coulombtype                    = PME
   coulomb-modifier               = Potential-shift
   rcoulomb-switch                = 0
   rcoulomb                       = 1
   epsilon-r                      = 1
   epsilon-rf                     = inf
   vdw-type                       = Cut-off
   vdw-modifier                   = Potential-shift
   rvdw-switch                    = 0
   rvdw                           = 1
   DispCorr                       = EnerPres
   table-extension                = 1
   fourierspacing                 = 0.16
   fourier-nx                     = 44
   fourier-ny                     = 44
   fourier-nz                     = 44
   pme-order                      = 4
   ewald-rtol                     = 1e-05
   ewald-rtol-lj                  = 0.001
   lj-pme-comb-rule               = Geometric
   ewald-geometry                 = 0
   epsilon-surface                = 0
   tcoupl                         = V-rescale
   nsttcouple                     = 10
   nh-chain-length                = 0
   print-nose-hoover-chain-variables = false
   pcoupl                         = Parrinello-Rahman
   pcoupltype                     = Isotropic
   nstpcouple                     = 10
   tau-p                          = 2
   compressibility (3x3):
      compressibility[    0]={ 4.50000e-05,  0.00000e+00,  0.00000e+00}
      compressibility[    1]={ 0.00000e+00,  4.50000e-05,  0.00000e+00}
      compressibility[    2]={ 0.00000e+00,  0.00000e+00,  4.50000e-05}
   ref-p (3x3):
      ref-p[    0]={ 1.00000e+00,  0.00000e+00,  0.00000e+00}
      ref-p[    1]={ 0.00000e+00,  1.00000e+00,  0.00000e+00}
      ref-p[    2]={ 0.00000e+00,  0.00000e+00,  1.00000e+00}
   refcoord-scaling               = No
   posres-com (3):
      posres-com[0]= 0.00000e+00
      posres-com[1]= 0.00000e+00
      posres-com[2]= 0.00000e+00
   posres-comB (3):
      posres-comB[0]= 0.00000e+00
      posres-comB[1]= 0.00000e+00
      posres-comB[2]= 0.00000e+00
   QMMM                           = false
   QMconstraints                  = 0
   QMMMscheme                     = 0
   MMChargeScaleFactor            = 1
qm-opts:
   ngQM                           = 0
   constraint-algorithm           = Lincs
   continuation                   = true
   Shake-SOR                      = false
   shake-tol                      = 0.0001
   lincs-order                    = 4
   lincs-iter                     = 1
   lincs-warnangle                = 30
   nwall                          = 0
   wall-type                      = 9-3
   wall-r-linpot                  = -1
   wall-atomtype[0]               = -1
   wall-atomtype[1]               = -1
   wall-density[0]                = 0
   wall-density[1]                = 0
   wall-ewald-zfac                = 3
   pull                           = false
   awh                            = false
   rotation                       = false
   interactiveMD                  = false
   disre                          = No
   disre-weighting                = Conservative
   disre-mixed                    = false
   dr-fc                          = 1000
   dr-tau                         = 0
   nstdisreout                    = 100
   orire-fc                       = 0
   orire-tau                      = 0
   nstorireout                    = 100
   free-energy                    = no
   cos-acceleration               = 0
   deform (3x3):
      deform[    0]={ 0.00000e+00,  0.00000e+00,  0.00000e+00}
      deform[    1]={ 0.00000e+00,  0.00000e+00,  0.00000e+00}
      deform[    2]={ 0.00000e+00,  0.00000e+00,  0.00000e+00}
   simulated-tempering            = false
   swapcoords                     = no
   userint1                       = 0
   userint2                       = 0
   userint3                       = 0
   userint4                       = 0
   userreal1                      = 0
   userreal2                      = 0
   userreal3                      = 0
   userreal4                      = 0
   applied-forces:
     electric-field:
       x:
         E0                       = 0
         omega                    = 0
         t0                       = 0
         sigma                    = 0
       y:
         E0                       = 0
         omega                    = 0
         t0                       = 0
         sigma                    = 0
       z:
         E0                       = 0
         omega                    = 0
         t0                       = 0
         sigma                    = 0
     density-guided-simulation:
       active                     = false
       group                      = protein
       similarity-measure         = inner-product
       atom-spreading-weight      = unity
       force-constant             = 1e+09
       gaussian-transform-spreading-width = 0.2
       gaussian-transform-spreading-range-in-multiples-of-width = 4
       reference-density-filename = reference.mrc
       nst                        = 1
       normalize-densities        = true
       adaptive-force-scaling     = false
       adaptive-force-scaling-time-constant = 4
grpopts:
   nrdf:     4920.79     63837.2
   ref-t:         300         300
   tau-t:         0.1         0.1
annealing:          No          No
annealing-npoints:           0           0
   acc:	           0           0           0
   nfreeze:           N           N           N
   energygrp-flags[  0]: 0

Changing nstlist from 10 to 50, rlist from 1 to 1.116


Initializing Domain Decomposition on 48 ranks
Dynamic load balancing: auto
Using update groups, nr 11645, average size 2.9 atoms, max. radius 0.103 nm
Minimum cell size due to atom displacement: 0.398 nm
Initial maximum distances in bonded interactions:
    two-body bonded interactions: 0.433 nm, LJ-14, atoms 1732 1733
  multi-body bonded interactions: 0.433 nm, Ryckaert-Bell., atoms 1733 1732
Minimum cell size due to bonded interactions: 0.476 nm
Scaling the initial minimum size with 1/0.8 (option -dds) = 1.25
Guess for relative PME load: 0.23
Will use 36 particle-particle and 12 PME only ranks
This is a guess, check the performance at the end of the log file
Using 12 separate PME ranks, as guessed by mdrun
Optimizing the DD grid for 36 cells with a minimum initial size of 0.595 nm
The maximum allowed number of cells is: X 11 Y 11 Z 11
Domain decomposition grid 4 x 3 x 3, separate PME ranks 12
PME domain decomposition: 4 x 3 x 1
Interleaving PP and PME ranks
This rank does only particle-particle work.
Domain decomposition rank 0, coordinates 0 0 0

The initial number of communication pulses is: X 1 Y 1 Z 1
The initial domain decomposition cell size is: X 1.74 nm Y 2.32 nm Z 2.32 nm

The maximum allowed distance for atom groups involved in interactions is:
                 non-bonded interactions           1.323 nm
(the following are initial values, they could change due to box deformation)
            two-body bonded interactions  (-rdd)   1.323 nm
          multi-body bonded interactions  (-rdd)   1.323 nm

When dynamic load balancing gets turned on, these settings will change to:
The maximum number of communication pulses is: X 1 Y 1 Z 1
The minimum size for domain decomposition cells is 1.323 nm
The requested allowed shrink of DD cells (option -dds) is: 0.80
The allowed shrink of domain decomposition cells is: X 0.76 Y 0.57 Z 0.57
The maximum allowed distance for atom groups involved in interactions is:
                 non-bonded interactions           1.323 nm
            two-body bonded interactions  (-rdd)   1.323 nm
          multi-body bonded interactions  (-rdd)   1.323 nm

Using 48 MPI processes

Non-default thread affinity set, disabling internal thread affinity
System total charge: -0.000
Will do PME sum in reciprocal space for electrostatic interactions.

++++ PLEASE READ AND CITE THE FOLLOWING REFERENCE ++++
U. Essmann, L. Perera, M. L. Berkowitz, T. Darden, H. Lee and L. G. Pedersen 
A smooth particle mesh Ewald method
J. Chem. Phys. 103 (1995) pp. 8577-8592
-------- -------- --- Thank You --- -------- --------

Using a Gaussian width (1/beta) of 0.320163 nm for Ewald
Potential shift: LJ r^-12: -1.000e+00 r^-6: -1.000e+00, Ewald -1.000e-05
Initialized non-bonded Ewald tables, spacing: 9.33e-04 size: 1073

Generated table with 1058 data points for 1-4 COUL.
Tabscale = 500 points/nm
Generated table with 1058 data points for 1-4 LJ6.
Tabscale = 500 points/nm
Generated table with 1058 data points for 1-4 LJ12.
Tabscale = 500 points/nm

Using SIMD 4x8 nonbonded short-range kernels

Using a dual 4x8 pair-list setup updated with dynamic pruning:
  outer list: updated every 50 steps, buffer 0.116 nm, rlist 1.116 nm
  inner list: updated every 12 steps, buffer 0.003 nm, rlist 1.003 nm
At tolerance 0.005 kJ/mol/ps per atom, equivalent classical 1x1 list would be:
  outer list: updated every 50 steps, buffer 0.245 nm, rlist 1.245 nm
  inner list: updated every 12 steps, buffer 0.047 nm, rlist 1.047 nm

Using geometric Lennard-Jones combination rule

Long Range LJ corr.: <C6> 3.1923e-04


Initializing LINear Constraint Solver

++++ PLEASE READ AND CITE THE FOLLOWING REFERENCE ++++
B. Hess and H. Bekker and H. J. C. Berendsen and J. G. E. M. Fraaije
LINCS: A Linear Constraint Solver for molecular simulations
J. Comp. Chem. 18 (1997) pp. 1463-1472
-------- -------- --- Thank You --- -------- --------

The number of constraints is 959

++++ PLEASE READ AND CITE THE FOLLOWING REFERENCE ++++
S. Miyamoto and P. A. Kollman
SETTLE: An Analytical Version of the SHAKE and RATTLE Algorithms for Rigid
Water Models
J. Comp. Chem. 13 (1992) pp. 952-962
-------- -------- --- Thank You --- -------- --------


Linking all bonded interactions to atoms

Intra-simulation communication will occur every 10 steps.

++++ PLEASE READ AND CITE THE FOLLOWING REFERENCE ++++
G. Bussi, D. Donadio and M. Parrinello
Canonical sampling through velocity rescaling
J. Chem. Phys. 126 (2007) pp. 014101
-------- -------- --- Thank You --- -------- --------

There are: 33876 Atoms
Atom distribution over 36 domains: av 941 stddev 23 min 908 max 1014
Center of mass motion removal mode is Linear
We have the following groups for center of mass motion removal:
  0:  rest

Started mdrun on rank 0 Mon Oct 10 17:13:28 2022

           Step           Time
              0        0.00000

   Energies (kJ/mol)
           Bond          Angle    Proper Dih. Ryckaert-Bell.          LJ-14
    1.38963e+03    3.59198e+03    2.69122e+02    1.79766e+03    2.74827e+03
     Coulomb-14        LJ (SR)  Disper. corr.   Coulomb (SR)   Coul. recip.
    7.77942e+03    9.38497e+04   -4.54829e+03   -6.34078e+05    2.94287e+03
      Potential    Kinetic En.   Total Energy  Conserved En.    Temperature
   -5.24258e+05    8.52086e+04   -4.39049e+05   -4.39029e+05    2.98096e+02
 Pres. DC (bar) Pressure (bar)   Constr. rmsd
   -2.24387e+02    8.80799e+01    2.90153e-06


DD  step 49 load imb.: force 12.4%  pme mesh/force 0.986

step 150 Turning on dynamic load balancing, because the performance loss due to load imbalance is 10.1 %.

DD  step 4999  vol min/aver 0.663  load imb.: force  4.0%  pme mesh/force 0.963
           Step           Time
           5000       10.00000

   Energies (kJ/mol)
           Bond          Angle    Proper Dih. Ryckaert-Bell.          LJ-14
    1.41224e+03    3.87146e+03    2.53425e+02    1.75671e+03    2.66479e+03
     Coulomb-14        LJ (SR)  Disper. corr.   Coulomb (SR)   Coul. recip.
    7.76420e+03    9.45486e+04   -4.56084e+03   -6.36663e+05    3.03995e+03
      Potential    Kinetic En.   Total Energy  Conserved En.    Temperature
   -5.25912e+05    8.59598e+04   -4.39952e+05   -4.38959e+05    3.00724e+02
 Pres. DC (bar) Pressure (bar)   Constr. rmsd
   -2.25626e+02    1.39040e+02    2.62577e-06


DD  step 9999  vol min/aver 0.682  load imb.: force  3.6%  pme mesh/force 0.981
           Step           Time
          10000       20.00000

   Energies (kJ/mol)
           Bond          Angle    Proper Dih. Ryckaert-Bell.          LJ-14
    1.44795e+03    3.69229e+03    2.41219e+02    1.80424e+03    2.69274e+03
     Coulomb-14        LJ (SR)  Disper. corr.   Coulomb (SR)   Coul. recip.
    7.77905e+03    9.40895e+04   -4.54637e+03   -6.35936e+05    2.97367e+03
      Potential    Kinetic En.   Total Energy  Conserved En.    Temperature
   -5.25761e+05    8.55094e+04   -4.40252e+05   -4.38933e+05    2.99148e+02
 Pres. DC (bar) Pressure (bar)   Constr. rmsd
   -2.24198e+02   -2.16688e+01    2.72211e-06


DD  step 14999  vol min/aver 0.674  load imb.: force  4.7%  pme mesh/force 0.996
           Step           Time
          15000       30.00000

   Energies (kJ/mol)
           Bond          Angle    Proper Dih. Ryckaert-Bell.          LJ-14
    1.33215e+03    3.70419e+03    2.36809e+02    1.78427e+03    2.67477e+03
     Coulomb-14        LJ (SR)  Disper. corr.   Coulomb (SR)   Coul. recip.
    7.74014e+03    9.39597e+04   -4.54279e+03   -6.35152e+05    2.94310e+03
      Potential    Kinetic En.   Total Energy  Conserved En.    Temperature
   -5.25320e+05    8.51479e+04   -4.40172e+05   -4.38885e+05    2.97884e+02
 Pres. DC (bar) Pressure (bar)   Constr. rmsd
   -2.23846e+02    1.18021e+02    3.06165e-06


DD  step 19999  vol min/aver 0.677  load imb.: force  4.1%  pme mesh/force 0.985
           Step           Time
          20000       40.00000

   Energies (kJ/mol)
           Bond          Angle    Proper Dih. Ryckaert-Bell.          LJ-14
    1.49936e+03    3.83444e+03    2.33975e+02    1.79587e+03    2.63280e+03
     Coulomb-14        LJ (SR)  Disper. corr.   Coulomb (SR)   Coul. recip.
    7.76564e+03    9.23655e+04   -4.53030e+03   -6.32526e+05    3.02311e+03
      Potential    Kinetic En.   Total Energy  Conserved En.    Temperature
   -5.23906e+05    8.65833e+04   -4.37323e+05   -4.38814e+05    3.02905e+02
 Pres. DC (bar) Pressure (bar)   Constr. rmsd
   -2.22618e+02   -2.47947e+02    2.83089e-06


step 23000 Turning off dynamic load balancing, because it is degrading performance.
Atom distribution over 36 domains: av 941 stddev 23 min 897 max 996

DD  step 24999 load imb.: force 11.6%  pme mesh/force 0.951
           Step           Time
          25000       50.00000

   Energies (kJ/mol)
           Bond          Angle    Proper Dih. Ryckaert-Bell.          LJ-14
    1.51392e+03    3.98709e+03    2.49642e+02    1.78568e+03    2.62211e+03
     Coulomb-14        LJ (SR)  Disper. corr.   Coulomb (SR)   Coul. recip.
    7.74749e+03    9.38224e+04   -4.55640e+03   -6.33752e+05    2.83808e+03
      Potential    Kinetic En.   Total Energy  Conserved En.    Temperature
   -5.23742e+05    8.60180e+04   -4.37724e+05   -4.38757e+05    3.00927e+02
 Pres. DC (bar) Pressure (bar)   Constr. rmsd
   -2.25188e+02    3.93119e+01    3.17755e-06


DD  step 29999 load imb.: force 10.6%  pme mesh/force 0.952

step 30000 Turning on dynamic load balancing, because the performance loss due to load imbalance is 3.5 %.
           Step           Time
          30000       60.00000

   Energies (kJ/mol)
           Bond          Angle    Proper Dih. Ryckaert-Bell.          LJ-14
    1.52701e+03    3.61877e+03    2.64358e+02    1.78528e+03    2.69319e+03
     Coulomb-14        LJ (SR)  Disper. corr.   Coulomb (SR)   Coul. recip.
    7.81807e+03    9.38294e+04   -4.56142e+03   -6.35411e+05    2.92321e+03
      Potential    Kinetic En.   Total Energy  Conserved En.    Temperature
   -5.25513e+05    8.53785e+04   -4.40135e+05   -4.38735e+05    2.98690e+02
 Pres. DC (bar) Pressure (bar)   Constr. rmsd
   -2.25684e+02   -1.52467e+02    3.41247e-06


DD  step 34999  vol min/aver 0.649  load imb.: force  3.3%  pme mesh/force 1.014
           Step           Time
          35000       70.00000

   Energies (kJ/mol)
           Bond          Angle    Proper Dih. Ryckaert-Bell.          LJ-14
    1.44531e+03    3.75338e+03    2.23990e+02    1.80294e+03    2.70800e+03
     Coulomb-14        LJ (SR)  Disper. corr.   Coulomb (SR)   Coul. recip.
    7.84809e+03    9.27638e+04   -4.54096e+03   -6.33177e+05    2.96469e+03
      Potential    Kinetic En.   Total Energy  Conserved En.    Temperature
   -5.24208e+05    8.58277e+04   -4.38380e+05   -4.38675e+05    3.00262e+02
 Pres. DC (bar) Pressure (bar)   Constr. rmsd
   -2.23666e+02   -1.86056e+02    2.90468e-06


DD  step 39999  vol min/aver 0.713  load imb.: force  3.6%  pme mesh/force 0.974
           Step           Time
          40000       80.00000

   Energies (kJ/mol)
           Bond          Angle    Proper Dih. Ryckaert-Bell.          LJ-14
    1.43669e+03    3.84755e+03    2.36133e+02    1.90897e+03    2.69156e+03
     Coulomb-14        LJ (SR)  Disper. corr.   Coulomb (SR)   Coul. recip.
    7.76622e+03    9.35196e+04   -4.57909e+03   -6.32886e+05    2.96827e+03
      Potential    Kinetic En.   Total Energy  Conserved En.    Temperature
   -5.23090e+05    8.68282e+04   -4.36262e+05   -4.38630e+05    3.03762e+02
 Pres. DC (bar) Pressure (bar)   Constr. rmsd
   -2.27433e+02    2.60000e+02    2.94517e-06


DD  step 44999  vol min/aver 0.676  load imb.: force  4.4%  pme mesh/force 0.999
           Step           Time
          45000       90.00000

   Energies (kJ/mol)
           Bond          Angle    Proper Dih. Ryckaert-Bell.          LJ-14
    1.54756e+03    3.63963e+03    2.05989e+02    1.79305e+03    2.64642e+03
     Coulomb-14        LJ (SR)  Disper. corr.   Coulomb (SR)   Coul. recip.
    7.79492e+03    9.46677e+04   -4.54930e+03   -6.35082e+05    3.00399e+03
      Potential    Kinetic En.   Total Energy  Conserved En.    Temperature
   -5.24332e+05    8.54865e+04   -4.38846e+05   -4.38578e+05    2.99068e+02
 Pres. DC (bar) Pressure (bar)   Constr. rmsd
   -2.24487e+02    1.46809e+02    3.42426e-06


DD  step 49999  vol min/aver 0.693  load imb.: force  4.0%  pme mesh/force 0.971
           Step           Time
          50000      100.00000

   Energies (kJ/mol)
           Bond          Angle    Proper Dih. Ryckaert-Bell.          LJ-14
    1.49585e+03    3.70547e+03    2.38670e+02    1.83163e+03    2.59661e+03
     Coulomb-14        LJ (SR)  Disper. corr.   Coulomb (SR)   Coul. recip.
    7.78464e+03    9.33308e+04   -4.55874e+03   -6.34084e+05    2.98443e+03
      Potential    Kinetic En.   Total Energy  Conserved En.    Temperature
   -5.24675e+05    8.48615e+04   -4.39813e+05   -4.38514e+05    2.96882e+02
 Pres. DC (bar) Pressure (bar)   Constr. rmsd
   -2.25419e+02   -6.17590e+01    3.05146e-06


DD  step 54999  vol min/aver 0.710  load imb.: force  3.0%  pme mesh/force 0.990
           Step           Time
          55000      110.00000

   Energies (kJ/mol)
           Bond          Angle    Proper Dih. Ryckaert-Bell.          LJ-14
    1.39269e+03    3.95907e+03    2.76407e+02    1.79462e+03    2.59275e+03
     Coulomb-14        LJ (SR)  Disper. corr.   Coulomb (SR)   Coul. recip.
    7.72423e+03    9.49657e+04   -4.56015e+03   -6.35188e+05    2.94254e+03
      Potential    Kinetic En.   Total Energy  Conserved En.    Temperature
   -5.24100e+05    8.60245e+04   -4.38075e+05   -4.38482e+05    3.00950e+02
 Pres. DC (bar) Pressure (bar)   Constr. rmsd
   -2.25557e+02    1.86665e+02    2.76916e-06


DD  step 59999  vol min/aver 0.722  load imb.: force  4.5%  pme mesh/force 0.988
           Step           Time
          60000      120.00000

   Energies (kJ/mol)
           Bond          Angle    Proper Dih. Ryckaert-Bell.          LJ-14
    1.47756e+03    3.77858e+03    2.46373e+02    1.87954e+03    2.65410e+03
     Coulomb-14        LJ (SR)  Disper. corr.   Coulomb (SR)   Coul. recip.
    7.78580e+03    9.23476e+04   -4.54731e+03   -6.33856e+05    2.89100e+03
      Potential    Kinetic En.   Total Energy  Conserved En.    Temperature
   -5.25343e+05    8.53042e+04   -4.40038e+05   -4.38436e+05    2.98430e+02
 Pres. DC (bar) Pressure (bar)   Constr. rmsd
   -2.24291e+02   -1.70977e+02    2.94737e-06


step 64000 Turning off dynamic load balancing, because it is degrading performance.
Atom distribution over 36 domains: av 941 stddev 21 min 906 max 1003

DD  step 64999 load imb.: force 10.2%  pme mesh/force 0.958

step 65000 Will no longer try dynamic load balancing, as it degraded performance.
           Step           Time
          65000      130.00000

   Energies (kJ/mol)
           Bond          Angle    Proper Dih. Ryckaert-Bell.          LJ-14
    1.42861e+03    3.87422e+03    2.36042e+02    1.75340e+03    2.63937e+03
     Coulomb-14        LJ (SR)  Disper. corr.   Coulomb (SR)   Coul. recip.
    7.85239e+03    9.24198e+04   -4.55108e+03   -6.33650e+05    2.93678e+03
      Potential    Kinetic En.   Total Energy  Conserved En.    Temperature
   -5.25060e+05    8.65122e+04   -4.38548e+05   -4.38387e+05    3.02656e+02
 Pres. DC (bar) Pressure (bar)   Constr. rmsd
   -2.24662e+02   -1.93275e+02    2.99142e-06


DD  step 69999 load imb.: force 11.5%  pme mesh/force 0.953
           Step           Time
          70000      140.00000

   Energies (kJ/mol)
           Bond          Angle    Proper Dih. Ryckaert-Bell.          LJ-14
    1.50220e+03    3.81252e+03    2.39493e+02    1.76583e+03    2.59910e+03
     Coulomb-14        LJ (SR)  Disper. corr.   Coulomb (SR)   Coul. recip.
    7.77078e+03    9.32076e+04   -4.55566e+03   -6.34317e+05    2.92320e+03
      Potential    Kinetic En.   Total Energy  Conserved En.    Temperature
   -5.25052e+05    8.54133e+04   -4.39639e+05   -4.38312e+05    2.98812e+02
 Pres. DC (bar) Pressure (bar)   Constr. rmsd
   -2.25114e+02   -1.60687e+02    3.11284e-06


DD  step 74999 load imb.: force 12.1%  pme mesh/force 0.950
           Step           Time
          75000      150.00000

   Energies (kJ/mol)
           Bond          Angle    Proper Dih. Ryckaert-Bell.          LJ-14
    1.49984e+03    3.86401e+03    2.77534e+02    1.84371e+03    2.60057e+03
     Coulomb-14        LJ (SR)  Disper. corr.   Coulomb (SR)   Coul. recip.
    7.83130e+03    9.32868e+04   -4.56047e+03   -6.35077e+05    2.96458e+03
      Potential    Kinetic En.   Total Energy  Conserved En.    Temperature
   -5.25469e+05    8.58353e+04   -4.39634e+05   -4.38253e+05    3.00288e+02
 Pres. DC (bar) Pressure (bar)   Constr. rmsd
   -2.25590e+02   -2.12920e+02    2.87614e-06


DD  step 79999 load imb.: force 11.4%  pme mesh/force 0.953
           Step           Time
          80000      160.00000

   Energies (kJ/mol)
           Bond          Angle    Proper Dih. Ryckaert-Bell.          LJ-14
    1.51843e+03    3.77655e+03    2.58831e+02    1.75547e+03    2.60599e+03
     Coulomb-14        LJ (SR)  Disper. corr.   Coulomb (SR)   Coul. recip.
    7.73462e+03    9.52967e+04   -4.56034e+03   -6.36463e+05    2.90705e+03
      Potential    Kinetic En.   Total Energy  Conserved En.    Temperature
   -5.25170e+05    8.57356e+04   -4.39434e+05   -4.38180e+05    2.99939e+02
 Pres. DC (bar) Pressure (bar)   Constr. rmsd
   -2.25576e+02    1.14195e+02    3.24239e-06


DD  step 84999 load imb.: force 11.5%  pme mesh/force 0.951
           Step           Time
          85000      170.00000

   Energies (kJ/mol)
           Bond          Angle    Proper Dih. Ryckaert-Bell.          LJ-14
    1.43754e+03    3.83940e+03    2.70208e+02    1.82222e+03    2.69677e+03
     Coulomb-14        LJ (SR)  Disper. corr.   Coulomb (SR)   Coul. recip.
    7.80764e+03    9.28997e+04   -4.55519e+03   -6.33150e+05    3.01041e+03
      Potential    Kinetic En.   Total Energy  Conserved En.    Temperature
   -5.23921e+05    8.58840e+04   -4.38037e+05   -4.38137e+05    3.00459e+02
 Pres. DC (bar) Pressure (bar)   Constr. rmsd
   -2.25068e+02   -7.95659e+01    3.13633e-06


DD  step 89999 load imb.: force 14.4%  pme mesh/force 0.957
           Step           Time
          90000      180.00000

   Energies (kJ/mol)
           Bond          Angle    Proper Dih. Ryckaert-Bell.          LJ-14
    1.40866e+03    3.73442e+03    2.55098e+02    1.70670e+03    2.67113e+03
     Coulomb-14        LJ (SR)  Disper. corr.   Coulomb (SR)   Coul. recip.
    7.70642e+03    9.44342e+04   -4.55106e+03   -6.34671e+05    2.91550e+03
      Potential    Kinetic En.   Total Energy  Conserved En.    Temperature
   -5.24390e+05    8.59869e+04   -4.38403e+05   -4.38112e+05    3.00819e+02
 Pres. DC (bar) Pressure (bar)   Constr. rmsd
   -2.24661e+02    2.29471e+02    2.74875e-06


DD  step 94999 load imb.: force 11.4%  pme mesh/force 0.949
           Step           Time
          95000      190.00000

   Energies (kJ/mol)
           Bond          Angle    Proper Dih. Ryckaert-Bell.          LJ-14
    1.51129e+03    3.87694e+03    2.37138e+02    1.67979e+03    2.72398e+03
     Coulomb-14        LJ (SR)  Disper. corr.   Coulomb (SR)   Coul. recip.
    7.85004e+03    9.33238e+04   -4.57141e+03   -6.34576e+05    2.87491e+03
      Potential    Kinetic En.   Total Energy  Conserved En.    Temperature
   -5.25069e+05    8.54483e+04   -4.39621e+05   -4.38022e+05    2.98934e+02
 Pres. DC (bar) Pressure (bar)   Constr. rmsd
   -2.26672e+02    5.79415e+01    2.64484e-06


DD  step 99999 load imb.: force 11.3%  pme mesh/force 0.955
           Step           Time
         100000      200.00000

   Energies (kJ/mol)
           Bond          Angle    Proper Dih. Ryckaert-Bell.          LJ-14
    1.53679e+03    3.81800e+03    2.21537e+02    1.76454e+03    2.70941e+03
     Coulomb-14        LJ (SR)  Disper. corr.   Coulomb (SR)   Coul. recip.
    7.76605e+03    9.28362e+04   -4.55340e+03   -6.33186e+05    3.02961e+03
      Potential    Kinetic En.   Total Energy  Conserved En.    Temperature
   -5.24058e+05    8.59703e+04   -4.38087e+05   -4.37967e+05    3.00761e+02
 Pres. DC (bar) Pressure (bar)   Constr. rmsd
   -2.24892e+02   -1.24414e+02    3.08599e-06


DD  step 104999 load imb.: force 11.2%  pme mesh/force 0.951
           Step           Time
         105000      210.00000

   Energies (kJ/mol)
           Bond          Angle    Proper Dih. Ryckaert-Bell.          LJ-14
    1.46911e+03    3.74305e+03    2.72547e+02    1.79287e+03    2.66620e+03
     Coulomb-14        LJ (SR)  Disper. corr.   Coulomb (SR)   Coul. recip.
    7.91742e+03    9.39045e+04   -4.56594e+03   -6.34762e+05    2.95985e+03
      Potential    Kinetic En.   Total Energy  Conserved En.    Temperature
   -5.24603e+05    8.67188e+04   -4.37884e+05   -4.37949e+05    3.03379e+02
 Pres. DC (bar) Pressure (bar)   Constr. rmsd
   -2.26130e+02   -3.91229e+01    2.71399e-06


DD  step 109999 load imb.: force 10.1%  pme mesh/force 0.957
           Step           Time
         110000      220.00000

   Energies (kJ/mol)
           Bond          Angle    Proper Dih. Ryckaert-Bell.          LJ-14
    1.43975e+03    3.66420e+03    2.35676e+02    1.82087e+03    2.71681e+03
     Coulomb-14        LJ (SR)  Disper. corr.   Coulomb (SR)   Coul. recip.
    7.86049e+03    9.31343e+04   -4.56346e+03   -6.33730e+05    2.99327e+03
      Potential    Kinetic En.   Total Energy  Conserved En.    Temperature
   -5.24428e+05    8.53119e+04   -4.39116e+05   -4.37864e+05    2.98457e+02
 Pres. DC (bar) Pressure (bar)   Constr. rmsd
   -2.25885e+02   -2.87546e+01    2.97169e-06


DD  step 114999 load imb.: force 11.9%  pme mesh/force 0.957
           Step           Time
         115000      230.00000

   Energies (kJ/mol)
           Bond          Angle    Proper Dih. Ryckaert-Bell.          LJ-14
    1.51956e+03    3.59456e+03    2.56946e+02    1.80693e+03    2.63875e+03
     Coulomb-14        LJ (SR)  Disper. corr.   Coulomb (SR)   Coul. recip.
    7.81335e+03    9.16088e+04   -4.55522e+03   -6.31738e+05    2.94868e+03
      Potential    Kinetic En.   Total Energy  Conserved En.    Temperature
   -5.24106e+05    8.62892e+04   -4.37817e+05   -4.37828e+05    3.01876e+02
 Pres. DC (bar) Pressure (bar)   Constr. rmsd
   -2.25071e+02   -2.38506e+02    2.77396e-06


DD  step 119999 load imb.: force 10.3%  pme mesh/force 0.960
           Step           Time
         120000      240.00000

   Energies (kJ/mol)
           Bond          Angle    Proper Dih. Ryckaert-Bell.          LJ-14
    1.39752e+03    3.69043e+03    2.68636e+02    1.81959e+03    2.59209e+03
     Coulomb-14        LJ (SR)  Disper. corr.   Coulomb (SR)   Coul. recip.
    7.75146e+03    9.36397e+04   -4.56449e+03   -6.34278e+05    2.96276e+03
      Potential    Kinetic En.   Total Energy  Conserved En.    Temperature
   -5.24720e+05    8.54975e+04   -4.39223e+05   -4.37747e+05    2.99107e+02
 Pres. DC (bar) Pressure (bar)   Constr. rmsd
   -2.25987e+02    2.71791e+01    3.05781e-06


DD  step 124999 load imb.: force 10.8%  pme mesh/force 1.018
           Step           Time
         125000      250.00000

   Energies (kJ/mol)
           Bond          Angle    Proper Dih. Ryckaert-Bell.          LJ-14
    1.44052e+03    3.68193e+03    2.03877e+02    1.67707e+03    2.68250e+03
     Coulomb-14        LJ (SR)  Disper. corr.   Coulomb (SR)   Coul. recip.
    7.88519e+03    9.44309e+04   -4.57647e+03   -6.35777e+05    2.96312e+03
      Potential    Kinetic En.   Total Energy  Conserved En.    Temperature
   -5.25388e+05    8.48759e+04   -4.40512e+05   -4.37684e+05    2.96932e+02
 Pres. DC (bar) Pressure (bar)   Constr. rmsd
   -2.27173e+02    7.98164e+01    2.82317e-06


DD  step 129999 load imb.: force 11.0%  pme mesh/force 0.952
           Step           Time
         130000      260.00000

   Energies (kJ/mol)
           Bond          Angle    Proper Dih. Ryckaert-Bell.          LJ-14
    1.46048e+03    3.72622e+03    2.48835e+02    1.71665e+03    2.67973e+03
     Coulomb-14        LJ (SR)  Disper. corr.   Coulomb (SR)   Coul. recip.
    7.75962e+03    9.32754e+04   -4.55331e+03   -6.33365e+05    2.97858e+03
      Potential    Kinetic En.   Total Energy  Conserved En.    Temperature
   -5.24073e+05    8.59226e+04   -4.38150e+05   -4.37649e+05    3.00594e+02
 Pres. DC (bar) Pressure (bar)   Constr. rmsd
   -2.24883e+02    2.24104e+01    3.17731e-06


DD  step 134999 load imb.: force 10.5%  pme mesh/force 0.948
           Step           Time
         135000      270.00000

   Energies (kJ/mol)
           Bond          Angle    Proper Dih. Ryckaert-Bell.          LJ-14
    1.39036e+03    3.69791e+03    2.43588e+02    1.76059e+03    2.76808e+03
     Coulomb-14        LJ (SR)  Disper. corr.   Coulomb (SR)   Coul. recip.
    7.81764e+03    9.47478e+04   -4.55357e+03   -6.35663e+05    2.97545e+03
      Potential    Kinetic En.   Total Energy  Conserved En.    Temperature
   -5.24815e+05    8.50524e+04   -4.39763e+05   -4.37562e+05    2.97550e+02
 Pres. DC (bar) Pressure (bar)   Constr. rmsd
   -2.24909e+02    4.01985e+02    2.80207e-06


DD  step 139999 load imb.: force 12.9%  pme mesh/force 0.949
           Step           Time
         140000      280.00000

   Energies (kJ/mol)
           Bond          Angle    Proper Dih. Ryckaert-Bell.          LJ-14
    1.41361e+03    3.76553e+03    2.56836e+02    1.73921e+03    2.60919e+03
     Coulomb-14        LJ (SR)  Disper. corr.   Coulomb (SR)   Coul. recip.
    7.78683e+03    9.41197e+04   -4.57317e+03   -6.35187e+05    2.99874e+03
      Potential    Kinetic En.   Total Energy  Conserved En.    Temperature
   -5.25070e+05    8.59034e+04   -4.39167e+05   -4.37527e+05    3.00527e+02
 Pres. DC (bar) Pressure (bar)   Constr. rmsd
   -2.26847e+02    1.70048e+02    2.77414e-06


DD  step 144999 load imb.: force 11.7%  pme mesh/force 0.951
           Step           Time
         145000      290.00000

   Energies (kJ/mol)
           Bond          Angle    Proper Dih. Ryckaert-Bell.          LJ-14
    1.52630e+03    3.74580e+03    2.58857e+02    1.75076e+03    2.58903e+03
     Coulomb-14        LJ (SR)  Disper. corr.   Coulomb (SR)   Coul. recip.
    7.79774e+03    9.34897e+04   -4.56395e+03   -6.34685e+05    2.99585e+03
      Potential    Kinetic En.   Total Energy  Conserved En.    Temperature
   -5.25095e+05    8.59405e+04   -4.39155e+05   -4.37475e+05    3.00656e+02
 Pres. DC (bar) Pressure (bar)   Constr. rmsd
   -2.25933e+02   -1.09010e+02    3.30823e-06


DD  step 149999 load imb.: force 10.7%  pme mesh/force 0.957
           Step           Time
         150000      300.00000

   Energies (kJ/mol)
           Bond          Angle    Proper Dih. Ryckaert-Bell.          LJ-14
    1.53352e+03    3.69210e+03    2.61202e+02    1.79032e+03    2.62738e+03
     Coulomb-14        LJ (SR)  Disper. corr.   Coulomb (SR)   Coul. recip.
    7.72776e+03    9.36822e+04   -4.55548e+03   -6.35772e+05    2.88317e+03
      Potential    Kinetic En.   Total Energy  Conserved En.    Temperature
   -5.26130e+05    8.61063e+04   -4.40023e+05   -4.37403e+05    3.01237e+02
 Pres. DC (bar) Pressure (bar)   Constr. rmsd
   -2.25097e+02   -2.77594e+01    2.70375e-06


DD  step 154999 load imb.: force 11.3%  pme mesh/force 0.958
           Step           Time
         155000      310.00000

   Energies (kJ/mol)
           Bond          Angle    Proper Dih. Ryckaert-Bell.          LJ-14
    1.42627e+03    3.78397e+03    2.21002e+02    1.78530e+03    2.61054e+03
     Coulomb-14        LJ (SR)  Disper. corr.   Coulomb (SR)   Coul. recip.
    7.85786e+03    9.41125e+04   -4.56275e+03   -6.35702e+05    2.97487e+03
      Potential    Kinetic En.   Total Energy  Conserved En.    Temperature
   -5.25492e+05    8.58676e+04   -4.39625e+05   -4.37345e+05    3.00401e+02
 Pres. DC (bar) Pressure (bar)   Constr. rmsd
   -2.25814e+02    8.10582e+01    2.77853e-06


DD  step 159999 load imb.: force 10.4%  pme mesh/force 0.958
           Step           Time
         160000      320.00000

   Energies (kJ/mol)
           Bond          Angle    Proper Dih. Ryckaert-Bell.          LJ-14
    1.53962e+03    3.62351e+03    2.41549e+02    1.81008e+03    2.69028e+03
     Coulomb-14        LJ (SR)  Disper. corr.   Coulomb (SR)   Coul. recip.
    7.80461e+03    9.38642e+04   -4.56120e+03   -6.34919e+05    2.95124e+03
      Potential    Kinetic En.   Total Energy  Conserved En.    Temperature
   -5.24955e+05    8.63978e+04   -4.38557e+05   -4.37303e+05    3.02256e+02
 Pres. DC (bar) Pressure (bar)   Constr. rmsd
   -2.25661e+02   -2.52109e+01    2.87879e-06


DD  step 164999 load imb.: force 16.6%  pme mesh/force 1.006
           Step           Time
         165000      330.00000

   Energies (kJ/mol)
           Bond          Angle    Proper Dih. Ryckaert-Bell.          LJ-14
    1.53032e+03    3.92573e+03    2.25754e+02    1.74112e+03    2.61733e+03
     Coulomb-14        LJ (SR)  Disper. corr.   Coulomb (SR)   Coul. recip.
    7.79368e+03    9.34012e+04   -4.54806e+03   -6.33587e+05    2.92729e+03
      Potential    Kinetic En.   Total Energy  Conserved En.    Temperature
   -5.23973e+05    8.68243e+04   -4.37148e+05   -4.37255e+05    3.03748e+02
 Pres. DC (bar) Pressure (bar)   Constr. rmsd
   -2.24365e+02   -7.92029e+01    3.13719e-06


DD  step 169999 load imb.: force 11.0%  pme mesh/force 0.956
           Step           Time
         170000      340.00000

   Energies (kJ/mol)
           Bond          Angle    Proper Dih. Ryckaert-Bell.          LJ-14
    1.47749e+03    3.70134e+03    2.40814e+02    1.71249e+03    2.63670e+03
     Coulomb-14        LJ (SR)  Disper. corr.   Coulomb (SR)   Coul. recip.
    7.78573e+03    9.32993e+04   -4.55821e+03   -6.35536e+05    2.90214e+03
      Potential    Kinetic En.   Total Energy  Conserved En.    Temperature
   -5.26338e+05    8.57181e+04   -4.40620e+05   -4.37210e+05    2.99878e+02
 Pres. DC (bar) Pressure (bar)   Constr. rmsd
   -2.25366e+02   -1.89891e+02    2.75394e-06


DD  step 174999 load imb.: force 14.4%  pme mesh/force 0.982
           Step           Time
         175000      350.00000

   Energies (kJ/mol)
           Bond          Angle    Proper Dih. Ryckaert-Bell.          LJ-14
    1.39862e+03    3.89605e+03    2.43335e+02    1.79606e+03    2.65207e+03
     Coulomb-14        LJ (SR)  Disper. corr.   Coulomb (SR)   Coul. recip.
    7.85498e+03    9.43009e+04   -4.55547e+03   -6.35927e+05    3.00500e+03
      Potential    Kinetic En.   Total Energy  Conserved En.    Temperature
   -5.25336e+05    8.57466e+04   -4.39589e+05   -4.37131e+05    2.99978e+02
 Pres. DC (bar) Pressure (bar)   Constr. rmsd
   -2.25096e+02    2.69527e+01    2.72437e-06


DD  step 179999 load imb.: force 11.2%  pme mesh/force 0.950
           Step           Time
         180000      360.00000

   Energies (kJ/mol)
           Bond          Angle    Proper Dih. Ryckaert-Bell.          LJ-14
    1.58892e+03    3.81689e+03    2.67425e+02    1.76153e+03    2.66178e+03
     Coulomb-14        LJ (SR)  Disper. corr.   Coulomb (SR)   Coul. recip.
    7.79012e+03    9.39109e+04   -4.54249e+03   -6.35246e+05    2.89378e+03
      Potential    Kinetic En.   Total Energy  Conserved En.    Temperature
   -5.25097e+05    8.61524e+04   -4.38945e+05   -4.37080e+05    3.01398e+02
 Pres. DC (bar) Pressure (bar)   Constr. rmsd
   -2.23816e+02   -1.03739e+02    2.65980e-06


DD  step 184999 load imb.: force 12.2%  pme mesh/force 0.950
           Step           Time
         185000      370.00000

   Energies (kJ/mol)
           Bond          Angle    Proper Dih. Ryckaert-Bell.          LJ-14
    1.50485e+03    3.92773e+03    2.37962e+02    1.76115e+03    2.64391e+03
     Coulomb-14        LJ (SR)  Disper. corr.   Coulomb (SR)   Coul. recip.
    7.77639e+03    9.30869e+04   -4.55612e+03   -6.33976e+05    2.97880e+03
      Potential    Kinetic En.   Total Energy  Conserved En.    Temperature
   -5.24614e+05    8.59418e+04   -4.38672e+05   -4.37042e+05    3.00661e+02
 Pres. DC (bar) Pressure (bar)   Constr. rmsd
   -2.25160e+02   -1.47902e+02    3.54748e-06


DD  step 189999 load imb.: force 11.4%  pme mesh/force 0.946
           Step           Time
         190000      380.00000

   Energies (kJ/mol)
           Bond          Angle    Proper Dih. Ryckaert-Bell.          LJ-14
    1.43340e+03    3.79905e+03    2.12220e+02    1.63091e+03    2.72040e+03
     Coulomb-14        LJ (SR)  Disper. corr.   Coulomb (SR)   Coul. recip.
    7.89058e+03    9.23632e+04   -4.55458e+03   -6.32269e+05    2.96941e+03
      Potential    Kinetic En.   Total Energy  Conserved En.    Temperature
   -5.23804e+05    8.45410e+04   -4.39263e+05   -4.36996e+05    2.95761e+02
 Pres. DC (bar) Pressure (bar)   Constr. rmsd
   -2.25008e+02   -1.21907e+02    2.86640e-06


DD  step 194999 load imb.: force 13.3%  pme mesh/force 0.946
           Step           Time
         195000      390.00000

   Energies (kJ/mol)
           Bond          Angle    Proper Dih. Ryckaert-Bell.          LJ-14
    1.48029e+03    3.80498e+03    2.36657e+02    1.72491e+03    2.67446e+03
     Coulomb-14        LJ (SR)  Disper. corr.   Coulomb (SR)   Coul. recip.
    7.77569e+03    9.48807e+04   -4.55616e+03   -6.36212e+05    2.99975e+03
      Potential    Kinetic En.   Total Energy  Conserved En.    Temperature
   -5.25190e+05    8.50701e+04   -4.40120e+05   -4.36924e+05    2.97611e+02
 Pres. DC (bar) Pressure (bar)   Constr. rmsd
   -2.25164e+02    7.19118e+01    2.85458e-06


DD  step 199999 load imb.: force 11.1%  pme mesh/force 0.950
           Step           Time
         200000      400.00000

   Energies (kJ/mol)
           Bond          Angle    Proper Dih. Ryckaert-Bell.          LJ-14
    1.54099e+03    3.70750e+03    2.35822e+02    1.63017e+03    2.68695e+03
     Coulomb-14        LJ (SR)  Disper. corr.   Coulomb (SR)   Coul. recip.
    7.89293e+03    9.30986e+04   -4.56347e+03   -6.33772e+05    2.96207e+03
      Potential    Kinetic En.   Total Energy  Conserved En.    Temperature
   -5.24581e+05    8.54723e+04   -4.39108e+05   -4.36893e+05    2.99018e+02
 Pres. DC (bar) Pressure (bar)   Constr. rmsd
   -2.25886e+02   -1.28724e+02    2.87408e-06


DD  step 204999 load imb.: force 12.2%  pme mesh/force 0.949
           Step           Time
         205000      410.00000

   Energies (kJ/mol)
           Bond          Angle    Proper Dih. Ryckaert-Bell.          LJ-14
    1.48983e+03    3.90152e+03    2.29437e+02    1.73537e+03    2.66011e+03
     Coulomb-14        LJ (SR)  Disper. corr.   Coulomb (SR)   Coul. recip.
    7.82927e+03    9.38132e+04   -4.58523e+03   -6.35325e+05    2.85676e+03
      Potential    Kinetic En.   Total Energy  Conserved En.    Temperature
   -5.25394e+05    8.59989e+04   -4.39396e+05   -4.36838e+05    3.00861e+02
 Pres. DC (bar) Pressure (bar)   Constr. rmsd
   -2.28043e+02    1.78673e+02    2.87481e-06


DD  step 209999 load imb.: force 15.0%  pme mesh/force 0.984
           Step           Time
         210000      420.00000

   Energies (kJ/mol)
           Bond          Angle    Proper Dih. Ryckaert-Bell.          LJ-14
    1.40327e+03    3.79711e+03    2.43230e+02    1.76457e+03    2.70184e+03
     Coulomb-14        LJ (SR)  Disper. corr.   Coulomb (SR)   Coul. recip.
    7.87198e+03    9.37545e+04   -4.57259e+03   -6.35579e+05    2.90935e+03
      Potential    Kinetic En.   Total Energy  Conserved En.    Temperature
   -5.25706e+05    8.63976e+04   -4.39308e+05   -4.36809e+05    3.02255e+02
 Pres. DC (bar) Pressure (bar)   Constr. rmsd
   -2.26789e+02    4.64622e+01    2.90005e-06


DD  step 214999 load imb.: force 13.1%  pme mesh/force 0.934
           Step           Time
         215000      430.00000

   Energies (kJ/mol)
           Bond          Angle    Proper Dih. Ryckaert-Bell.          LJ-14
    1.54167e+03    3.60346e+03    2.37824e+02    1.70873e+03    2.72179e+03
     Coulomb-14        LJ (SR)  Disper. corr.   Coulomb (SR)   Coul. recip.
    7.75424e+03    9.35999e+04   -4.57517e+03   -6.35562e+05    2.84191e+03
      Potential    Kinetic En.   Total Energy  Conserved En.    Temperature
   -5.26128e+05    8.61032e+04   -4.40024e+05   -4.36754e+05    3.01226e+02
 Pres. DC (bar) Pressure (bar)   Constr. rmsd
   -2.27044e+02    2.65324e+01    2.85138e-06


DD  step 219999 load imb.: force 13.7%  pme mesh/force 0.932
           Step           Time
         220000      440.00000

   Energies (kJ/mol)
           Bond          Angle    Proper Dih. Ryckaert-Bell.          LJ-14
    1.42937e+03    3.78183e+03    2.13754e+02    1.83946e+03    2.69712e+03
     Coulomb-14        LJ (SR)  Disper. corr.   Coulomb (SR)   Coul. recip.
    7.93693e+03    9.35470e+04   -4.55249e+03   -6.33934e+05    2.89740e+03
      Potential    Kinetic En.   Total Energy  Conserved En.    Temperature
   -5.24144e+05    8.46335e+04   -4.39510e+05   -4.36691e+05    2.96084e+02
 Pres. DC (bar) Pressure (bar)   Constr. rmsd
   -2.24801e+02    4.49992e+01    3.30502e-06


DD  step 224999 load imb.: force 13.9%  pme mesh/force 0.941
           Step           Time
         225000      450.00000

   Energies (kJ/mol)
           Bond          Angle    Proper Dih. Ryckaert-Bell.          LJ-14
    1.53266e+03    3.69681e+03    2.69627e+02    1.79662e+03    2.65021e+03
     Coulomb-14        LJ (SR)  Disper. corr.   Coulomb (SR)   Coul. recip.
    7.88050e+03    9.36950e+04   -4.56057e+03   -6.36015e+05    2.96656e+03
      Potential    Kinetic En.   Total Energy  Conserved En.    Temperature
   -5.26088e+05    8.56448e+04   -4.40443e+05   -4.36629e+05    2.99622e+02
 Pres. DC (bar) Pressure (bar)   Constr. rmsd
   -2.25599e+02   -1.57097e+02    2.60357e-06


DD  step 229999 load imb.: force 13.5%  pme mesh/force 0.943
           Step           Time
         230000      460.00000

   Energies (kJ/mol)
           Bond          Angle    Proper Dih. Ryckaert-Bell.          LJ-14
    1.51396e+03    3.84048e+03    2.59407e+02    1.77225e+03    2.62496e+03
     Coulomb-14        LJ (SR)  Disper. corr.   Coulomb (SR)   Coul. recip.
    7.83485e+03    9.36508e+04   -4.56859e+03   -6.34558e+05    3.01262e+03
      Potential    Kinetic En.   Total Energy  Conserved En.    Temperature
   -5.24617e+05    8.64000e+04   -4.38217e+05   -4.36587e+05    3.02264e+02
 Pres. DC (bar) Pressure (bar)   Constr. rmsd
   -2.26392e+02    1.10224e+02    3.54044e-06


DD  step 234999 load imb.: force 13.1%  pme mesh/force 0.946
           Step           Time
         235000      470.00000

   Energies (kJ/mol)
           Bond          Angle    Proper Dih. Ryckaert-Bell.          LJ-14
    1.40439e+03    3.97055e+03    2.34386e+02    1.70488e+03    2.72099e+03
     Coulomb-14        LJ (SR)  Disper. corr.   Coulomb (SR)   Coul. recip.
    7.80714e+03    9.20972e+04   -4.53429e+03   -6.32078e+05    3.03538e+03
      Potential    Kinetic En.   Total Energy  Conserved En.    Temperature
   -5.23637e+05    8.61654e+04   -4.37471e+05   -4.36532e+05    3.01443e+02
 Pres. DC (bar) Pressure (bar)   Constr. rmsd
   -2.23010e+02   -2.63905e+02    2.96577e-06


DD  step 239999 load imb.: force 12.0%  pme mesh/force 0.947
           Step           Time
         240000      480.00000

   Energies (kJ/mol)
           Bond          Angle    Proper Dih. Ryckaert-Bell.          LJ-14
    1.50173e+03    3.61539e+03    2.19164e+02    1.67726e+03    2.66769e+03
     Coulomb-14        LJ (SR)  Disper. corr.   Coulomb (SR)   Coul. recip.
    7.79697e+03    9.26722e+04   -4.55804e+03   -6.33744e+05    2.94110e+03
      Potential    Kinetic En.   Total Energy  Conserved En.    Temperature
   -5.25210e+05    8.61868e+04   -4.39024e+05   -4.36513e+05    3.01518e+02
 Pres. DC (bar) Pressure (bar)   Constr. rmsd
   -2.25349e+02   -1.95803e+02    3.30852e-06


DD  step 244999 load imb.: force 13.0%  pme mesh/force 0.946
           Step           Time
         245000      490.00000

   Energies (kJ/mol)
           Bond          Angle    Proper Dih. Ryckaert-Bell.          LJ-14
    1.53688e+03    3.73830e+03    2.43135e+02    1.73506e+03    2.72476e+03
     Coulomb-14        LJ (SR)  Disper. corr.   Coulomb (SR)   Coul. recip.
    7.70723e+03    9.26499e+04   -4.56361e+03   -6.33849e+05    3.00618e+03
      Potential    Kinetic En.   Total Energy  Conserved En.    Temperature
   -5.25071e+05    8.51465e+04   -4.39925e+05   -4.36419e+05    2.97879e+02
 Pres. DC (bar) Pressure (bar)   Constr. rmsd
   -2.25900e+02   -1.84395e+02    3.23320e-06


DD  step 249999 load imb.: force 13.8%  pme mesh/force 0.937
           Step           Time
         250000      500.00000

   Energies (kJ/mol)
           Bond          Angle    Proper Dih. Ryckaert-Bell.          LJ-14
    1.44956e+03    3.57605e+03    2.60440e+02    1.76643e+03    2.64457e+03
     Coulomb-14        LJ (SR)  Disper. corr.   Coulomb (SR)   Coul. recip.
    7.73225e+03    9.33086e+04   -4.53215e+03   -6.34886e+05    2.91550e+03
      Potential    Kinetic En.   Total Energy  Conserved En.    Temperature
   -5.25765e+05    8.54704e+04   -4.40294e+05   -4.36393e+05    2.99012e+02
 Pres. DC (bar) Pressure (bar)   Constr. rmsd
   -2.22800e+02   -7.21512e+01    3.47083e-06


DD  step 254999 load imb.: force 11.9%  pme mesh/force 0.955
           Step           Time
         255000      510.00000

   Energies (kJ/mol)
           Bond          Angle    Proper Dih. Ryckaert-Bell.          LJ-14
    1.49211e+03    3.71212e+03    2.60617e+02    1.76871e+03    2.70577e+03
     Coulomb-14        LJ (SR)  Disper. corr.   Coulomb (SR)   Coul. recip.
    7.84350e+03    9.34815e+04   -4.55899e+03   -6.33924e+05    2.90243e+03
      Potential    Kinetic En.   Total Energy  Conserved En.    Temperature
   -5.24317e+05    8.57183e+04   -4.38598e+05   -4.36354e+05    2.99879e+02
 Pres. DC (bar) Pressure (bar)   Constr. rmsd
   -2.25443e+02   -2.96164e+01    3.02563e-06


DD  step 259999 load imb.: force 11.1%  pme mesh/force 0.957
           Step           Time
         260000      520.00000

   Energies (kJ/mol)
           Bond          Angle    Proper Dih. Ryckaert-Bell.          LJ-14
    1.36387e+03    3.88272e+03    2.35200e+02    1.78677e+03    2.70793e+03
     Coulomb-14        LJ (SR)  Disper. corr.   Coulomb (SR)   Coul. recip.
    7.79916e+03    9.34313e+04   -4.55745e+03   -6.34525e+05    2.85900e+03
      Potential    Kinetic En.   Total Energy  Conserved En.    Temperature
   -5.25017e+05    8.57724e+04   -4.39244e+05   -4.36289e+05    3.00068e+02
 Pres. DC (bar) Pressure (bar)   Constr. rmsd
   -2.25291e+02    4.25831e+01    2.76234e-06


DD  step 264999 load imb.: force 10.7%  pme mesh/force 0.954
           Step           Time
         265000      530.00000

   Energies (kJ/mol)
           Bond          Angle    Proper Dih. Ryckaert-Bell.          LJ-14
    1.36318e+03    3.78649e+03    2.07517e+02    1.73357e+03    2.63435e+03
     Coulomb-14        LJ (SR)  Disper. corr.   Coulomb (SR)   Coul. recip.
    7.85164e+03    9.33356e+04   -4.57670e+03   -6.35392e+05    2.86947e+03
      Potential    Kinetic En.   Total Energy  Conserved En.    Temperature
   -5.26187e+05    8.47914e+04   -4.41396e+05   -4.36240e+05    2.96636e+02
 Pres. DC (bar) Pressure (bar)   Constr. rmsd
   -2.27196e+02   -3.64810e+01    2.67298e-06


DD  step 269999 load imb.: force 12.4%  pme mesh/force 0.956
           Step           Time
         270000      540.00000

   Energies (kJ/mol)
           Bond          Angle    Proper Dih. Ryckaert-Bell.          LJ-14
    1.42096e+03    3.80533e+03    2.60276e+02    1.74827e+03    2.63685e+03
     Coulomb-14        LJ (SR)  Disper. corr.   Coulomb (SR)   Coul. recip.
    7.86315e+03    9.47868e+04   -4.55362e+03   -6.36316e+05    2.95439e+03
      Potential    Kinetic En.   Total Energy  Conserved En.    Temperature
   -5.25393e+05    8.59932e+04   -4.39400e+05   -4.36185e+05    3.00841e+02
 Pres. DC (bar) Pressure (bar)   Constr. rmsd
   -2.24913e+02    1.27893e+02    2.69047e-06


DD  step 274999 load imb.: force 11.9%  pme mesh/force 1.013
           Step           Time
         275000      550.00000

   Energies (kJ/mol)
           Bond          Angle    Proper Dih. Ryckaert-Bell.          LJ-14
    1.34804e+03    3.73420e+03    2.34816e+02    1.81524e+03    2.67089e+03
     Coulomb-14        LJ (SR)  Disper. corr.   Coulomb (SR)   Coul. recip.
    7.83074e+03    9.30760e+04   -4.56130e+03   -6.35687e+05    2.92089e+03
      Potential    Kinetic En.   Total Energy  Conserved En.    Temperature
   -5.26618e+05    8.59001e+04   -4.40718e+05   -4.36133e+05    3.00515e+02
 Pres. DC (bar) Pressure (bar)   Constr. rmsd
   -2.25672e+02   -8.36367e+01    2.92168e-06


DD  step 279999 load imb.: force 11.2%  pme mesh/force 0.957
           Step           Time
         280000      560.00000

   Energies (kJ/mol)
           Bond          Angle    Proper Dih. Ryckaert-Bell.          LJ-14
    1.44846e+03    3.66167e+03    2.62428e+02    1.75812e+03    2.61127e+03
     Coulomb-14        LJ (SR)  Disper. corr.   Coulomb (SR)   Coul. recip.
    7.85471e+03    9.43076e+04   -4.57274e+03   -6.35923e+05    2.89616e+03
      Potential    Kinetic En.   Total Energy  Conserved En.    Temperature
   -5.25695e+05    8.50980e+04   -4.40597e+05   -4.36088e+05    2.97709e+02
 Pres. DC (bar) Pressure (bar)   Constr. rmsd
   -2.26803e+02    2.04406e+02    2.72589e-06


DD  step 284999 load imb.: force 11.1%  pme mesh/force 0.953
           Step           Time
         285000      570.00000

   Energies (kJ/mol)
           Bond          Angle    Proper Dih. Ryckaert-Bell.          LJ-14
    1.48038e+03    3.58099e+03    2.52387e+02    1.77020e+03    2.67335e+03
     Coulomb-14        LJ (SR)  Disper. corr.   Coulomb (SR)   Coul. recip.
    7.82270e+03    9.32106e+04   -4.56771e+03   -6.35010e+05    2.89089e+03
      Potential    Kinetic En.   Total Energy  Conserved En.    Temperature
   -5.25897e+05    8.54490e+04   -4.40448e+05   -4.36030e+05    2.98937e+02
 Pres. DC (bar) Pressure (bar)   Constr. rmsd
   -2.26306e+02   -4.84167e+01    2.80594e-06


DD  step 289999 load imb.: force 13.2%  pme mesh/force 0.951
           Step           Time
         290000      580.00000

   Energies (kJ/mol)
           Bond          Angle    Proper Dih. Ryckaert-Bell.          LJ-14
    1.39243e+03    3.79896e+03    2.30445e+02    1.72980e+03    2.67817e+03
     Coulomb-14        LJ (SR)  Disper. corr.   Coulomb (SR)   Coul. recip.
    7.91715e+03    9.30816e+04   -4.54949e+03   -6.33816e+05    2.95493e+03
      Potential    Kinetic En.   Total Energy  Conserved En.    Temperature
   -5.24582e+05    8.63165e+04   -4.38265e+05   -4.35980e+05    3.01972e+02
 Pres. DC (bar) Pressure (bar)   Constr. rmsd
   -2.24505e+02   -4.95484e+01    2.86072e-06


DD  step 294999 load imb.: force 11.7%  pme mesh/force 0.951
           Step           Time
         295000      590.00000

   Energies (kJ/mol)
           Bond          Angle    Proper Dih. Ryckaert-Bell.          LJ-14
    1.44381e+03    3.69754e+03    2.67725e+02    1.76177e+03    2.65452e+03
     Coulomb-14        LJ (SR)  Disper. corr.   Coulomb (SR)   Coul. recip.
    7.85108e+03    9.39036e+04   -4.55664e+03   -6.35804e+05    3.03194e+03
      Potential    Kinetic En.   Total Energy  Conserved En.    Temperature
   -5.25749e+05    8.58222e+04   -4.39927e+05   -4.35933e+05    3.00242e+02
 Pres. DC (bar) Pressure (bar)   Constr. rmsd
   -2.25211e+02   -4.35204e+01    2.64884e-06


DD  step 299999 load imb.: force 12.1%  pme mesh/force 0.952
           Step           Time
         300000      600.00000

   Energies (kJ/mol)
           Bond          Angle    Proper Dih. Ryckaert-Bell.          LJ-14
    1.43963e+03    3.76675e+03    2.35410e+02    1.86500e+03    2.60358e+03
     Coulomb-14        LJ (SR)  Disper. corr.   Coulomb (SR)   Coul. recip.
    7.73456e+03    9.29236e+04   -4.56009e+03   -6.34374e+05    2.99150e+03
      Potential    Kinetic En.   Total Energy  Conserved En.    Temperature
   -5.25374e+05    8.58943e+04   -4.39480e+05   -4.35864e+05    3.00495e+02
 Pres. DC (bar) Pressure (bar)   Constr. rmsd
   -2.25552e+02   -2.39793e+02    2.99460e-06


DD  step 304999 load imb.: force 11.1%  pme mesh/force 0.953
           Step           Time
         305000      610.00000

   Energies (kJ/mol)
           Bond          Angle    Proper Dih. Ryckaert-Bell.          LJ-14
    1.40859e+03    3.79162e+03    2.58389e+02    1.71958e+03    2.59981e+03
     Coulomb-14        LJ (SR)  Disper. corr.   Coulomb (SR)   Coul. recip.
    7.95540e+03    9.24911e+04   -4.54710e+03   -6.33643e+05    2.96891e+03
      Potential    Kinetic En.   Total Energy  Conserved En.    Temperature
   -5.24996e+05    8.59796e+04   -4.39017e+05   -4.35832e+05    3.00793e+02
 Pres. DC (bar) Pressure (bar)   Constr. rmsd
   -2.24271e+02   -2.45661e+02    2.79778e-06


DD  step 309999 load imb.: force 13.1%  pme mesh/force 0.952
           Step           Time
         310000      620.00000

   Energies (kJ/mol)
           Bond          Angle    Proper Dih. Ryckaert-Bell.          LJ-14
    1.45153e+03    3.71270e+03    2.36704e+02    1.71067e+03    2.67076e+03
     Coulomb-14        LJ (SR)  Disper. corr.   Coulomb (SR)   Coul. recip.
    7.87175e+03    9.44535e+04   -4.56059e+03   -6.36801e+05    2.92935e+03
      Potential    Kinetic En.   Total Energy  Conserved En.    Temperature
   -5.26324e+05    8.57555e+04   -4.40569e+05   -4.35761e+05    3.00009e+02
 Pres. DC (bar) Pressure (bar)   Constr. rmsd
   -2.25601e+02    6.60761e+01    2.56234e-06


DD  step 314999 load imb.: force 10.9%  pme mesh/force 0.961
           Step           Time
         315000      630.00000

   Energies (kJ/mol)
           Bond          Angle    Proper Dih. Ryckaert-Bell.          LJ-14
    1.52113e+03    3.78321e+03    2.21027e+02    1.76722e+03    2.60619e+03
     Coulomb-14        LJ (SR)  Disper. corr.   Coulomb (SR)   Coul. recip.
    7.81520e+03    9.33748e+04   -4.55763e+03   -6.34702e+05    2.94616e+03
      Potential    Kinetic En.   Total Energy  Conserved En.    Temperature
   -5.25225e+05    8.64143e+04   -4.38811e+05   -4.35698e+05    3.02314e+02
 Pres. DC (bar) Pressure (bar)   Constr. rmsd
   -2.25309e+02   -1.33621e+02    3.05534e-06


DD  step 319999 load imb.: force 12.4%  pme mesh/force 0.952
           Step           Time
         320000      640.00000

   Energies (kJ/mol)
           Bond          Angle    Proper Dih. Ryckaert-Bell.          LJ-14
    1.48180e+03    3.83021e+03    2.57861e+02    1.74296e+03    2.62252e+03
     Coulomb-14        LJ (SR)  Disper. corr.   Coulomb (SR)   Coul. recip.
    7.72677e+03    9.40397e+04   -4.53888e+03   -6.35077e+05    2.95673e+03
      Potential    Kinetic En.   Total Energy  Conserved En.    Temperature
   -5.24958e+05    8.61957e+04   -4.38762e+05   -4.35637e+05    3.01549e+02
 Pres. DC (bar) Pressure (bar)   Constr. rmsd
   -2.23461e+02   -4.79622e+01    2.97702e-06


DD  step 324999 load imb.: force 13.1%  pme mesh/force 0.956
           Step           Time
         325000      650.00000

   Energies (kJ/mol)
           Bond          Angle    Proper Dih. Ryckaert-Bell.          LJ-14
    1.51743e+03    3.81985e+03    2.66323e+02    1.79777e+03    2.65606e+03
     Coulomb-14        LJ (SR)  Disper. corr.   Coulomb (SR)   Coul. recip.
    7.90734e+03    9.31795e+04   -4.55113e+03   -6.33436e+05    2.92338e+03
      Potential    Kinetic En.   Total Energy  Conserved En.    Temperature
   -5.23920e+05    8.58995e+04   -4.38020e+05   -4.35578e+05    3.00513e+02
 Pres. DC (bar) Pressure (bar)   Constr. rmsd
   -2.24668e+02   -1.00610e+02    3.08209e-06


DD  step 329999 load imb.: force 10.0%  pme mesh/force 0.959
           Step           Time
         330000      660.00000

   Energies (kJ/mol)
           Bond          Angle    Proper Dih. Ryckaert-Bell.          LJ-14
    1.40030e+03    3.98753e+03    1.87999e+02    1.81573e+03    2.64513e+03
     Coulomb-14        LJ (SR)  Disper. corr.   Coulomb (SR)   Coul. recip.
    7.88636e+03    9.47548e+04   -4.56550e+03   -6.35539e+05    2.92366e+03
      Potential    Kinetic En.   Total Energy  Conserved En.    Temperature
   -5.24503e+05    8.57140e+04   -4.38789e+05   -4.35538e+05    2.99864e+02
 Pres. DC (bar) Pressure (bar)   Constr. rmsd
   -2.26086e+02    1.78248e+02    2.97914e-06


DD  step 334999 load imb.: force 10.9%  pme mesh/force 0.953
           Step           Time
         335000      670.00000

   Energies (kJ/mol)
           Bond          Angle    Proper Dih. Ryckaert-Bell.          LJ-14
    1.47982e+03    3.70722e+03    2.54390e+02    1.77186e+03    2.58602e+03
     Coulomb-14        LJ (SR)  Disper. corr.   Coulomb (SR)   Coul. recip.
    7.84792e+03    9.50768e+04   -4.55633e+03   -6.36869e+05    2.98946e+03
      Potential    Kinetic En.   Total Energy  Conserved En.    Temperature
   -5.25712e+05    8.54132e+04   -4.40298e+05   -4.35488e+05    2.98812e+02
 Pres. DC (bar) Pressure (bar)   Constr. rmsd
   -2.25181e+02    5.83325e+01    2.77019e-06


DD  step 339999 load imb.: force 10.4%  pme mesh/force 0.947
           Step           Time
         340000      680.00000

   Energies (kJ/mol)
           Bond          Angle    Proper Dih. Ryckaert-Bell.          LJ-14
    1.52660e+03    3.80644e+03    2.32952e+02    1.80959e+03    2.67080e+03
     Coulomb-14        LJ (SR)  Disper. corr.   Coulomb (SR)   Coul. recip.
    7.92189e+03    9.29800e+04   -4.57074e+03   -6.33711e+05    2.97752e+03
      Potential    Kinetic En.   Total Energy  Conserved En.    Temperature
   -5.24356e+05    8.50626e+04   -4.39293e+05   -4.35422e+05    2.97585e+02
 Pres. DC (bar) Pressure (bar)   Constr. rmsd
   -2.26605e+02    3.85805e+01    2.51077e-06


DD  step 344999 load imb.: force 12.0%  pme mesh/force 0.955
           Step           Time
         345000      690.00000

   Energies (kJ/mol)
           Bond          Angle    Proper Dih. Ryckaert-Bell.          LJ-14
    1.51961e+03    3.71300e+03    2.42205e+02    1.79155e+03    2.67194e+03
     Coulomb-14        LJ (SR)  Disper. corr.   Coulomb (SR)   Coul. recip.
    7.78815e+03    9.39297e+04   -4.55975e+03   -6.33759e+05    3.02634e+03
      Potential    Kinetic En.   Total Energy  Conserved En.    Temperature
   -5.23636e+05    8.55323e+04   -4.38104e+05   -4.35381e+05    2.99228e+02
 Pres. DC (bar) Pressure (bar)   Constr. rmsd
   -2.25518e+02    9.18820e+01    2.78205e-06


DD  step 349999 load imb.: force 18.6%  pme mesh/force 1.297
           Step           Time
         350000      700.00000

   Energies (kJ/mol)
           Bond          Angle    Proper Dih. Ryckaert-Bell.          LJ-14
    1.36342e+03    3.80730e+03    2.49918e+02    1.70843e+03    2.61335e+03
     Coulomb-14        LJ (SR)  Disper. corr.   Coulomb (SR)   Coul. recip.
    7.80946e+03    9.49390e+04   -4.57133e+03   -6.35421e+05    2.88885e+03
      Potential    Kinetic En.   Total Energy  Conserved En.    Temperature
   -5.24612e+05    8.52033e+04   -4.39409e+05   -4.35330e+05    2.98077e+02
 Pres. DC (bar) Pressure (bar)   Constr. rmsd
   -2.26664e+02    2.50697e+02    2.79662e-06


DD  step 354999 load imb.: force 11.8%  pme mesh/force 0.952
           Step           Time
         355000      710.00000

   Energies (kJ/mol)
           Bond          Angle    Proper Dih. Ryckaert-Bell.          LJ-14
    1.51173e+03    3.77520e+03    2.56480e+02    1.72237e+03    2.65279e+03
     Coulomb-14        LJ (SR)  Disper. corr.   Coulomb (SR)   Coul. recip.
    7.88045e+03    9.36762e+04   -4.55577e+03   -6.34924e+05    3.05765e+03
      Potential    Kinetic En.   Total Energy  Conserved En.    Temperature
   -5.24947e+05    8.61149e+04   -4.38832e+05   -4.35271e+05    3.01266e+02
 Pres. DC (bar) Pressure (bar)   Constr. rmsd
   -2.25125e+02   -5.85406e+01    2.84132e-06


DD  step 359999 load imb.: force 12.3%  pme mesh/force 0.955
           Step           Time
         360000      720.00000

   Energies (kJ/mol)
           Bond          Angle    Proper Dih. Ryckaert-Bell.          LJ-14
    1.49500e+03    3.85153e+03    2.19754e+02    1.74693e+03    2.58378e+03
     Coulomb-14        LJ (SR)  Disper. corr.   Coulomb (SR)   Coul. recip.
    7.93504e+03    9.36818e+04   -4.56288e+03   -6.35006e+05    2.97043e+03
      Potential    Kinetic En.   Total Energy  Conserved En.    Temperature
   -5.25085e+05    8.55909e+04   -4.39494e+05   -4.35226e+05    2.99433e+02
 Pres. DC (bar) Pressure (bar)   Constr. rmsd
   -2.25828e+02   -1.36765e+02    2.48238e-06


DD  step 364999 load imb.: force 12.1%  pme mesh/force 0.946
           Step           Time
         365000      730.00000

   Energies (kJ/mol)
           Bond          Angle    Proper Dih. Ryckaert-Bell.          LJ-14
    1.46849e+03    3.92666e+03    2.27169e+02    1.73911e+03    2.64705e+03
     Coulomb-14        LJ (SR)  Disper. corr.   Coulomb (SR)   Coul. recip.
    7.93756e+03    9.34198e+04   -4.55302e+03   -6.33469e+05    2.95766e+03
      Potential    Kinetic En.   Total Energy  Conserved En.    Temperature
   -5.23699e+05    8.55742e+04   -4.38125e+05   -4.35162e+05    2.99375e+02
 Pres. DC (bar) Pressure (bar)   Constr. rmsd
   -2.24854e+02   -7.90695e+01    3.04260e-06


DD  step 369999 load imb.: force 12.0%  pme mesh/force 0.953
           Step           Time
         370000      740.00000

   Energies (kJ/mol)
           Bond          Angle    Proper Dih. Ryckaert-Bell.          LJ-14
    1.42445e+03    3.55997e+03    2.64401e+02    1.86663e+03    2.68775e+03
     Coulomb-14        LJ (SR)  Disper. corr.   Coulomb (SR)   Coul. recip.
    7.89040e+03    9.35232e+04   -4.54968e+03   -6.35166e+05    2.89508e+03
      Potential    Kinetic En.   Total Energy  Conserved En.    Temperature
   -5.25604e+05    8.56073e+04   -4.39997e+05   -4.35116e+05    2.99491e+02
 Pres. DC (bar) Pressure (bar)   Constr. rmsd
   -2.24525e+02   -1.06597e+02    3.29795e-06


DD  step 374999 load imb.: force 10.9%  pme mesh/force 0.949
           Step           Time
         375000      750.00000

   Energies (kJ/mol)
           Bond          Angle    Proper Dih. Ryckaert-Bell.          LJ-14
    1.51140e+03    3.76349e+03    2.62080e+02    1.80567e+03    2.63716e+03
     Coulomb-14        LJ (SR)  Disper. corr.   Coulomb (SR)   Coul. recip.
    7.83383e+03    9.30805e+04   -4.56637e+03   -6.34171e+05    2.95326e+03
      Potential    Kinetic En.   Total Energy  Conserved En.    Temperature
   -5.24890e+05    8.56634e+04   -4.39226e+05   -4.35064e+05    2.99687e+02
 Pres. DC (bar) Pressure (bar)   Constr. rmsd
   -2.26173e+02   -1.04520e+02    2.59970e-06


DD  step 379999 load imb.: force 11.7%  pme mesh/force 0.955
           Step           Time
         380000      760.00000

   Energies (kJ/mol)
           Bond          Angle    Proper Dih. Ryckaert-Bell.          LJ-14
    1.36796e+03    3.71875e+03    2.45427e+02    1.72656e+03    2.68457e+03
     Coulomb-14        LJ (SR)  Disper. corr.   Coulomb (SR)   Coul. recip.
    7.89956e+03    9.51987e+04   -4.56473e+03   -6.37212e+05    2.85858e+03
      Potential    Kinetic En.   Total Energy  Conserved En.    Temperature
   -5.26077e+05    8.57215e+04   -4.40355e+05   -4.35005e+05    2.99890e+02
 Pres. DC (bar) Pressure (bar)   Constr. rmsd
   -2.26011e+02    1.39867e+02    3.03392e-06


DD  step 384999 load imb.: force 11.2%  pme mesh/force 0.950
           Step           Time
         385000      770.00000

   Energies (kJ/mol)
           Bond          Angle    Proper Dih. Ryckaert-Bell.          LJ-14
    1.52346e+03    3.86520e+03    2.98020e+02    1.78008e+03    2.65867e+03
     Coulomb-14        LJ (SR)  Disper. corr.   Coulomb (SR)   Coul. recip.
    7.92348e+03    9.37186e+04   -4.55622e+03   -6.33983e+05    2.93242e+03
      Potential    Kinetic En.   Total Energy  Conserved En.    Temperature
   -5.23839e+05    8.61721e+04   -4.37667e+05   -4.34969e+05    3.01466e+02
 Pres. DC (bar) Pressure (bar)   Constr. rmsd
   -2.25169e+02   -3.80708e+01    3.06060e-06


DD  step 389999 load imb.: force 12.0%  pme mesh/force 0.947
           Step           Time
         390000      780.00000

   Energies (kJ/mol)
           Bond          Angle    Proper Dih. Ryckaert-Bell.          LJ-14
    1.47033e+03    3.81103e+03    2.57700e+02    1.77530e+03    2.64238e+03
     Coulomb-14        LJ (SR)  Disper. corr.   Coulomb (SR)   Coul. recip.
    7.77674e+03    9.41616e+04   -4.55906e+03   -6.33848e+05    2.97925e+03
      Potential    Kinetic En.   Total Energy  Conserved En.    Temperature
   -5.23533e+05    8.51938e+04   -4.38339e+05   -4.34906e+05    2.98044e+02
 Pres. DC (bar) Pressure (bar)   Constr. rmsd
   -2.25451e+02    1.59328e+02    2.96763e-06


DD  step 394999 load imb.: force 11.2%  pme mesh/force 0.949
           Step           Time
         395000      790.00000

   Energies (kJ/mol)
           Bond          Angle    Proper Dih. Ryckaert-Bell.          LJ-14
    1.47746e+03    3.89249e+03    2.64400e+02    1.81414e+03    2.59924e+03
     Coulomb-14        LJ (SR)  Disper. corr.   Coulomb (SR)   Coul. recip.
    7.87680e+03    9.33295e+04   -4.56436e+03   -6.34168e+05    2.96827e+03
      Potential    Kinetic En.   Total Energy  Conserved En.    Temperature
   -5.24510e+05    8.55637e+04   -4.38947e+05   -4.34853e+05    2.99338e+02
 Pres. DC (bar) Pressure (bar)   Constr. rmsd
   -2.25974e+02   -1.81998e+02    2.66685e-06


DD  step 399999 load imb.: force 12.3%  pme mesh/force 0.941
           Step           Time
         400000      800.00000

   Energies (kJ/mol)
           Bond          Angle    Proper Dih. Ryckaert-Bell.          LJ-14
    1.49890e+03    3.85419e+03    2.44679e+02    1.69674e+03    2.59313e+03
     Coulomb-14        LJ (SR)  Disper. corr.   Coulomb (SR)   Coul. recip.
    7.82792e+03    9.38969e+04   -4.58926e+03   -6.34820e+05    2.94663e+03
      Potential    Kinetic En.   Total Energy  Conserved En.    Temperature
   -5.24850e+05    8.65007e+04   -4.38350e+05   -4.34814e+05    3.02616e+02
 Pres. DC (bar) Pressure (bar)   Constr. rmsd
   -2.28444e+02    6.75009e+01    2.68070e-06


DD  step 404999 load imb.: force 11.7%  pme mesh/force 0.951
           Step           Time
         405000      810.00000

   Energies (kJ/mol)
           Bond          Angle    Proper Dih. Ryckaert-Bell.          LJ-14
    1.52375e+03    3.76300e+03    2.16444e+02    1.74597e+03    2.66851e+03
     Coulomb-14        LJ (SR)  Disper. corr.   Coulomb (SR)   Coul. recip.
    7.84168e+03    9.45332e+04   -4.56631e+03   -6.36288e+05    2.93888e+03
      Potential    Kinetic En.   Total Energy  Conserved En.    Temperature
   -5.25623e+05    8.57018e+04   -4.39921e+05   -4.34733e+05    2.99821e+02
 Pres. DC (bar) Pressure (bar)   Constr. rmsd
   -2.26167e+02    1.29795e+02    2.71069e-06


DD  step 409999 load imb.: force 11.4%  pme mesh/force 0.952
           Step           Time
         410000      820.00000

   Energies (kJ/mol)
           Bond          Angle    Proper Dih. Ryckaert-Bell.          LJ-14
    1.39072e+03    3.76825e+03    2.15219e+02    1.76256e+03    2.66052e+03
     Coulomb-14        LJ (SR)  Disper. corr.   Coulomb (SR)   Coul. recip.
    7.77527e+03    9.33682e+04   -4.57492e+03   -6.35613e+05    2.91325e+03
      Potential    Kinetic En.   Total Energy  Conserved En.    Temperature
   -5.26334e+05    8.55477e+04   -4.40786e+05   -4.34680e+05    2.99282e+02
 Pres. DC (bar) Pressure (bar)   Constr. rmsd
   -2.27020e+02   -2.71112e+01    2.70545e-06


DD  step 414999 load imb.: force 15.1%  pme mesh/force 0.963
           Step           Time
         415000      830.00000

   Energies (kJ/mol)
           Bond          Angle    Proper Dih. Ryckaert-Bell.          LJ-14
    1.46040e+03    3.84771e+03    2.56872e+02    1.79748e+03    2.57357e+03
     Coulomb-14        LJ (SR)  Disper. corr.   Coulomb (SR)   Coul. recip.
    7.81231e+03    9.34070e+04   -4.55585e+03   -6.34254e+05    2.98077e+03
      Potential    Kinetic En.   Total Energy  Conserved En.    Temperature
   -5.24673e+05    8.60497e+04   -4.38624e+05   -4.34623e+05    3.01039e+02
 Pres. DC (bar) Pressure (bar)   Constr. rmsd
   -2.25133e+02   -1.43619e+02    2.87933e-06


DD  step 419999 load imb.: force 15.4%  pme mesh/force 0.970
           Step           Time
         420000      840.00000

   Energies (kJ/mol)
           Bond          Angle    Proper Dih. Ryckaert-Bell.          LJ-14
    1.45647e+03    3.76713e+03    2.70961e+02    1.82622e+03    2.66707e+03
     Coulomb-14        LJ (SR)  Disper. corr.   Coulomb (SR)   Coul. recip.
    7.84373e+03    9.39747e+04   -4.53902e+03   -6.35609e+05    2.88100e+03
      Potential    Kinetic En.   Total Energy  Conserved En.    Temperature
   -5.25461e+05    8.57646e+04   -4.39697e+05   -4.34548e+05    3.00041e+02
 Pres. DC (bar) Pressure (bar)   Constr. rmsd
   -2.23475e+02   -1.28535e+02    2.85206e-06


DD  step 424999 load imb.: force 12.2%  pme mesh/force 0.952
           Step           Time
         425000      850.00000

   Energies (kJ/mol)
           Bond          Angle    Proper Dih. Ryckaert-Bell.          LJ-14
    1.39809e+03    3.81942e+03    2.44161e+02    1.69724e+03    2.65152e+03
     Coulomb-14        LJ (SR)  Disper. corr.   Coulomb (SR)   Coul. recip.
    7.85400e+03    9.39898e+04   -4.55797e+03   -6.36120e+05    2.83381e+03
      Potential    Kinetic En.   Total Energy  Conserved En.    Temperature
   -5.26190e+05    8.53236e+04   -4.40866e+05   -4.34493e+05    2.98498e+02
 Pres. DC (bar) Pressure (bar)   Constr. rmsd
   -2.25342e+02    4.89252e+01    2.81003e-06


DD  step 429999 load imb.: force 11.7%  pme mesh/force 0.946
           Step           Time
         430000      860.00000

   Energies (kJ/mol)
           Bond          Angle    Proper Dih. Ryckaert-Bell.          LJ-14
    1.44043e+03    3.66365e+03    2.69316e+02    1.65223e+03    2.67653e+03
     Coulomb-14        LJ (SR)  Disper. corr.   Coulomb (SR)   Coul. recip.
    7.76987e+03    9.40604e+04   -4.53501e+03   -6.35116e+05    2.90030e+03
      Potential    Kinetic En.   Total Energy  Conserved En.    Temperature
   -5.25219e+05    8.53091e+04   -4.39910e+05   -4.34443e+05    2.98447e+02
 Pres. DC (bar) Pressure (bar)   Constr. rmsd
   -2.23081e+02    3.76731e+01    2.70056e-06


DD  step 434999 load imb.: force 17.8%  pme mesh/force 0.976
           Step           Time
         435000      870.00000

   Energies (kJ/mol)
           Bond          Angle    Proper Dih. Ryckaert-Bell.          LJ-14
    1.48725e+03    3.69384e+03    2.54379e+02    1.69544e+03    2.69454e+03
     Coulomb-14        LJ (SR)  Disper. corr.   Coulomb (SR)   Coul. recip.
    7.76567e+03    9.34764e+04   -4.56027e+03   -6.35482e+05    2.87483e+03
      Potential    Kinetic En.   Total Energy  Conserved En.    Temperature
   -5.26100e+05    8.65788e+04   -4.39522e+05   -4.34385e+05    3.02889e+02
 Pres. DC (bar) Pressure (bar)   Constr. rmsd
   -2.25570e+02   -1.03064e+02    2.80475e-06


DD  step 439999 load imb.: force 11.9%  pme mesh/force 0.938
           Step           Time
         440000      880.00000

   Energies (kJ/mol)
           Bond          Angle    Proper Dih. Ryckaert-Bell.          LJ-14
    1.44163e+03    3.78265e+03    2.61865e+02    1.80434e+03    2.58668e+03
     Coulomb-14        LJ (SR)  Disper. corr.   Coulomb (SR)   Coul. recip.
    7.75195e+03    9.34914e+04   -4.56339e+03   -6.34638e+05    3.00824e+03
      Potential    Kinetic En.   Total Energy  Conserved En.    Temperature
   -5.25072e+05    8.53506e+04   -4.39722e+05   -4.34300e+05    2.98593e+02
 Pres. DC (bar) Pressure (bar)   Constr. rmsd
   -2.25878e+02   -3.55177e+01    2.77883e-06


DD  step 444999 load imb.: force 13.6%  pme mesh/force 0.935
           Step           Time
         445000      890.00000

   Energies (kJ/mol)
           Bond          Angle    Proper Dih. Ryckaert-Bell.          LJ-14
    1.52665e+03    3.78008e+03    2.68529e+02    1.80706e+03    2.65269e+03
     Coulomb-14        LJ (SR)  Disper. corr.   Coulomb (SR)   Coul. recip.
    7.81679e+03    9.47634e+04   -4.57195e+03   -6.36269e+05    2.96839e+03
      Potential    Kinetic En.   Total Energy  Conserved En.    Temperature
   -5.25258e+05    8.56093e+04   -4.39648e+05   -4.34252e+05    2.99498e+02
 Pres. DC (bar) Pressure (bar)   Constr. rmsd
   -2.26726e+02    8.37853e+01    2.66586e-06


DD  step 449999 load imb.: force 13.5%  pme mesh/force 0.941
           Step           Time
         450000      900.00000

   Energies (kJ/mol)
           Bond          Angle    Proper Dih. Ryckaert-Bell.          LJ-14
    1.36657e+03    3.71415e+03    2.68081e+02    1.74881e+03    2.61951e+03
     Coulomb-14        LJ (SR)  Disper. corr.   Coulomb (SR)   Coul. recip.
    7.68735e+03    9.29659e+04   -4.57487e+03   -6.34472e+05    2.87910e+03
      Potential    Kinetic En.   Total Energy  Conserved En.    Temperature
   -5.25798e+05    8.49379e+04   -4.40860e+05   -4.34207e+05    2.97149e+02
 Pres. DC (bar) Pressure (bar)   Constr. rmsd
   -2.27015e+02   -1.94800e+02    2.76633e-06


DD  step 454999 load imb.: force 14.4%  pme mesh/force 0.944
           Step           Time
         455000      910.00000

   Energies (kJ/mol)
           Bond          Angle    Proper Dih. Ryckaert-Bell.          LJ-14
    1.50460e+03    3.71394e+03    2.50443e+02    1.66979e+03    2.70220e+03
     Coulomb-14        LJ (SR)  Disper. corr.   Coulomb (SR)   Coul. recip.
    7.82461e+03    9.21725e+04   -4.55573e+03   -6.32586e+05    2.95583e+03
      Potential    Kinetic En.   Total Energy  Conserved En.    Temperature
   -5.24348e+05    8.59570e+04   -4.38391e+05   -4.34135e+05    3.00714e+02
 Pres. DC (bar) Pressure (bar)   Constr. rmsd
   -2.25121e+02   -2.03274e+02    2.45524e-06


DD  step 459999 load imb.: force 13.9%  pme mesh/force 0.939
           Step           Time
         460000      920.00000

   Energies (kJ/mol)
           Bond          Angle    Proper Dih. Ryckaert-Bell.          LJ-14
    1.35543e+03    3.88371e+03    2.47533e+02    1.75957e+03    2.68353e+03
     Coulomb-14        LJ (SR)  Disper. corr.   Coulomb (SR)   Coul. recip.
    7.78269e+03    9.33324e+04   -4.57241e+03   -6.33660e+05    2.91784e+03
      Potential    Kinetic En.   Total Energy  Conserved En.    Temperature
   -5.24270e+05    8.58752e+04   -4.38395e+05   -4.34086e+05    3.00428e+02
 Pres. DC (bar) Pressure (bar)   Constr. rmsd
   -2.26771e+02    2.27149e+02    2.97501e-06


DD  step 464999 load imb.: force 15.4%  pme mesh/force 0.941
           Step           Time
         465000      930.00000

   Energies (kJ/mol)
           Bond          Angle    Proper Dih. Ryckaert-Bell.          LJ-14
    1.45662e+03    3.76017e+03    2.25761e+02    1.70970e+03    2.58961e+03
     Coulomb-14        LJ (SR)  Disper. corr.   Coulomb (SR)   Coul. recip.
    7.76068e+03    9.33617e+04   -4.55299e+03   -6.35237e+05    2.89772e+03
      Potential    Kinetic En.   Total Energy  Conserved En.    Temperature
   -5.26028e+05    8.51671e+04   -4.40860e+05   -4.34028e+05    2.97951e+02
 Pres. DC (bar) Pressure (bar)   Constr. rmsd
   -2.24851e+02   -2.20694e+02    3.13347e-06


DD  step 469999 load imb.: force 12.2%  pme mesh/force 0.964
           Step           Time
         470000      940.00000

   Energies (kJ/mol)
           Bond          Angle    Proper Dih. Ryckaert-Bell.          LJ-14
    1.48881e+03    3.71639e+03    2.29680e+02    1.71545e+03    2.70707e+03
     Coulomb-14        LJ (SR)  Disper. corr.   Coulomb (SR)   Coul. recip.
    7.71188e+03    9.24992e+04   -4.54589e+03   -6.32846e+05    2.89926e+03
      Potential    Kinetic En.   Total Energy  Conserved En.    Temperature
   -5.24424e+05    8.56494e+04   -4.38775e+05   -4.33983e+05    2.99638e+02
 Pres. DC (bar) Pressure (bar)   Constr. rmsd
   -2.24151e+02   -3.92513e+01    2.96141e-06


DD  step 474999 load imb.: force 13.2%  pme mesh/force 0.947
           Step           Time
         475000      950.00000

   Energies (kJ/mol)
           Bond          Angle    Proper Dih. Ryckaert-Bell.          LJ-14
    1.60890e+03    3.73094e+03    2.58073e+02    1.70637e+03    2.65138e+03
     Coulomb-14        LJ (SR)  Disper. corr.   Coulomb (SR)   Coul. recip.
    7.84757e+03    9.28754e+04   -4.54913e+03   -6.33491e+05    2.85980e+03
      Potential    Kinetic En.   Total Energy  Conserved En.    Temperature
   -5.24502e+05    8.57564e+04   -4.38745e+05   -4.33914e+05    3.00012e+02
 Pres. DC (bar) Pressure (bar)   Constr. rmsd
   -2.24471e+02   -1.98861e+02    2.66559e-06


DD  step 479999 load imb.: force 12.8%  pme mesh/force 0.941
           Step           Time
         480000      960.00000

   Energies (kJ/mol)
           Bond          Angle    Proper Dih. Ryckaert-Bell.          LJ-14
    1.47770e+03    3.69105e+03    2.43192e+02    1.77209e+03    2.61627e+03
     Coulomb-14        LJ (SR)  Disper. corr.   Coulomb (SR)   Coul. recip.
    7.77294e+03    9.40493e+04   -4.55354e+03   -6.35939e+05    2.86057e+03
      Potential    Kinetic En.   Total Energy  Conserved En.    Temperature
   -5.26009e+05    8.52290e+04   -4.40780e+05   -4.33868e+05    2.98167e+02
 Pres. DC (bar) Pressure (bar)   Constr. rmsd
   -2.24905e+02    8.21037e+00    2.87705e-06


DD  step 484999 load imb.: force 12.6%  pme mesh/force 0.947
           Step           Time
         485000      970.00000

   Energies (kJ/mol)
           Bond          Angle    Proper Dih. Ryckaert-Bell.          LJ-14
    1.33663e+03    3.70658e+03    2.61723e+02    1.70231e+03    2.67026e+03
     Coulomb-14        LJ (SR)  Disper. corr.   Coulomb (SR)   Coul. recip.
    7.92724e+03    9.29736e+04   -4.56335e+03   -6.35632e+05    2.98039e+03
      Potential    Kinetic En.   Total Energy  Conserved En.    Temperature
   -5.26637e+05    8.51656e+04   -4.41471e+05   -4.33838e+05    2.97945e+02
 Pres. DC (bar) Pressure (bar)   Constr. rmsd
   -2.25874e+02   -1.78270e+02    3.25025e-06


DD  step 489999 load imb.: force 11.6%  pme mesh/force 0.963
           Step           Time
         490000      980.00000

   Energies (kJ/mol)
           Bond          Angle    Proper Dih. Ryckaert-Bell.          LJ-14
    1.54503e+03    3.87759e+03    2.41047e+02    1.71487e+03    2.68194e+03
     Coulomb-14        LJ (SR)  Disper. corr.   Coulomb (SR)   Coul. recip.
    7.82610e+03    9.31766e+04   -4.56790e+03   -6.34085e+05    3.03020e+03
      Potential    Kinetic En.   Total Energy  Conserved En.    Temperature
   -5.24560e+05    8.54552e+04   -4.39104e+05   -4.33735e+05    2.98959e+02
 Pres. DC (bar) Pressure (bar)   Constr. rmsd
   -2.26325e+02   -1.19389e+02    2.79506e-06


DD  step 494999 load imb.: force 12.4%  pme mesh/force 0.942
           Step           Time
         495000      990.00000

   Energies (kJ/mol)
           Bond          Angle    Proper Dih. Ryckaert-Bell.          LJ-14
    1.56968e+03    3.79390e+03    2.38942e+02    1.75639e+03    2.64041e+03
     Coulomb-14        LJ (SR)  Disper. corr.   Coulomb (SR)   Coul. recip.
    7.75761e+03    9.38655e+04   -4.56434e+03   -6.35398e+05    2.80805e+03
      Potential    Kinetic En.   Total Energy  Conserved En.    Temperature
   -5.25532e+05    8.62555e+04   -4.39276e+05   -4.33681e+05    3.01758e+02
 Pres. DC (bar) Pressure (bar)   Constr. rmsd
   -2.25972e+02   -1.62858e+01    2.93417e-06


DD  step 499999 load imb.: force 13.8%  pme mesh/force 0.937
           Step           Time
         500000     1000.00000

Writing checkpoint, step 500000 at Mon Oct 10 17:20:29 2022


   Energies (kJ/mol)
           Bond          Angle    Proper Dih. Ryckaert-Bell.          LJ-14
    1.37356e+03    3.77988e+03    2.70072e+02    1.78656e+03    2.72671e+03
     Coulomb-14        LJ (SR)  Disper. corr.   Coulomb (SR)   Coul. recip.
    7.86069e+03    9.41159e+04   -4.57353e+03   -6.34906e+05    2.95841e+03
      Potential    Kinetic En.   Total Energy  Conserved En.    Temperature
   -5.24607e+05    8.57135e+04   -4.38894e+05   -4.33646e+05    2.99862e+02
 Pres. DC (bar) Pressure (bar)   Constr. rmsd
   -2.26882e+02    3.12078e+02    2.84472e-06


	<======  ###############  ==>
	<====  A V E R A G E S  ====>
	<==  ###############  ======>

	Statistics over 500001 steps using 5001 frames

   Energies (kJ/mol)
           Bond          Angle    Proper Dih. Ryckaert-Bell.          LJ-14
    1.47028e+03    3.77751e+03    2.48859e+02    1.76673e+03    2.65426e+03
     Coulomb-14        LJ (SR)  Disper. corr.   Coulomb (SR)   Coul. recip.
    7.81029e+03    9.36589e+04   -4.55921e+03   -6.34791e+05    2.93839e+03
      Potential    Kinetic En.   Total Energy  Conserved En.    Temperature
   -5.25025e+05    8.57457e+04   -4.39279e+05   -4.36372e+05    2.99975e+02
 Pres. DC (bar) Pressure (bar)   Constr. rmsd
   -2.25466e+02    2.17192e+00    0.00000e+00

          Box-X          Box-Y          Box-Z
    6.95332e+00    6.95332e+00    6.95332e+00

   Total Virial (kJ/mol)
    2.85927e+04   -1.06627e+01   -7.12230e+00
   -1.06363e+01    2.85018e+04    3.01772e+00
   -7.25434e+00    2.81366e+00    2.85895e+04

   Pressure (bar)
   -6.76672e-01   -4.31293e-01    1.32821e+00
   -4.33916e-01    8.42980e+00   -1.65146e+00
    1.34121e+00   -1.63131e+00   -1.23739e+00

      T-Protein  T-non-Protein
    2.99991e+02    2.99974e+02


	M E G A - F L O P S   A C C O U N T I N G

 NB=Group-cutoff nonbonded kernels    NxN=N-by-N cluster Verlet kernels
 RF=Reaction-Field  VdW=Van der Waals  QSTab=quadratic-spline table
 W3=SPC/TIP3p  W4=TIP4p (single or pairs)
 V&F=Potential and force  V=Potential only  F=Force only

 Computing:                               M-Number         M-Flops  % Flops
-----------------------------------------------------------------------------
 Pair Search distance check          154348.276998     1389134.493     0.2
 NxN Ewald Elec. + LJ [F]           5529504.910064   364947324.064    51.9
 NxN Ewald Elec. + LJ [V&F]           55864.322528     5977482.510     0.9
 NxN Ewald Elec. [F]                4938215.341424   301231135.827    42.9
 NxN Ewald Elec. [V&F]                49893.180224     4191027.139     0.6
 1,4 nonbonded interactions            2553.005106      229770.460     0.0
 Calc Weights                         50814.101628     1829307.659     0.3
 Spread Q Bspline                   1084034.168064     2168068.336     0.3
 Gather F Bspline                   1084034.168064     6504205.008     0.9
 3D-FFT                             1395170.790336    11161366.323     1.6
 Solve PME                             2904.005808      185856.372     0.0
 Reset In Box                           338.692248        1016.077     0.0
 CG-CoM                                 338.793876        1016.382     0.0
 Bonds                                  512.501025       30237.560     0.0
 Angles                                1773.503547      297948.596     0.0
 Propers                                213.000426       48777.098     0.0
 RB-Dihedrals                          1975.003950      487825.976     0.1
 Virial                                1774.835496       31947.039     0.0
 Stop-CM                                169.413876        1694.139     0.0
 Calc-Ekin                             3387.667752       91467.029     0.0
 Lincs                                  479.500959       28770.058     0.0
 Lincs-Mat                             2388.004776        9552.019     0.0
 Constraint-V                         16913.033826      135304.271     0.0
 Constraint-Vir                        1643.382867       39441.189     0.0
 Settle                                5318.010636     1717717.435     0.2
-----------------------------------------------------------------------------
 Total                                               702737393.057   100.0
-----------------------------------------------------------------------------


    D O M A I N   D E C O M P O S I T I O N   S T A T I S T I C S

 av. #atoms communicated per step for force:  2 x 90108.7


Dynamic load balancing report:
 DLB got disabled because it was unsuitable to use.
 Average load imbalance: 4.8%.
 The balanceable part of the MD step is 80%, load imbalance is computed from this.
 Part of the total run time spent waiting due to load imbalance: 3.9%.
 Average PME mesh/force load: 0.980
 Part of the total run time spent waiting due to PP/PME imbalance: 0.4 %


     R E A L   C Y C L E   A N D   T I M E   A C C O U N T I N G

On 36 MPI ranks doing PP, and
on 12 MPI ranks doing PME

 Computing:          Num   Num      Call    Wall time         Giga-Cycles
                     Ranks Threads  Count      (s)         total sum    %
-----------------------------------------------------------------------------
 Domain decomp.        36    1      10000       8.649        900.796   1.5
 DD comm. load         36    1       1229       0.007          0.779   0.0
 DD comm. bounds       36    1       1137       0.030          3.166   0.0
 Send X to PME         36    1     500001      13.037       1357.870   2.3
 Neighbor search       36    1      10001      20.971       2184.248   3.7
 Comm. coord.          36    1     490000      35.168       3662.909   6.3
 Force                 36    1     500001     252.289      26277.228  44.9
 Wait + Comm. F        36    1     500001      48.487       5050.150   8.6
 PME mesh *            12    1     500001     309.056      10729.914  18.3
 PME wait for PP *                            112.041       3889.875   6.7
 Wait + Recv. PME F    36    1     500001       6.818        710.143   1.2
 NB X/F buffer ops.    36    1    1480001       8.898        926.734   1.6
 Write traj.           36    1        101       0.027          2.816   0.0
 Update                36    1     500001       1.870        194.786   0.3
 Constraints           36    1     500001       5.848        609.142   1.0
 Comm. energies        36    1      50001      16.679       1737.238   3.0
 Rest                                           2.318        241.416   0.4
-----------------------------------------------------------------------------
 Total                                        421.097      58479.231 100.0
-----------------------------------------------------------------------------
(*) Note that with separate PME ranks, the walltime column actually sums to
    twice the total reported, but the cycle count total and % are correct.
-----------------------------------------------------------------------------
 Breakdown of PME mesh computation
-----------------------------------------------------------------------------
 PME redist. X/F       12    1    1000002      78.742       2733.784   4.7
 PME spread            12    1     500001      76.900       2669.831   4.6
 PME gather            12    1     500001      63.988       2221.549   3.8
 PME 3D-FFT            12    1    1000002      57.901       2010.228   3.4
 PME 3D-FFT Comm.      12    1    2000004      26.894        933.720   1.6
 PME solve Elec        12    1     500001       4.164        144.569   0.2
-----------------------------------------------------------------------------

               Core t (s)   Wall t (s)        (%)
       Time:    20212.634      421.097     4800.0
                 (ns/day)    (hour/ns)
Performance:      205.179        0.117
Finished mdrun on rank 0 Mon Oct 10 17:20:29 2022

