                      :-) GROMACS - gmx mdrun, 2020.4 (-:

                            GROMACS is written by:
     Emile Apol      Rossen Apostolov      Paul Bauer     Herman J.C. Berendsen
    Par Bjelkmar      Christian Blau   Viacheslav Bolnykh     Kevin Boyd    
 Aldert van Buuren   Rudi van Drunen     Anton Feenstra       Alan Gray     
  Gerrit Groenhof     Anca Hamuraru    Vincent Hindriksen  M. Eric Irrgang  
  Aleksei Iupinov   Christoph Junghans     Joe Jordan     Dimitrios Karkoulis
    Peter Kasson        Jiri Kraus      Carsten Kutzner      Per Larsson    
  Justin A. Lemkul    Viveca Lindahl    Magnus Lundborg     Erik Marklund   
    Pascal Merz     Pieter Meulenhoff    Teemu Murtola       Szilard Pall   
    Sander Pronk      Roland Schulz      Michael Shirts    Alexey Shvetsov  
   Alfons Sijbers     Peter Tieleman      Jon Vincent      Teemu Virolainen 
 Christian Wennberg    Maarten Wolf      Artem Zhmurov   
                           and the project leaders:
        Mark Abraham, Berk Hess, Erik Lindahl, and David van der Spoel

Copyright (c) 1991-2000, University of Groningen, The Netherlands.
Copyright (c) 2001-2019, The GROMACS development team at
Uppsala University, Stockholm University and
the Royal Institute of Technology, Sweden.
check out http://www.gromacs.org for more information.

GROMACS is free software; you can redistribute it and/or modify it
under the terms of the GNU Lesser General Public License
as published by the Free Software Foundation; either version 2.1
of the License, or (at your option) any later version.

GROMACS:      gmx mdrun, version 2020.4
Executable:   /share/apps/gromacs/2020.4/openmpi/intel/bin/gmx_mpi
Data prefix:  /share/apps/gromacs/2020.4/openmpi/intel
Working dir:  /scratch/work/courses/CHEM-GA-2671-2022fa/cl6661/comp-lab-class/Week4/Setup/ions-in-water/gromacs
Process ID:   385151
Command line:
  gmx_mpi mdrun -v -deffnm step4.1_equilibration

GROMACS version:    2020.4
Verified release checksum is 79c2857291b034542c26e90512b92fd4b184a1c9d6fa59c55f2e24ccf14e7281
Precision:          single
Memory model:       64 bit
MPI library:        MPI
OpenMP support:     disabled
GPU support:        disabled
SIMD instructions:  AVX_512
FFT library:        Intel MKL
RDTSCP usage:       enabled
TNG support:        enabled
Hwloc support:      disabled
Tracing support:    disabled
C compiler:         /share/apps/openmpi/4.0.5/intel/bin/mpicc Intel 19.1.2.20200623
C compiler flags:   -xCORE-AVX512 -qopt-zmm-usage=high -mkl=sequential -wd3180 -std=gnu99 -ip -funroll-all-loops -alias-const -ansi-alias -no-prec-div -fimf-domain-exclusion=14 -qoverride-limits -O3 -DNDEBUG
C++ compiler:       /share/apps/openmpi/4.0.5/intel/bin/mpicxx Intel 19.1.2.20200623
C++ compiler flags: -xCORE-AVX512 -qopt-zmm-usage=high -mkl=sequential -wd3180 -ip -funroll-all-loops -alias-const -ansi-alias -no-prec-div -fimf-domain-exclusion=14 -qoverride-limits -O3 -DNDEBUG


Running on 1 node with total 48 cores, 48 logical cores
Hardware detected on host cs238.hpc.nyu.edu (the node of MPI rank 0):
  CPU info:
    Vendor: Intel
    Brand:  Intel(R) Xeon(R) Platinum 8268 CPU @ 2.90GHz
    Family: 6   Model: 85   Stepping: 7
    Features: aes apic avx avx2 avx512f avx512cd avx512bw avx512vl clfsh cmov cx8 cx16 f16c fma htt intel lahf mmx msr nonstop_tsc pcid pclmuldq pdcm pdpe1gb popcnt pse rdrnd rdtscp sse2 sse3 sse4.1 sse4.2 ssse3 tdt x2apic
    Number of AVX-512 FMA units: 2
  Hardware topology: Basic
    Sockets, cores, and logical processors:
      Socket  0: [   0] [   1] [   2] [   3] [   4] [   5] [   6] [   7] [   8] [   9] [  10] [  11] [  12] [  13] [  14] [  15] [  16] [  17] [  18] [  19] [  20] [  21] [  22] [  23]
      Socket  1: [  24] [  25] [  26] [  27] [  28] [  29] [  30] [  31] [  32] [  33] [  34] [  35] [  36] [  37] [  38] [  39] [  40] [  41] [  42] [  43] [  44] [  45] [  46] [  47]


++++ PLEASE READ AND CITE THE FOLLOWING REFERENCE ++++
M. J. Abraham, T. Murtola, R. Schulz, S. Páll, J. C. Smith, B. Hess, E.
Lindahl
GROMACS: High performance molecular simulations through multi-level
parallelism from laptops to supercomputers
SoftwareX 1 (2015) pp. 19-25
-------- -------- --- Thank You --- -------- --------


++++ PLEASE READ AND CITE THE FOLLOWING REFERENCE ++++
S. Páll, M. J. Abraham, C. Kutzner, B. Hess, E. Lindahl
Tackling Exascale Software Challenges in Molecular Dynamics Simulations with
GROMACS
In S. Markidis & E. Laure (Eds.), Solving Software Challenges for Exascale 8759 (2015) pp. 3-27
-------- -------- --- Thank You --- -------- --------


++++ PLEASE READ AND CITE THE FOLLOWING REFERENCE ++++
S. Pronk, S. Páll, R. Schulz, P. Larsson, P. Bjelkmar, R. Apostolov, M. R.
Shirts, J. C. Smith, P. M. Kasson, D. van der Spoel, B. Hess, and E. Lindahl
GROMACS 4.5: a high-throughput and highly parallel open source molecular
simulation toolkit
Bioinformatics 29 (2013) pp. 845-54
-------- -------- --- Thank You --- -------- --------


++++ PLEASE READ AND CITE THE FOLLOWING REFERENCE ++++
B. Hess and C. Kutzner and D. van der Spoel and E. Lindahl
GROMACS 4: Algorithms for highly efficient, load-balanced, and scalable
molecular simulation
J. Chem. Theory Comput. 4 (2008) pp. 435-447
-------- -------- --- Thank You --- -------- --------


++++ PLEASE READ AND CITE THE FOLLOWING REFERENCE ++++
D. van der Spoel, E. Lindahl, B. Hess, G. Groenhof, A. E. Mark and H. J. C.
Berendsen
GROMACS: Fast, Flexible and Free
J. Comp. Chem. 26 (2005) pp. 1701-1719
-------- -------- --- Thank You --- -------- --------


++++ PLEASE READ AND CITE THE FOLLOWING REFERENCE ++++
E. Lindahl and B. Hess and D. van der Spoel
GROMACS 3.0: A package for molecular simulation and trajectory analysis
J. Mol. Mod. 7 (2001) pp. 306-317
-------- -------- --- Thank You --- -------- --------


++++ PLEASE READ AND CITE THE FOLLOWING REFERENCE ++++
H. J. C. Berendsen, D. van der Spoel and R. van Drunen
GROMACS: A message-passing parallel molecular dynamics implementation
Comp. Phys. Comm. 91 (1995) pp. 43-56
-------- -------- --- Thank You --- -------- --------


++++ PLEASE CITE THE DOI FOR THIS VERSION OF GROMACS ++++
https://doi.org/10.5281/zenodo.4054979
-------- -------- --- Thank You --- -------- --------

Input Parameters:
   integrator                     = md
   tinit                          = 0
   dt                             = 0.001
   nsteps                         = 125000
   init-step                      = 0
   simulation-part                = 1
   comm-mode                      = Linear
   nstcomm                        = 100
   bd-fric                        = 0
   ld-seed                        = 1709700165
   emtol                          = 10
   emstep                         = 0.01
   niter                          = 20
   fcstep                         = 0
   nstcgsteep                     = 1000
   nbfgscorr                      = 10
   rtpi                           = 0.05
   nstxout                        = 0
   nstvout                        = 5000
   nstfout                        = 5000
   nstlog                         = 1000
   nstcalcenergy                  = 100
   nstenergy                      = 1000
   nstxout-compressed             = 5000
   compressed-x-precision         = 1000
   cutoff-scheme                  = Verlet
   nstlist                        = 20
   pbc                            = xyz
   periodic-molecules             = false
   verlet-buffer-tolerance        = 0.005
   rlist                          = 1.2
   coulombtype                    = PME
   coulomb-modifier               = Potential-shift
   rcoulomb-switch                = 0
   rcoulomb                       = 1.2
   epsilon-r                      = 1
   epsilon-rf                     = inf
   vdw-type                       = Cut-off
   vdw-modifier                   = Force-switch
   rvdw-switch                    = 1
   rvdw                           = 1.2
   DispCorr                       = No
   table-extension                = 1
   fourierspacing                 = 0.12
   fourier-nx                     = 42
   fourier-ny                     = 42
   fourier-nz                     = 42
   pme-order                      = 4
   ewald-rtol                     = 1e-05
   ewald-rtol-lj                  = 0.001
   lj-pme-comb-rule               = Geometric
   ewald-geometry                 = 0
   epsilon-surface                = 0
   tcoupl                         = Nose-Hoover
   nsttcouple                     = 20
   nh-chain-length                = 1
   print-nose-hoover-chain-variables = false
   pcoupl                         = No
   pcoupltype                     = Isotropic
   nstpcouple                     = -1
   tau-p                          = 1
   compressibility (3x3):
      compressibility[    0]={ 0.00000e+00,  0.00000e+00,  0.00000e+00}
      compressibility[    1]={ 0.00000e+00,  0.00000e+00,  0.00000e+00}
      compressibility[    2]={ 0.00000e+00,  0.00000e+00,  0.00000e+00}
   ref-p (3x3):
      ref-p[    0]={ 0.00000e+00,  0.00000e+00,  0.00000e+00}
      ref-p[    1]={ 0.00000e+00,  0.00000e+00,  0.00000e+00}
      ref-p[    2]={ 0.00000e+00,  0.00000e+00,  0.00000e+00}
   refcoord-scaling               = No
   posres-com (3):
      posres-com[0]= 0.00000e+00
      posres-com[1]= 0.00000e+00
      posres-com[2]= 0.00000e+00
   posres-comB (3):
      posres-comB[0]= 0.00000e+00
      posres-comB[1]= 0.00000e+00
      posres-comB[2]= 0.00000e+00
   QMMM                           = false
   QMconstraints                  = 0
   QMMMscheme                     = 0
   MMChargeScaleFactor            = 1
qm-opts:
   ngQM                           = 0
   constraint-algorithm           = Lincs
   continuation                   = false
   Shake-SOR                      = false
   shake-tol                      = 0.0001
   lincs-order                    = 4
   lincs-iter                     = 1
   lincs-warnangle                = 30
   nwall                          = 0
   wall-type                      = 9-3
   wall-r-linpot                  = -1
   wall-atomtype[0]               = -1
   wall-atomtype[1]               = -1
   wall-density[0]                = 0
   wall-density[1]                = 0
   wall-ewald-zfac                = 3
   pull                           = false
   awh                            = false
   rotation                       = false
   interactiveMD                  = false
   disre                          = No
   disre-weighting                = Conservative
   disre-mixed                    = false
   dr-fc                          = 1000
   dr-tau                         = 0
   nstdisreout                    = 100
   orire-fc                       = 0
   orire-tau                      = 0
   nstorireout                    = 100
   free-energy                    = no
   cos-acceleration               = 0
   deform (3x3):
      deform[    0]={ 0.00000e+00,  0.00000e+00,  0.00000e+00}
      deform[    1]={ 0.00000e+00,  0.00000e+00,  0.00000e+00}
      deform[    2]={ 0.00000e+00,  0.00000e+00,  0.00000e+00}
   simulated-tempering            = false
   swapcoords                     = no
   userint1                       = 0
   userint2                       = 0
   userint3                       = 0
   userint4                       = 0
   userreal1                      = 0
   userreal2                      = 0
   userreal3                      = 0
   userreal4                      = 0
   applied-forces:
     electric-field:
       x:
         E0                       = 0
         omega                    = 0
         t0                       = 0
         sigma                    = 0
       y:
         E0                       = 0
         omega                    = 0
         t0                       = 0
         sigma                    = 0
       z:
         E0                       = 0
         omega                    = 0
         t0                       = 0
         sigma                    = 0
     density-guided-simulation:
       active                     = false
       group                      = protein
       similarity-measure         = inner-product
       atom-spreading-weight      = unity
       force-constant             = 1e+09
       gaussian-transform-spreading-width = 0.2
       gaussian-transform-spreading-range-in-multiples-of-width = 4
       reference-density-filename = reference.mrc
       nst                        = 1
       normalize-densities        = true
       adaptive-force-scaling     = false
       adaptive-force-scaling-time-constant = 4
grpopts:
   nrdf:       23289
   ref-t:         300
   tau-t:           1
annealing:          No
annealing-npoints:           0
   acc:	           0           0           0
   nfreeze:           N           N           N
   energygrp-flags[  0]: 0

Changing nstlist from 20 to 100, rlist from 1.2 to 1.297

Using 1 MPI process

Non-default thread affinity set, disabling internal thread affinity
System total charge: 0.000
Will do PME sum in reciprocal space for electrostatic interactions.

++++ PLEASE READ AND CITE THE FOLLOWING REFERENCE ++++
U. Essmann, L. Perera, M. L. Berkowitz, T. Darden, H. Lee and L. G. Pedersen 
A smooth particle mesh Ewald method
J. Chem. Phys. 103 (1995) pp. 8577-8592
-------- -------- --- Thank You --- -------- --------

Using a Gaussian width (1/beta) of 0.384195 nm for Ewald
Potential shift: LJ r^-12: -2.648e-01 r^-6: -5.349e-01, Ewald -8.333e-06
Initialized non-bonded Ewald tables, spacing: 1.02e-03 size: 1176


Using SIMD 4x8 nonbonded short-range kernels

Using a dual 4x8 pair-list setup updated with dynamic pruning:
  outer list: updated every 100 steps, buffer 0.097 nm, rlist 1.297 nm
  inner list: updated every  23 steps, buffer 0.001 nm, rlist 1.201 nm
At tolerance 0.005 kJ/mol/ps per atom, equivalent classical 1x1 list would be:
  outer list: updated every 100 steps, buffer 0.227 nm, rlist 1.427 nm
  inner list: updated every  23 steps, buffer 0.046 nm, rlist 1.246 nm

Removing pbc first time

++++ PLEASE READ AND CITE THE FOLLOWING REFERENCE ++++
S. Miyamoto and P. A. Kollman
SETTLE: An Analytical Version of the SHAKE and RATTLE Algorithms for Rigid
Water Models
J. Comp. Chem. 13 (1992) pp. 952-962
-------- -------- --- Thank You --- -------- --------

There are: 11639 Atoms

Constraining the starting coordinates (step 0)

Constraining the coordinates at t0-dt (step 0)
Center of mass motion removal mode is Linear
We have the following groups for center of mass motion removal:
  0:  SOLV
RMS relative constraint deviation after constraining: 0.00e+00
Initial temperature: 297.981 K

Started mdrun on rank 0 Tue Oct 11 01:58:51 2022

           Step           Time
              0        0.00000

   Energies (kJ/mol)
        LJ (SR)   Coulomb (SR)   Coul. recip.      Potential    Kinetic En.
    2.56543e+04   -2.13116e+05    6.14394e+02   -1.86847e+05    2.88555e+04
   Total Energy  Conserved En.    Temperature Pressure (bar)
   -1.57992e+05   -1.57992e+05    2.98040e+02   -1.63929e+03

           Step           Time
           1000        1.00000

   Energies (kJ/mol)
        LJ (SR)   Coulomb (SR)   Coul. recip.      Potential    Kinetic En.
    1.71799e+04   -1.85994e+05    5.48597e+02   -1.68265e+05    2.26115e+04
   Total Energy  Conserved En.    Temperature Pressure (bar)
   -1.45654e+05   -1.56360e+05    2.33547e+02   -2.51138e+03

           Step           Time
           2000        2.00000

   Energies (kJ/mol)
        LJ (SR)   Coulomb (SR)   Coul. recip.      Potential    Kinetic En.
    1.64522e+04   -1.79347e+05    5.68845e+02   -1.62326e+05    2.69805e+04
   Total Energy  Conserved En.    Temperature Pressure (bar)
   -1.35346e+05   -1.55957e+05    2.78673e+02   -1.75709e+03

           Step           Time
           3000        3.00000

   Energies (kJ/mol)
        LJ (SR)   Coulomb (SR)   Coul. recip.      Potential    Kinetic En.
    1.62372e+04   -1.77302e+05    5.35119e+02   -1.60529e+05    2.84617e+04
   Total Energy  Conserved En.    Temperature Pressure (bar)
   -1.32068e+05   -1.55665e+05    2.93971e+02   -1.44478e+03

           Step           Time
           4000        4.00000

   Energies (kJ/mol)
        LJ (SR)   Coulomb (SR)   Coul. recip.      Potential    Kinetic En.
    1.65063e+04   -1.77529e+05    5.80358e+02   -1.60443e+05    2.95987e+04
   Total Energy  Conserved En.    Temperature Pressure (bar)
   -1.30844e+05   -1.55490e+05    3.05715e+02   -1.31855e+03

           Step           Time
           5000        5.00000

   Energies (kJ/mol)
        LJ (SR)   Coulomb (SR)   Coul. recip.      Potential    Kinetic En.
    1.66244e+04   -1.77816e+05    5.62310e+02   -1.60629e+05    2.97759e+04
   Total Energy  Conserved En.    Temperature Pressure (bar)
   -1.30854e+05   -1.55378e+05    3.07546e+02   -1.24180e+03

           Step           Time
           6000        6.00000

   Energies (kJ/mol)
        LJ (SR)   Coulomb (SR)   Coul. recip.      Potential    Kinetic En.
    1.67305e+04   -1.77590e+05    5.61617e+02   -1.60298e+05    2.92115e+04
   Total Energy  Conserved En.    Temperature Pressure (bar)
   -1.31086e+05   -1.55320e+05    3.01716e+02   -1.12066e+03

           Step           Time
           7000        7.00000

   Energies (kJ/mol)
        LJ (SR)   Coulomb (SR)   Coul. recip.      Potential    Kinetic En.
    1.75907e+04   -1.79394e+05    5.69863e+02   -1.61234e+05    2.89069e+04
   Total Energy  Conserved En.    Temperature Pressure (bar)
   -1.32327e+05   -1.55287e+05    2.98570e+02   -9.23731e+02

           Step           Time
           8000        8.00000

   Energies (kJ/mol)
        LJ (SR)   Coulomb (SR)   Coul. recip.      Potential    Kinetic En.
    1.70688e+04   -1.79166e+05    5.85834e+02   -1.61511e+05    2.90944e+04
   Total Energy  Conserved En.    Temperature Pressure (bar)
   -1.32417e+05   -1.55324e+05    3.00507e+02   -1.12941e+03

           Step           Time
           9000        9.00000

   Energies (kJ/mol)
        LJ (SR)   Coulomb (SR)   Coul. recip.      Potential    Kinetic En.
    1.71262e+04   -1.79184e+05    5.63732e+02   -1.61494e+05    2.91703e+04
   Total Energy  Conserved En.    Temperature Pressure (bar)
   -1.32324e+05   -1.55351e+05    3.01291e+02   -1.10495e+03

           Step           Time
          10000       10.00000

   Energies (kJ/mol)
        LJ (SR)   Coulomb (SR)   Coul. recip.      Potential    Kinetic En.
    1.71862e+04   -1.78910e+05    5.84337e+02   -1.61139e+05    2.91606e+04
   Total Energy  Conserved En.    Temperature Pressure (bar)
   -1.31979e+05   -1.55361e+05    3.01190e+02   -1.09402e+03

           Step           Time
          11000       11.00000

   Energies (kJ/mol)
        LJ (SR)   Coulomb (SR)   Coul. recip.      Potential    Kinetic En.
    1.70145e+04   -1.77817e+05    5.56919e+02   -1.60246e+05    2.89463e+04
   Total Energy  Conserved En.    Temperature Pressure (bar)
   -1.31299e+05   -1.55346e+05    2.98977e+02   -1.04658e+03

           Step           Time
          12000       12.00000

   Energies (kJ/mol)
        LJ (SR)   Coulomb (SR)   Coul. recip.      Potential    Kinetic En.
    1.72357e+04   -1.78946e+05    5.75059e+02   -1.61135e+05    2.87837e+04
   Total Energy  Conserved En.    Temperature Pressure (bar)
   -1.32351e+05   -1.55374e+05    2.97298e+02   -1.10097e+03

           Step           Time
          13000       13.00000

   Energies (kJ/mol)
        LJ (SR)   Coulomb (SR)   Coul. recip.      Potential    Kinetic En.
    1.66405e+04   -1.78340e+05    5.71752e+02   -1.61128e+05    2.88346e+04
   Total Energy  Conserved En.    Temperature Pressure (bar)
   -1.32293e+05   -1.55407e+05    2.97824e+02   -1.35091e+03

           Step           Time
          14000       14.00000

   Energies (kJ/mol)
        LJ (SR)   Coulomb (SR)   Coul. recip.      Potential    Kinetic En.
    1.69522e+04   -1.78592e+05    5.53365e+02   -1.61087e+05    2.87931e+04
   Total Energy  Conserved En.    Temperature Pressure (bar)
   -1.32294e+05   -1.55416e+05    2.97395e+02   -1.18114e+03

           Step           Time
          15000       15.00000

   Energies (kJ/mol)
        LJ (SR)   Coulomb (SR)   Coul. recip.      Potential    Kinetic En.
    1.71850e+04   -1.78394e+05    5.69471e+02   -1.60639e+05    2.90730e+04
   Total Energy  Conserved En.    Temperature Pressure (bar)
   -1.31566e+05   -1.55412e+05    3.00285e+02   -9.36084e+02

           Step           Time
          16000       16.00000

   Energies (kJ/mol)
        LJ (SR)   Coulomb (SR)   Coul. recip.      Potential    Kinetic En.
    1.66372e+04   -1.77581e+05    6.00417e+02   -1.60343e+05    2.92783e+04
   Total Energy  Conserved En.    Temperature Pressure (bar)
   -1.31065e+05   -1.55343e+05    3.02407e+02   -1.13895e+03

           Step           Time
          17000       17.00000

   Energies (kJ/mol)
        LJ (SR)   Coulomb (SR)   Coul. recip.      Potential    Kinetic En.
    1.65025e+04   -1.77986e+05    5.63036e+02   -1.60921e+05    2.88230e+04
   Total Energy  Conserved En.    Temperature Pressure (bar)
   -1.32098e+05   -1.55294e+05    2.97704e+02   -1.35422e+03

           Step           Time
          18000       18.00000

   Energies (kJ/mol)
        LJ (SR)   Coulomb (SR)   Coul. recip.      Potential    Kinetic En.
    1.69906e+04   -1.78129e+05    6.00095e+02   -1.60539e+05    2.93703e+04
   Total Energy  Conserved En.    Temperature Pressure (bar)
   -1.31168e+05   -1.55273e+05    3.03356e+02   -1.08974e+03

           Step           Time
          19000       19.00000

   Energies (kJ/mol)
        LJ (SR)   Coulomb (SR)   Coul. recip.      Potential    Kinetic En.
    1.66317e+04   -1.78173e+05    5.78120e+02   -1.60963e+05    2.90237e+04
   Total Energy  Conserved En.    Temperature Pressure (bar)
   -1.31939e+05   -1.55281e+05    2.99777e+02   -1.27906e+03

           Step           Time
          20000       20.00000

   Energies (kJ/mol)
        LJ (SR)   Coulomb (SR)   Coul. recip.      Potential    Kinetic En.
    1.67815e+04   -1.79031e+05    5.58197e+02   -1.61692e+05    2.89287e+04
   Total Energy  Conserved En.    Temperature Pressure (bar)
   -1.32763e+05   -1.55324e+05    2.98795e+02   -1.32397e+03

           Step           Time
          21000       21.00000

   Energies (kJ/mol)
        LJ (SR)   Coulomb (SR)   Coul. recip.      Potential    Kinetic En.
    1.72945e+04   -1.78892e+05    6.06376e+02   -1.60991e+05    2.89119e+04
   Total Energy  Conserved En.    Temperature Pressure (bar)
   -1.32079e+05   -1.55337e+05    2.98622e+02   -9.54056e+02

           Step           Time
          22000       22.00000

   Energies (kJ/mol)
        LJ (SR)   Coulomb (SR)   Coul. recip.      Potential    Kinetic En.
    1.63393e+04   -1.77767e+05    5.95796e+02   -1.60832e+05    2.90738e+04
   Total Energy  Conserved En.    Temperature Pressure (bar)
   -1.31758e+05   -1.55362e+05    3.00294e+02   -1.38381e+03

           Step           Time
          23000       23.00000

   Energies (kJ/mol)
        LJ (SR)   Coulomb (SR)   Coul. recip.      Potential    Kinetic En.
    1.80198e+04   -1.79830e+05    5.40088e+02   -1.61270e+05    2.87345e+04
   Total Energy  Conserved En.    Temperature Pressure (bar)
   -1.32536e+05   -1.55341e+05    2.96790e+02   -6.99138e+02

           Step           Time
          24000       24.00000

   Energies (kJ/mol)
        LJ (SR)   Coulomb (SR)   Coul. recip.      Potential    Kinetic En.
    1.75133e+04   -1.79527e+05    5.36531e+02   -1.61477e+05    2.90688e+04
   Total Energy  Conserved En.    Temperature Pressure (bar)
   -1.32408e+05   -1.55324e+05    3.00243e+02   -1.03179e+03

           Step           Time
          25000       25.00000

   Energies (kJ/mol)
        LJ (SR)   Coulomb (SR)   Coul. recip.      Potential    Kinetic En.
    1.76701e+04   -1.79931e+05    5.53624e+02   -1.61707e+05    2.87403e+04
   Total Energy  Conserved En.    Temperature Pressure (bar)
   -1.32967e+05   -1.55356e+05    2.96849e+02   -9.07141e+02

           Step           Time
          26000       26.00000

   Energies (kJ/mol)
        LJ (SR)   Coulomb (SR)   Coul. recip.      Potential    Kinetic En.
    1.68102e+04   -1.78535e+05    5.93066e+02   -1.61132e+05    2.90599e+04
   Total Energy  Conserved En.    Temperature Pressure (bar)
   -1.32072e+05   -1.55398e+05    3.00151e+02   -1.26434e+03

           Step           Time
          27000       27.00000

   Energies (kJ/mol)
        LJ (SR)   Coulomb (SR)   Coul. recip.      Potential    Kinetic En.
    1.71924e+04   -1.78630e+05    5.59317e+02   -1.60879e+05    2.90345e+04
   Total Energy  Conserved En.    Temperature Pressure (bar)
   -1.31844e+05   -1.55345e+05    2.99888e+02   -1.02931e+03

           Step           Time
          28000       28.00000

   Energies (kJ/mol)
        LJ (SR)   Coulomb (SR)   Coul. recip.      Potential    Kinetic En.
    1.75239e+04   -1.78796e+05    5.83788e+02   -1.60688e+05    2.92052e+04
   Total Energy  Conserved En.    Temperature Pressure (bar)
   -1.31483e+05   -1.55298e+05    3.01651e+02   -8.05956e+02

           Step           Time
          29000       29.00000

   Energies (kJ/mol)
        LJ (SR)   Coulomb (SR)   Coul. recip.      Potential    Kinetic En.
    1.67693e+04   -1.77765e+05    6.11027e+02   -1.60385e+05    2.94736e+04
   Total Energy  Conserved En.    Temperature Pressure (bar)
   -1.30911e+05   -1.55290e+05    3.04424e+02   -1.10374e+03

           Step           Time
          30000       30.00000

   Energies (kJ/mol)
        LJ (SR)   Coulomb (SR)   Coul. recip.      Potential    Kinetic En.
    1.59864e+04   -1.77026e+05    5.26724e+02   -1.60513e+05    2.91375e+04
   Total Energy  Conserved En.    Temperature Pressure (bar)
   -1.31376e+05   -1.55310e+05    3.00952e+02   -1.55186e+03

           Step           Time
          31000       31.00000

   Energies (kJ/mol)
        LJ (SR)   Coulomb (SR)   Coul. recip.      Potential    Kinetic En.
    1.71335e+04   -1.79365e+05    5.44293e+02   -1.61687e+05    2.91023e+04
   Total Energy  Conserved En.    Temperature Pressure (bar)
   -1.32585e+05   -1.55274e+05    3.00588e+02   -1.16846e+03

           Step           Time
          32000       32.00000

   Energies (kJ/mol)
        LJ (SR)   Coulomb (SR)   Coul. recip.      Potential    Kinetic En.
    1.70229e+04   -1.79007e+05    5.63207e+02   -1.61421e+05    2.91624e+04
   Total Energy  Conserved En.    Temperature Pressure (bar)
   -1.32259e+05   -1.55333e+05    3.01209e+02   -1.15098e+03

           Step           Time
          33000       33.00000

   Energies (kJ/mol)
        LJ (SR)   Coulomb (SR)   Coul. recip.      Potential    Kinetic En.
    1.68525e+04   -1.78842e+05    6.05556e+02   -1.61384e+05    2.87521e+04
   Total Energy  Conserved En.    Temperature Pressure (bar)
   -1.32632e+05   -1.55332e+05    2.96971e+02   -1.33472e+03

           Step           Time
          34000       34.00000

   Energies (kJ/mol)
        LJ (SR)   Coulomb (SR)   Coul. recip.      Potential    Kinetic En.
    1.74374e+04   -1.79473e+05    5.91200e+02   -1.61444e+05    2.91630e+04
   Total Energy  Conserved En.    Temperature Pressure (bar)
   -1.32281e+05   -1.55344e+05    3.01215e+02   -1.02148e+03

           Step           Time
          35000       35.00000

   Energies (kJ/mol)
        LJ (SR)   Coulomb (SR)   Coul. recip.      Potential    Kinetic En.
    1.64521e+04   -1.78368e+05    5.41122e+02   -1.61375e+05    2.95108e+04
   Total Energy  Conserved En.    Temperature Pressure (bar)
   -1.31864e+05   -1.55331e+05    3.04808e+02   -1.44030e+03

           Step           Time
          36000       36.00000

   Energies (kJ/mol)
        LJ (SR)   Coulomb (SR)   Coul. recip.      Potential    Kinetic En.
    1.68220e+04   -1.77723e+05    5.51147e+02   -1.60350e+05    2.91436e+04
   Total Energy  Conserved En.    Temperature Pressure (bar)
   -1.31207e+05   -1.55286e+05    3.01015e+02   -1.12403e+03

           Step           Time
          37000       37.00000

   Energies (kJ/mol)
        LJ (SR)   Coulomb (SR)   Coul. recip.      Potential    Kinetic En.
    1.77954e+04   -1.80062e+05    5.54865e+02   -1.61712e+05    2.90115e+04
   Total Energy  Conserved En.    Temperature Pressure (bar)
   -1.32700e+05   -1.55280e+05    2.99651e+02   -8.52716e+02

           Step           Time
          38000       38.00000

   Energies (kJ/mol)
        LJ (SR)   Coulomb (SR)   Coul. recip.      Potential    Kinetic En.
    1.81891e+04   -1.80283e+05    5.85380e+02   -1.61509e+05    2.87854e+04
   Total Energy  Conserved En.    Temperature Pressure (bar)
   -1.32723e+05   -1.55263e+05    2.97316e+02   -6.21153e+02

           Step           Time
          39000       39.00000

   Energies (kJ/mol)
        LJ (SR)   Coulomb (SR)   Coul. recip.      Potential    Kinetic En.
    1.76072e+04   -1.79376e+05    6.01603e+02   -1.61167e+05    2.94318e+04
   Total Energy  Conserved En.    Temperature Pressure (bar)
   -1.31735e+05   -1.55310e+05    3.03992e+02   -8.43904e+02

           Step           Time
          40000       40.00000

   Energies (kJ/mol)
        LJ (SR)   Coulomb (SR)   Coul. recip.      Potential    Kinetic En.
    1.70312e+04   -1.78525e+05    5.47140e+02   -1.60947e+05    2.92049e+04
   Total Energy  Conserved En.    Temperature Pressure (bar)
   -1.31742e+05   -1.55290e+05    3.01648e+02   -1.10197e+03

           Step           Time
          41000       41.00000

   Energies (kJ/mol)
        LJ (SR)   Coulomb (SR)   Coul. recip.      Potential    Kinetic En.
    1.69527e+04   -1.78301e+05    5.43961e+02   -1.60804e+05    2.90637e+04
   Total Energy  Conserved En.    Temperature Pressure (bar)
   -1.31741e+05   -1.55315e+05    3.00190e+02   -1.08061e+03

           Step           Time
          42000       42.00000

   Energies (kJ/mol)
        LJ (SR)   Coulomb (SR)   Coul. recip.      Potential    Kinetic En.
    1.72091e+04   -1.78240e+05    5.59535e+02   -1.60471e+05    2.87759e+04
   Total Energy  Conserved En.    Temperature Pressure (bar)
   -1.31696e+05   -1.55235e+05    2.97217e+02   -9.30992e+02

           Step           Time
          43000       43.00000

   Energies (kJ/mol)
        LJ (SR)   Coulomb (SR)   Coul. recip.      Potential    Kinetic En.
    1.64765e+04   -1.78622e+05    5.12369e+02   -1.61633e+05    2.90122e+04
   Total Energy  Conserved En.    Temperature Pressure (bar)
   -1.32620e+05   -1.55268e+05    2.99658e+02   -1.48637e+03

           Step           Time
          44000       44.00000

   Energies (kJ/mol)
        LJ (SR)   Coulomb (SR)   Coul. recip.      Potential    Kinetic En.
    1.75748e+04   -1.79821e+05    5.59559e+02   -1.61686e+05    2.90508e+04
   Total Energy  Conserved En.    Temperature Pressure (bar)
   -1.32636e+05   -1.55349e+05    3.00057e+02   -9.30892e+02

           Step           Time
          45000       45.00000

   Energies (kJ/mol)
        LJ (SR)   Coulomb (SR)   Coul. recip.      Potential    Kinetic En.
    1.64163e+04   -1.77644e+05    5.35735e+02   -1.60692e+05    2.87151e+04
   Total Energy  Conserved En.    Temperature Pressure (bar)
   -1.31977e+05   -1.55287e+05    2.96589e+02   -1.35808e+03

           Step           Time
          46000       46.00000

   Energies (kJ/mol)
        LJ (SR)   Coulomb (SR)   Coul. recip.      Potential    Kinetic En.
    1.67868e+04   -1.78663e+05    5.76467e+02   -1.61300e+05    2.87918e+04
   Total Energy  Conserved En.    Temperature Pressure (bar)
   -1.32508e+05   -1.55255e+05    2.97381e+02   -1.29673e+03

           Step           Time
          47000       47.00000

   Energies (kJ/mol)
        LJ (SR)   Coulomb (SR)   Coul. recip.      Potential    Kinetic En.
    1.71199e+04   -1.79192e+05    5.64701e+02   -1.61507e+05    2.90030e+04
   Total Energy  Conserved En.    Temperature Pressure (bar)
   -1.32504e+05   -1.55281e+05    2.99563e+02   -1.19588e+03

           Step           Time
          48000       48.00000

   Energies (kJ/mol)
        LJ (SR)   Coulomb (SR)   Coul. recip.      Potential    Kinetic En.
    1.74149e+04   -1.79616e+05    5.60529e+02   -1.61641e+05    2.90691e+04
   Total Energy  Conserved En.    Temperature Pressure (bar)
   -1.32572e+05   -1.55292e+05    3.00245e+02   -1.01303e+03

           Step           Time
          49000       49.00000

   Energies (kJ/mol)
        LJ (SR)   Coulomb (SR)   Coul. recip.      Potential    Kinetic En.
    1.65187e+04   -1.77779e+05    5.87051e+02   -1.60673e+05    2.87596e+04
   Total Energy  Conserved En.    Temperature Pressure (bar)
   -1.31913e+05   -1.55283e+05    2.97049e+02   -1.39004e+03

           Step           Time
          50000       50.00000

   Energies (kJ/mol)
        LJ (SR)   Coulomb (SR)   Coul. recip.      Potential    Kinetic En.
    1.73777e+04   -1.79442e+05    5.93332e+02   -1.61471e+05    2.94968e+04
   Total Energy  Conserved En.    Temperature Pressure (bar)
   -1.31974e+05   -1.55263e+05    3.04664e+02   -9.80800e+02

           Step           Time
          51000       51.00000

   Energies (kJ/mol)
        LJ (SR)   Coulomb (SR)   Coul. recip.      Potential    Kinetic En.
    1.72652e+04   -1.78466e+05    5.66397e+02   -1.60634e+05    2.90319e+04
   Total Energy  Conserved En.    Temperature Pressure (bar)
   -1.31602e+05   -1.55274e+05    2.99862e+02   -9.80973e+02

           Step           Time
          52000       52.00000

   Energies (kJ/mol)
        LJ (SR)   Coulomb (SR)   Coul. recip.      Potential    Kinetic En.
    1.72930e+04   -1.79020e+05    5.55106e+02   -1.61172e+05    2.92398e+04
   Total Energy  Conserved En.    Temperature Pressure (bar)
   -1.31932e+05   -1.55246e+05    3.02009e+02   -1.02781e+03

           Step           Time
          53000       53.00000

   Energies (kJ/mol)
        LJ (SR)   Coulomb (SR)   Coul. recip.      Potential    Kinetic En.
    1.74901e+04   -1.79283e+05    5.58232e+02   -1.61235e+05    2.89854e+04
   Total Energy  Conserved En.    Temperature Pressure (bar)
   -1.32250e+05   -1.55302e+05    2.99381e+02   -9.72488e+02

           Step           Time
          54000       54.00000

   Energies (kJ/mol)
        LJ (SR)   Coulomb (SR)   Coul. recip.      Potential    Kinetic En.
    1.70181e+04   -1.79271e+05    5.78683e+02   -1.61674e+05    2.96555e+04
   Total Energy  Conserved En.    Temperature Pressure (bar)
   -1.32019e+05   -1.55250e+05    3.06302e+02   -1.18606e+03

           Step           Time
          55000       55.00000

   Energies (kJ/mol)
        LJ (SR)   Coulomb (SR)   Coul. recip.      Potential    Kinetic En.
    1.77454e+04   -1.79139e+05    5.73783e+02   -1.60820e+05    2.92365e+04
   Total Energy  Conserved En.    Temperature Pressure (bar)
   -1.31583e+05   -1.55261e+05    3.01975e+02   -7.36649e+02

           Step           Time
          56000       56.00000

   Energies (kJ/mol)
        LJ (SR)   Coulomb (SR)   Coul. recip.      Potential    Kinetic En.
    1.77518e+04   -1.79373e+05    5.62072e+02   -1.61059e+05    2.92721e+04
   Total Energy  Conserved En.    Temperature Pressure (bar)
   -1.31787e+05   -1.55308e+05    3.02343e+02   -8.30333e+02

           Step           Time
          57000       57.00000

   Energies (kJ/mol)
        LJ (SR)   Coulomb (SR)   Coul. recip.      Potential    Kinetic En.
    1.75554e+04   -1.79156e+05    5.45946e+02   -1.61055e+05    2.93416e+04
   Total Energy  Conserved En.    Temperature Pressure (bar)
   -1.31713e+05   -1.55287e+05    3.03060e+02   -9.16760e+02

           Step           Time
          58000       58.00000

   Energies (kJ/mol)
        LJ (SR)   Coulomb (SR)   Coul. recip.      Potential    Kinetic En.
    1.64315e+04   -1.77258e+05    5.99195e+02   -1.60228e+05    2.97151e+04
   Total Energy  Conserved En.    Temperature Pressure (bar)
   -1.30512e+05   -1.55250e+05    3.06918e+02   -1.22059e+03

           Step           Time
          59000       59.00000

   Energies (kJ/mol)
        LJ (SR)   Coulomb (SR)   Coul. recip.      Potential    Kinetic En.
    1.68359e+04   -1.78414e+05    5.58773e+02   -1.61019e+05    2.91741e+04
   Total Energy  Conserved En.    Temperature Pressure (bar)
   -1.31845e+05   -1.55208e+05    3.01330e+02   -1.18044e+03

           Step           Time
          60000       60.00000

   Energies (kJ/mol)
        LJ (SR)   Coulomb (SR)   Coul. recip.      Potential    Kinetic En.
    1.74843e+04   -1.79087e+05    5.84818e+02   -1.61018e+05    2.88875e+04
   Total Energy  Conserved En.    Temperature Pressure (bar)
   -1.32131e+05   -1.55202e+05    2.98370e+02   -8.70084e+02

           Step           Time
          61000       61.00000

   Energies (kJ/mol)
        LJ (SR)   Coulomb (SR)   Coul. recip.      Potential    Kinetic En.
    1.74313e+04   -1.79743e+05    5.35983e+02   -1.61775e+05    2.85066e+04
   Total Energy  Conserved En.    Temperature Pressure (bar)
   -1.33269e+05   -1.55244e+05    2.94435e+02   -1.06380e+03

           Step           Time
          62000       62.00000

   Energies (kJ/mol)
        LJ (SR)   Coulomb (SR)   Coul. recip.      Potential    Kinetic En.
    1.75089e+04   -1.79734e+05    5.79146e+02   -1.61646e+05    2.87878e+04
   Total Energy  Conserved En.    Temperature Pressure (bar)
   -1.32858e+05   -1.55248e+05    2.97340e+02   -1.01234e+03

           Step           Time
          63000       63.00000

   Energies (kJ/mol)
        LJ (SR)   Coulomb (SR)   Coul. recip.      Potential    Kinetic En.
    1.69978e+04   -1.78952e+05    5.74599e+02   -1.61380e+05    2.87469e+04
   Total Energy  Conserved En.    Temperature Pressure (bar)
   -1.32633e+05   -1.55262e+05    2.96918e+02   -1.23496e+03

           Step           Time
          64000       64.00000

   Energies (kJ/mol)
        LJ (SR)   Coulomb (SR)   Coul. recip.      Potential    Kinetic En.
    1.66204e+04   -1.78231e+05    5.66539e+02   -1.61044e+05    2.92047e+04
   Total Energy  Conserved En.    Temperature Pressure (bar)
   -1.31840e+05   -1.55247e+05    3.01646e+02   -1.37583e+03

           Step           Time
          65000       65.00000

   Energies (kJ/mol)
        LJ (SR)   Coulomb (SR)   Coul. recip.      Potential    Kinetic En.
    1.66069e+04   -1.78798e+05    5.58195e+02   -1.61632e+05    2.91115e+04
   Total Energy  Conserved En.    Temperature Pressure (bar)
   -1.32521e+05   -1.55248e+05    3.00684e+02   -1.39022e+03

           Step           Time
          66000       66.00000

   Energies (kJ/mol)
        LJ (SR)   Coulomb (SR)   Coul. recip.      Potential    Kinetic En.
    1.67724e+04   -1.78883e+05    5.96611e+02   -1.61514e+05    2.93539e+04
   Total Energy  Conserved En.    Temperature Pressure (bar)
   -1.32161e+05   -1.55234e+05    3.03187e+02   -1.33869e+03

           Step           Time
          67000       67.00000

   Energies (kJ/mol)
        LJ (SR)   Coulomb (SR)   Coul. recip.      Potential    Kinetic En.
    1.71725e+04   -1.78874e+05    5.79876e+02   -1.61122e+05    2.91801e+04
   Total Energy  Conserved En.    Temperature Pressure (bar)
   -1.31942e+05   -1.55253e+05    3.01392e+02   -1.04924e+03

           Step           Time
          68000       68.00000

   Energies (kJ/mol)
        LJ (SR)   Coulomb (SR)   Coul. recip.      Potential    Kinetic En.
    1.66540e+04   -1.78414e+05    5.72899e+02   -1.61187e+05    2.93172e+04
   Total Energy  Conserved En.    Temperature Pressure (bar)
   -1.31870e+05   -1.55245e+05    3.02808e+02   -1.31412e+03

           Step           Time
          69000       69.00000

   Energies (kJ/mol)
        LJ (SR)   Coulomb (SR)   Coul. recip.      Potential    Kinetic En.
    1.67704e+04   -1.78170e+05    5.19310e+02   -1.60880e+05    2.92893e+04
   Total Energy  Conserved En.    Temperature Pressure (bar)
   -1.31591e+05   -1.55245e+05    3.02520e+02   -1.25194e+03

           Step           Time
          70000       70.00000

   Energies (kJ/mol)
        LJ (SR)   Coulomb (SR)   Coul. recip.      Potential    Kinetic En.
    1.68187e+04   -1.78453e+05    5.60535e+02   -1.61074e+05    2.93295e+04
   Total Energy  Conserved En.    Temperature Pressure (bar)
   -1.31744e+05   -1.55209e+05    3.02935e+02   -1.12914e+03

           Step           Time
          71000       71.00000

   Energies (kJ/mol)
        LJ (SR)   Coulomb (SR)   Coul. recip.      Potential    Kinetic En.
    1.60679e+04   -1.77353e+05    5.69887e+02   -1.60715e+05    2.88820e+04
   Total Energy  Conserved En.    Temperature Pressure (bar)
   -1.31833e+05   -1.55223e+05    2.98313e+02   -1.58355e+03

           Step           Time
          72000       72.00000

   Energies (kJ/mol)
        LJ (SR)   Coulomb (SR)   Coul. recip.      Potential    Kinetic En.
    1.66920e+04   -1.78376e+05    5.53740e+02   -1.61131e+05    2.95129e+04
   Total Energy  Conserved En.    Temperature Pressure (bar)
   -1.31618e+05   -1.55230e+05    3.04829e+02   -1.30853e+03

           Step           Time
          73000       73.00000

   Energies (kJ/mol)
        LJ (SR)   Coulomb (SR)   Coul. recip.      Potential    Kinetic En.
    1.70244e+04   -1.78514e+05    5.52127e+02   -1.60937e+05    2.93525e+04
   Total Energy  Conserved En.    Temperature Pressure (bar)
   -1.31585e+05   -1.55194e+05    3.03173e+02   -1.09597e+03

           Step           Time
          74000       74.00000

   Energies (kJ/mol)
        LJ (SR)   Coulomb (SR)   Coul. recip.      Potential    Kinetic En.
    1.71188e+04   -1.78420e+05    5.76739e+02   -1.60724e+05    2.91879e+04
   Total Energy  Conserved En.    Temperature Pressure (bar)
   -1.31537e+05   -1.55200e+05    3.01472e+02   -1.05677e+03

Writing checkpoint, step 74200 at Tue Oct 11 02:13:52 2022


           Step           Time
          75000       75.00000

   Energies (kJ/mol)
        LJ (SR)   Coulomb (SR)   Coul. recip.      Potential    Kinetic En.
    1.65851e+04   -1.78120e+05    5.49510e+02   -1.60986e+05    2.90013e+04
   Total Energy  Conserved En.    Temperature Pressure (bar)
   -1.31984e+05   -1.55223e+05    2.99546e+02   -1.33382e+03

           Step           Time
          76000       76.00000

   Energies (kJ/mol)
        LJ (SR)   Coulomb (SR)   Coul. recip.      Potential    Kinetic En.
    1.67577e+04   -1.78144e+05    5.76591e+02   -1.60810e+05    2.87534e+04
   Total Energy  Conserved En.    Temperature Pressure (bar)
   -1.32057e+05   -1.55219e+05    2.96985e+02   -1.15981e+03

           Step           Time
          77000       77.00000

   Energies (kJ/mol)
        LJ (SR)   Coulomb (SR)   Coul. recip.      Potential    Kinetic En.
    1.69022e+04   -1.78783e+05    5.63797e+02   -1.61317e+05    2.91022e+04
   Total Energy  Conserved En.    Temperature Pressure (bar)
   -1.32215e+05   -1.55253e+05    3.00587e+02   -1.17258e+03

           Step           Time
          78000       78.00000

   Energies (kJ/mol)
        LJ (SR)   Coulomb (SR)   Coul. recip.      Potential    Kinetic En.
    1.75573e+04   -1.79069e+05    5.78879e+02   -1.60933e+05    2.88981e+04
   Total Energy  Conserved En.    Temperature Pressure (bar)
   -1.32035e+05   -1.55250e+05    2.98479e+02   -8.49321e+02

           Step           Time
          79000       79.00000

   Energies (kJ/mol)
        LJ (SR)   Coulomb (SR)   Coul. recip.      Potential    Kinetic En.
    1.79389e+04   -1.79396e+05    5.83971e+02   -1.60873e+05    2.91340e+04
   Total Energy  Conserved En.    Temperature Pressure (bar)
   -1.31739e+05   -1.55204e+05    3.00916e+02   -6.72253e+02

           Step           Time
          80000       80.00000

   Energies (kJ/mol)
        LJ (SR)   Coulomb (SR)   Coul. recip.      Potential    Kinetic En.
    1.70498e+04   -1.79121e+05    5.80023e+02   -1.61491e+05    2.93296e+04
   Total Energy  Conserved En.    Temperature Pressure (bar)
   -1.32162e+05   -1.55202e+05    3.02936e+02   -1.19739e+03

           Step           Time
          81000       81.00000

   Energies (kJ/mol)
        LJ (SR)   Coulomb (SR)   Coul. recip.      Potential    Kinetic En.
    1.75405e+04   -1.79919e+05    5.49714e+02   -1.61828e+05    2.81860e+04
   Total Energy  Conserved En.    Temperature Pressure (bar)
   -1.33642e+05   -1.55233e+05    2.91124e+02   -9.49531e+02

           Step           Time
          82000       82.00000

   Energies (kJ/mol)
        LJ (SR)   Coulomb (SR)   Coul. recip.      Potential    Kinetic En.
    1.68267e+04   -1.78422e+05    5.41619e+02   -1.61054e+05    2.89782e+04
   Total Energy  Conserved En.    Temperature Pressure (bar)
   -1.32075e+05   -1.55239e+05    2.99307e+02   -1.22532e+03

           Step           Time
          83000       83.00000

   Energies (kJ/mol)
        LJ (SR)   Coulomb (SR)   Coul. recip.      Potential    Kinetic En.
    1.70463e+04   -1.79181e+05    5.08100e+02   -1.61627e+05    2.90613e+04
   Total Energy  Conserved En.    Temperature Pressure (bar)
   -1.32565e+05   -1.55233e+05    3.00165e+02   -1.25391e+03

           Step           Time
          84000       84.00000

   Energies (kJ/mol)
        LJ (SR)   Coulomb (SR)   Coul. recip.      Potential    Kinetic En.
    1.69707e+04   -1.78372e+05    5.39917e+02   -1.60861e+05    2.92472e+04
   Total Energy  Conserved En.    Temperature Pressure (bar)
   -1.31614e+05   -1.55221e+05    3.02086e+02   -1.15793e+03

           Step           Time
          85000       85.00000

   Energies (kJ/mol)
        LJ (SR)   Coulomb (SR)   Coul. recip.      Potential    Kinetic En.
    1.71872e+04   -1.79002e+05    5.58593e+02   -1.61256e+05    2.91522e+04
   Total Energy  Conserved En.    Temperature Pressure (bar)
   -1.32104e+05   -1.55181e+05    3.01104e+02   -1.03514e+03

           Step           Time
          86000       86.00000

   Energies (kJ/mol)
        LJ (SR)   Coulomb (SR)   Coul. recip.      Potential    Kinetic En.
    1.77486e+04   -1.79040e+05    6.07575e+02   -1.60684e+05    2.88828e+04
   Total Energy  Conserved En.    Temperature Pressure (bar)
   -1.31801e+05   -1.55201e+05    2.98321e+02   -6.85848e+02

           Step           Time
          87000       87.00000

   Energies (kJ/mol)
        LJ (SR)   Coulomb (SR)   Coul. recip.      Potential    Kinetic En.
    1.71922e+04   -1.78976e+05    5.43270e+02   -1.61241e+05    2.93609e+04
   Total Energy  Conserved En.    Temperature Pressure (bar)
   -1.31880e+05   -1.55190e+05    3.03259e+02   -1.10740e+03

           Step           Time
          88000       88.00000

   Energies (kJ/mol)
        LJ (SR)   Coulomb (SR)   Coul. recip.      Potential    Kinetic En.
    1.67889e+04   -1.77840e+05    5.52588e+02   -1.60499e+05    2.88566e+04
   Total Energy  Conserved En.    Temperature Pressure (bar)
   -1.31642e+05   -1.55203e+05    2.98051e+02   -1.15642e+03

           Step           Time
          89000       89.00000

   Energies (kJ/mol)
        LJ (SR)   Coulomb (SR)   Coul. recip.      Potential    Kinetic En.
    1.68217e+04   -1.77990e+05    5.71923e+02   -1.60597e+05    2.90519e+04
   Total Energy  Conserved En.    Temperature Pressure (bar)
   -1.31545e+05   -1.55201e+05    3.00068e+02   -1.09850e+03

           Step           Time
          90000       90.00000

   Energies (kJ/mol)
        LJ (SR)   Coulomb (SR)   Coul. recip.      Potential    Kinetic En.
    1.74451e+04   -1.78895e+05    5.61321e+02   -1.60889e+05    2.94122e+04
   Total Energy  Conserved En.    Temperature Pressure (bar)
   -1.31477e+05   -1.55175e+05    3.03789e+02   -8.58659e+02

           Step           Time
          91000       91.00000

   Energies (kJ/mol)
        LJ (SR)   Coulomb (SR)   Coul. recip.      Potential    Kinetic En.
    1.64752e+04   -1.78162e+05    5.56234e+02   -1.61131e+05    2.92630e+04
   Total Energy  Conserved En.    Temperature Pressure (bar)
   -1.31868e+05   -1.55192e+05    3.02249e+02   -1.42259e+03

           Step           Time
          92000       92.00000

   Energies (kJ/mol)
        LJ (SR)   Coulomb (SR)   Coul. recip.      Potential    Kinetic En.
    1.72868e+04   -1.79269e+05    5.80660e+02   -1.61402e+05    2.93962e+04
   Total Energy  Conserved En.    Temperature Pressure (bar)
   -1.32005e+05   -1.55175e+05    3.03624e+02   -1.06893e+03

           Step           Time
          93000       93.00000

   Energies (kJ/mol)
        LJ (SR)   Coulomb (SR)   Coul. recip.      Potential    Kinetic En.
    1.73645e+04   -1.80066e+05    5.46173e+02   -1.62155e+05    2.88306e+04
   Total Energy  Conserved En.    Temperature Pressure (bar)
   -1.33325e+05   -1.55185e+05    2.97782e+02   -1.10462e+03

           Step           Time
          94000       94.00000

   Energies (kJ/mol)
        LJ (SR)   Coulomb (SR)   Coul. recip.      Potential    Kinetic En.
    1.68893e+04   -1.78296e+05    5.87106e+02   -1.60819e+05    2.89739e+04
   Total Energy  Conserved En.    Temperature Pressure (bar)
   -1.31845e+05   -1.55211e+05    2.99263e+02   -1.16978e+03

           Step           Time
          95000       95.00000

   Energies (kJ/mol)
        LJ (SR)   Coulomb (SR)   Coul. recip.      Potential    Kinetic En.
    1.68909e+04   -1.78407e+05    5.80463e+02   -1.60936e+05    2.87384e+04
   Total Energy  Conserved En.    Temperature Pressure (bar)
   -1.32197e+05   -1.55239e+05    2.96830e+02   -1.21912e+03

           Step           Time
          96000       96.00000

   Energies (kJ/mol)
        LJ (SR)   Coulomb (SR)   Coul. recip.      Potential    Kinetic En.
    1.71403e+04   -1.78975e+05    6.04551e+02   -1.61230e+05    2.90011e+04
   Total Energy  Conserved En.    Temperature Pressure (bar)
   -1.32229e+05   -1.55176e+05    2.99544e+02   -1.01615e+03

           Step           Time
          97000       97.00000

   Energies (kJ/mol)
        LJ (SR)   Coulomb (SR)   Coul. recip.      Potential    Kinetic En.
    1.67199e+04   -1.77711e+05    5.65363e+02   -1.60426e+05    2.85000e+04
   Total Energy  Conserved En.    Temperature Pressure (bar)
   -1.31925e+05   -1.55190e+05    2.94368e+02   -1.17952e+03

           Step           Time
          98000       98.00000

   Energies (kJ/mol)
        LJ (SR)   Coulomb (SR)   Coul. recip.      Potential    Kinetic En.
    1.69133e+04   -1.78526e+05    5.73992e+02   -1.61039e+05    2.94357e+04
   Total Energy  Conserved En.    Temperature Pressure (bar)
   -1.31603e+05   -1.55217e+05    3.04032e+02   -1.13171e+03

           Step           Time
          99000       99.00000

   Energies (kJ/mol)
        LJ (SR)   Coulomb (SR)   Coul. recip.      Potential    Kinetic En.
    1.67838e+04   -1.78200e+05    5.46917e+02   -1.60870e+05    2.92683e+04
   Total Energy  Conserved En.    Temperature Pressure (bar)
   -1.31601e+05   -1.55188e+05    3.02303e+02   -1.16250e+03

           Step           Time
         100000      100.00000

   Energies (kJ/mol)
        LJ (SR)   Coulomb (SR)   Coul. recip.      Potential    Kinetic En.
    1.64531e+04   -1.77978e+05    5.86742e+02   -1.60938e+05    2.92432e+04
   Total Energy  Conserved En.    Temperature Pressure (bar)
   -1.31695e+05   -1.55190e+05    3.02044e+02   -1.32822e+03

           Step           Time
         101000      101.00000

   Energies (kJ/mol)
        LJ (SR)   Coulomb (SR)   Coul. recip.      Potential    Kinetic En.
    1.76666e+04   -1.79560e+05    5.50460e+02   -1.61343e+05    2.88978e+04
   Total Energy  Conserved En.    Temperature Pressure (bar)
   -1.32445e+05   -1.55140e+05    2.98476e+02   -8.91696e+02

           Step           Time
         102000      102.00000

   Energies (kJ/mol)
        LJ (SR)   Coulomb (SR)   Coul. recip.      Potential    Kinetic En.
    1.72328e+04   -1.79551e+05    5.90350e+02   -1.61728e+05    2.89846e+04
   Total Energy  Conserved En.    Temperature Pressure (bar)
   -1.32743e+05   -1.55176e+05    2.99373e+02   -1.13591e+03

           Step           Time
         103000      103.00000

   Energies (kJ/mol)
        LJ (SR)   Coulomb (SR)   Coul. recip.      Potential    Kinetic En.
    1.76549e+04   -1.79489e+05    5.91212e+02   -1.61243e+05    2.87487e+04
   Total Energy  Conserved En.    Temperature Pressure (bar)
   -1.32495e+05   -1.55145e+05    2.96937e+02   -8.75446e+02

           Step           Time
         104000      104.00000

   Energies (kJ/mol)
        LJ (SR)   Coulomb (SR)   Coul. recip.      Potential    Kinetic En.
    1.75793e+04   -1.79889e+05    5.49877e+02   -1.61760e+05    2.89219e+04
   Total Energy  Conserved En.    Temperature Pressure (bar)
   -1.32838e+05   -1.55209e+05    2.98725e+02   -9.97988e+02

           Step           Time
         105000      105.00000

   Energies (kJ/mol)
        LJ (SR)   Coulomb (SR)   Coul. recip.      Potential    Kinetic En.
    1.67828e+04   -1.77938e+05    5.71763e+02   -1.60584e+05    2.88772e+04
   Total Energy  Conserved En.    Temperature Pressure (bar)
   -1.31706e+05   -1.55228e+05    2.98263e+02   -1.16859e+03

           Step           Time
         106000      106.00000

   Energies (kJ/mol)
        LJ (SR)   Coulomb (SR)   Coul. recip.      Potential    Kinetic En.
    1.69155e+04   -1.78772e+05    5.97397e+02   -1.61259e+05    2.95081e+04
   Total Energy  Conserved En.    Temperature Pressure (bar)
   -1.31751e+05   -1.55196e+05    3.04780e+02   -1.23355e+03

           Step           Time
         107000      107.00000

   Energies (kJ/mol)
        LJ (SR)   Coulomb (SR)   Coul. recip.      Potential    Kinetic En.
    1.64645e+04   -1.77684e+05    6.09824e+02   -1.60609e+05    2.92366e+04
   Total Energy  Conserved En.    Temperature Pressure (bar)
   -1.31373e+05   -1.55185e+05    3.01976e+02   -1.33768e+03

           Step           Time
         108000      108.00000

   Energies (kJ/mol)
        LJ (SR)   Coulomb (SR)   Coul. recip.      Potential    Kinetic En.
    1.61626e+04   -1.77220e+05    5.93270e+02   -1.60464e+05    2.90813e+04
   Total Energy  Conserved En.    Temperature Pressure (bar)
   -1.31383e+05   -1.55147e+05    3.00371e+02   -1.47453e+03

           Step           Time
         109000      109.00000

   Energies (kJ/mol)
        LJ (SR)   Coulomb (SR)   Coul. recip.      Potential    Kinetic En.
    1.69804e+04   -1.78659e+05    5.62271e+02   -1.61116e+05    2.90619e+04
   Total Energy  Conserved En.    Temperature Pressure (bar)
   -1.32054e+05   -1.55142e+05    3.00172e+02   -1.17750e+03

           Step           Time
         110000      110.00000

   Energies (kJ/mol)
        LJ (SR)   Coulomb (SR)   Coul. recip.      Potential    Kinetic En.
    1.68016e+04   -1.78893e+05    5.54084e+02   -1.61537e+05    2.86731e+04
   Total Energy  Conserved En.    Temperature Pressure (bar)
   -1.32864e+05   -1.55149e+05    2.96155e+02   -1.39156e+03

           Step           Time
         111000      111.00000

   Energies (kJ/mol)
        LJ (SR)   Coulomb (SR)   Coul. recip.      Potential    Kinetic En.
    1.67172e+04   -1.79455e+05    5.73390e+02   -1.62165e+05    2.89976e+04
   Total Energy  Conserved En.    Temperature Pressure (bar)
   -1.33167e+05   -1.55144e+05    2.99507e+02   -1.44163e+03

           Step           Time
         112000      112.00000

   Energies (kJ/mol)
        LJ (SR)   Coulomb (SR)   Coul. recip.      Potential    Kinetic En.
    1.70373e+04   -1.78943e+05    5.72349e+02   -1.61333e+05    2.90122e+04
   Total Energy  Conserved En.    Temperature Pressure (bar)
   -1.32321e+05   -1.55157e+05    2.99658e+02   -1.18794e+03

           Step           Time
         113000      113.00000

   Energies (kJ/mol)
        LJ (SR)   Coulomb (SR)   Coul. recip.      Potential    Kinetic En.
    1.67325e+04   -1.78458e+05    5.62076e+02   -1.61164e+05    2.94492e+04
   Total Energy  Conserved En.    Temperature Pressure (bar)
   -1.31715e+05   -1.55161e+05    3.04171e+02   -1.26624e+03

           Step           Time
         114000      114.00000

   Energies (kJ/mol)
        LJ (SR)   Coulomb (SR)   Coul. recip.      Potential    Kinetic En.
    1.68580e+04   -1.78936e+05    5.91500e+02   -1.61486e+05    2.84728e+04
   Total Energy  Conserved En.    Temperature Pressure (bar)
   -1.33014e+05   -1.55191e+05    2.94087e+02   -1.28650e+03

           Step           Time
         115000      115.00000

   Energies (kJ/mol)
        LJ (SR)   Coulomb (SR)   Coul. recip.      Potential    Kinetic En.
    1.63284e+04   -1.78204e+05    6.06124e+02   -1.61269e+05    2.89452e+04
   Total Energy  Conserved En.    Temperature Pressure (bar)
   -1.32324e+05   -1.55196e+05    2.98966e+02   -1.48636e+03

           Step           Time
         116000      116.00000

   Energies (kJ/mol)
        LJ (SR)   Coulomb (SR)   Coul. recip.      Potential    Kinetic En.
    1.69910e+04   -1.78498e+05    5.69551e+02   -1.60937e+05    2.92014e+04
   Total Energy  Conserved En.    Temperature Pressure (bar)
   -1.31736e+05   -1.55204e+05    3.01612e+02   -1.10199e+03

           Step           Time
         117000      117.00000

   Energies (kJ/mol)
        LJ (SR)   Coulomb (SR)   Coul. recip.      Potential    Kinetic En.
    1.75917e+04   -1.79231e+05    5.34559e+02   -1.61105e+05    2.91662e+04
   Total Energy  Conserved En.    Temperature Pressure (bar)
   -1.31939e+05   -1.55149e+05    3.01248e+02   -8.33667e+02

           Step           Time
         118000      118.00000

   Energies (kJ/mol)
        LJ (SR)   Coulomb (SR)   Coul. recip.      Potential    Kinetic En.
    1.68661e+04   -1.78863e+05    5.65314e+02   -1.61431e+05    2.90096e+04
   Total Energy  Conserved En.    Temperature Pressure (bar)
   -1.32422e+05   -1.55147e+05    2.99631e+02   -1.24636e+03

           Step           Time
         119000      119.00000

   Energies (kJ/mol)
        LJ (SR)   Coulomb (SR)   Coul. recip.      Potential    Kinetic En.
    1.74907e+04   -1.79964e+05    5.78063e+02   -1.61896e+05    2.91069e+04
   Total Energy  Conserved En.    Temperature Pressure (bar)
   -1.32789e+05   -1.55158e+05    3.00636e+02   -1.00945e+03

           Step           Time
         120000      120.00000

   Energies (kJ/mol)
        LJ (SR)   Coulomb (SR)   Coul. recip.      Potential    Kinetic En.
    1.75971e+04   -1.79979e+05    5.42683e+02   -1.61839e+05    2.88459e+04
   Total Energy  Conserved En.    Temperature Pressure (bar)
   -1.32994e+05   -1.55151e+05    2.97940e+02   -9.63628e+02

           Step           Time
         121000      121.00000

   Energies (kJ/mol)
        LJ (SR)   Coulomb (SR)   Coul. recip.      Potential    Kinetic En.
    1.68489e+04   -1.79163e+05    5.37711e+02   -1.61776e+05    2.91568e+04
   Total Energy  Conserved En.    Temperature Pressure (bar)
   -1.32620e+05   -1.55179e+05    3.01152e+02   -1.29882e+03

           Step           Time
         122000      122.00000

   Energies (kJ/mol)
        LJ (SR)   Coulomb (SR)   Coul. recip.      Potential    Kinetic En.
    1.61797e+04   -1.77142e+05    5.77796e+02   -1.60385e+05    2.87757e+04
   Total Energy  Conserved En.    Temperature Pressure (bar)
   -1.31609e+05   -1.55171e+05    2.97215e+02   -1.40795e+03

           Step           Time
         123000      123.00000

   Energies (kJ/mol)
        LJ (SR)   Coulomb (SR)   Coul. recip.      Potential    Kinetic En.
    1.73720e+04   -1.78795e+05    5.74565e+02   -1.60848e+05    2.89551e+04
   Total Energy  Conserved En.    Temperature Pressure (bar)
   -1.31893e+05   -1.55155e+05    2.99068e+02   -8.81616e+02

           Step           Time
         124000      124.00000

   Energies (kJ/mol)
        LJ (SR)   Coulomb (SR)   Coul. recip.      Potential    Kinetic En.
    1.75352e+04   -1.78781e+05    5.73433e+02   -1.60672e+05    2.92931e+04
   Total Energy  Conserved En.    Temperature Pressure (bar)
   -1.31379e+05   -1.55137e+05    3.02559e+02   -7.39680e+02

           Step           Time
         125000      125.00000

Writing checkpoint, step 125000 at Tue Oct 11 02:24:09 2022


   Energies (kJ/mol)
        LJ (SR)   Coulomb (SR)   Coul. recip.      Potential    Kinetic En.
    1.79218e+04   -1.79196e+05    5.80236e+02   -1.60694e+05    2.91466e+04
   Total Energy  Conserved En.    Temperature Pressure (bar)
   -1.31548e+05   -1.55079e+05    3.01046e+02   -5.75702e+02


	<======  ###############  ==>
	<====  A V E R A G E S  ====>
	<==  ###############  ======>

	Statistics over 125001 steps using 1251 frames

   Energies (kJ/mol)
        LJ (SR)   Coulomb (SR)   Coul. recip.      Potential    Kinetic En.
    1.70618e+04   -1.78792e+05    5.68893e+02   -1.61161e+05    2.90391e+04
   Total Energy  Conserved En.    Temperature Pressure (bar)
   -1.32122e+05   -1.55269e+05    2.99935e+02   -1.12721e+03

   Total Virial (kJ/mol)
    1.39480e+04    1.10409e+00    6.03064e+00
    9.88165e-01    1.39099e+04   -8.76300e+00
    5.28121e+00   -9.79400e+00    1.39091e+04

   Pressure (bar)
   -1.13324e+03   -7.00502e-01   -2.69387e+00
   -6.69703e-01   -1.12481e+03    1.26349e+00
   -2.49475e+00    1.53742e+00   -1.12358e+03


	M E G A - F L O P S   A C C O U N T I N G

 NB=Group-cutoff nonbonded kernels    NxN=N-by-N cluster Verlet kernels
 RF=Reaction-Field  VdW=Van der Waals  QSTab=quadratic-spline table
 W3=SPC/TIP3p  W4=TIP4p (single or pairs)
 V&F=Potential and force  V=Potential only  F=Force only

 Computing:                               M-Number         M-Flops  % Flops
-----------------------------------------------------------------------------
 Pair Search distance check            7578.572370       68207.151     0.1
 NxN Ewald Elec. + LJ [F]           1164560.612688    90835727.790    93.8
 NxN Ewald Elec. + LJ [V&F]           11772.640560     1518670.632     1.6
 NxN Ewald Elec. [F]                  15220.936368      928477.118     1.0
 NxN Ewald Elec. [V&F]                  153.872976       12925.330     0.0
 Calc Weights                          4364.659917      157127.757     0.2
 Spread Q Bspline                     93112.744896      186225.490     0.2
 Gather F Bspline                     93112.744896      558676.469     0.6
 3D-FFT                              299631.897036     2397055.176     2.5
 Solve PME                              220.501764       14112.113     0.0
 Shift-X                                 14.560389          87.362     0.0
 Virial                                  14.616684         263.100     0.0
 Stop-CM                                 14.572028         145.720     0.0
 Calc-Ekin                              145.510778        3928.791     0.0
 Constraint-V                          1453.148250       11625.186     0.0
 Constraint-Vir                          14.542875         349.029     0.0
 Settle                                 484.386625      156456.880     0.2
-----------------------------------------------------------------------------
 Total                                                96850061.096   100.0
-----------------------------------------------------------------------------


     R E A L   C Y C L E   A N D   T I M E   A C C O U N T I N G

On 1 MPI rank

 Computing:          Num   Num      Call    Wall time         Giga-Cycles
                     Ranks Threads  Count      (s)         total sum    %
-----------------------------------------------------------------------------
 Neighbor search        1    1       1251      23.903         69.155   1.6
 Force                  1    1     125001    1204.474       3484.765  79.3
 PME mesh               1    1     125001     263.151        761.343  17.3
 NB X/F buffer ops.     1    1     248751       7.031         20.343   0.5
 Write traj.            1    1         27       0.369          1.066   0.0
 Update                 1    1     125001       5.347         15.470   0.4
 Constraints            1    1     125003      12.470         36.077   0.8
 Rest                                           1.192          3.449   0.1
-----------------------------------------------------------------------------
 Total                                       1517.937       4391.668 100.0
-----------------------------------------------------------------------------
 Breakdown of PME mesh computation
-----------------------------------------------------------------------------
 PME spread             1    1     125001      81.750        236.518   5.4
 PME gather             1    1     125001      66.995        193.830   4.4
 PME 3D-FFT             1    1     250002     105.317        304.702   6.9
 PME solve Elec         1    1     125001       8.877         25.682   0.6
-----------------------------------------------------------------------------

               Core t (s)   Wall t (s)        (%)
       Time:     1517.937     1517.937      100.0
                 (ns/day)    (hour/ns)
Performance:        7.115        3.373
Finished mdrun on rank 0 Tue Oct 11 02:24:09 2022

